which: no R in (/usr/bin:/usr/bin:/usr/bin:/home/l/lmorrill/t1data/conda/rufus_env/envs/snakemake_scRNA/bin:/home/l/lmorrill/t1data/conda/rufus_env/condabin:/package/git/2.31.1/libexec/git-core:/package/git/2.31.1/bin:/package/environment-modules/4.5.1/bin:/usr/local/bin:/usr/bin:/usr/local/sbin:/usr/sbin:/home/l/lmorrill/.local/bin:/home/l/lmorrill/bin)
CBB Profiling started Wed Feb 22 15:14:09 2023
SLURM_JOB_ID		5004253
REQ_CPU_CORES		1
REQ_MEMORY_GB		10.000000
Starting profiling...

                                                                                
                                                                                
                                    CPU (cores)                                 
    1 +---------------------------------------------------------------------+   
      |                 +                +                 +                |   
      |                                                                     |   
      |                                                                     |   
      |                                                                     |   
  0.8 |-+                                                                 +-|   
      |                                                                     |   
      |                                                                     |   
      |                                                                     |   
  0.6 |-+                                                                 +-|   
      |                                                                     |   
      |                                                                     |   
      |                                                                     |   
      |                                                                     |   
  0.4 |-+                                                                 +-|   
      |                                                                     |   
      |                                                                     |   
      |                                                                     |   
  0.2 |-+                                                                 +-|   
      |                                                                     |   
      |                                                                     |   
      |                                                                     |   
      |                 +                +                 +                |   
    0 +---------------------------------------------------------------------+   
     -1               -0.5               0                0.5               1   
                                Job profiling step                              
                                                                                

                                                                                
                                                                                
                                   Memory (GB)                                  
  10 +----------------------------------------------------------------------+   
     |                 +                 +                +                 |   
   9 |-+                                                                  +-|   
     |                                                                      |   
     |                                                                      |   
   8 |-+                                                                  +-|   
     |                                                                      |   
   7 |-+                                                                  +-|   
     |                                                                      |   
   6 |-+                                                                  +-|   
     |                                                                      |   
   5 |-+                                                                  +-|   
     |                                                                      |   
     |                                                                      |   
   4 |-+                                                                  +-|   
     |                                                                      |   
   3 |-+                                                                  +-|   
     |                                                                      |   
   2 |-+                                                                  +-|   
     |                                                                      |   
     |                                                                      |   
   1 |-+                                                                  +-|   
     |                 +                 +                +                 |   
   0 +----------------------------------------------------------------------+   
    -1               -0.5                0               0.5                1   
                               Job profiling step                               
                                                                                

                                                                                
                                                                                
                                  Data read (GB)                                
    1 +---------------------------------------------------------------------+   
      |                 +                +                 +                |   
      |                                                                     |   
      |                                                                     |   
      |                                                                     |   
      |                                                                     |   
  0.5 |-+                                                                 +-|   
      |                                                                     |   
      |                                                                     |   
      |                                                                     |   
      |                                                                     |   
    0 |-+                                #                                +-|   
      |                                                                     |   
      |                                                                     |   
      |                                                                     |   
      |                                                                     |   
      |                                                                     |   
 -0.5 |-+                                                                 +-|   
      |                                                                     |   
      |                                                                     |   
      |                                                                     |   
      |                                                                     |   
      |                 +                +                 +                |   
   -1 +---------------------------------------------------------------------+   
     -1               -0.5               0                0.5               1   
                                Job profiling step                              
                                                                                

                                                                                
                                                                                
                                 Data written (GB)                              
    1 +---------------------------------------------------------------------+   
      |                 +                +                 +                |   
      |                                                                     |   
      |                                                                     |   
      |                                                                     |   
      |                                                                     |   
  0.5 |-+                                                                 +-|   
      |                                                                     |   
      |                                                                     |   
      |                                                                     |   
      |                                                                     |   
    0 |-+                                #                                +-|   
      |                                                                     |   
      |                                                                     |   
      |                                                                     |   
      |                                                                     |   
      |                                                                     |   
 -0.5 |-+                                                                 +-|   
      |                                                                     |   
      |                                                                     |   
      |                                                                     |   
      |                                                                     |   
      |                 +                +                 +                |   
   -1 +---------------------------------------------------------------------+   
     -1               -0.5               0                0.5               1   
                                Job profiling step                              
                                                                                
