Building DAG of jobs...
Using shell: /usr/bin/bash
Provided cores: 1 (use --cores to define parallelism)
Rules claiming more threads will be scaled down.
Provided resources: mem_mb=1000, mem_mib=954, disk_mb=1000, disk_mib=954
Select jobs to execute...

[Thu Mar  2 13:17:52 2023]
rule kallisto_alignment:
    input: ../data/lightning/about_files/about-condition-G4_rep1.txt
    output: /project/sims-lab/lmorrill/data/lightning/alignment/cellrangerOUT/dmel649ChrimsonV2/G4_rep1/counts_unfiltered/cells_x_genes.mtx
    log: logs/kallisto_count_G4_rep1
    jobid: 0
    reason: Missing output files: /project/sims-lab/lmorrill/data/lightning/alignment/cellrangerOUT/dmel649ChrimsonV2/G4_rep1/counts_unfiltered/cells_x_genes.mtx
    wildcards: sample=G4_rep1
    resources: mem_mb=1000, mem_mib=954, disk_mb=1000, disk_mib=954, tmpdir=/Filers/scratch/lmorrill/5017759

kb count /project/cncb/shared/proj002/backup/CELLRANGER_OUT/636200_17/636200_17_S23_L001_R1_001.fastq.gz /project/cncb/shared/proj002/backup/CELLRANGER_OUT/636200_17/636200_17_S23_L001_R2_001.fastq.gz /project/cncb/shared/proj002/backup/CELLRANGER_OUT/654654_17/654654_17_S11_L007_R1_001.fastq.gz /project/cncb/shared/proj002/backup/CELLRANGER_OUT/654654_17/654654_17_S11_L007_R2_001.fastq.gz /project/cncb/shared/proj002/backup/CELLRANGER_OUT/660727_17/660727_17_S12_L003_R1_001.fastq.gz /project/cncb/shared/proj002/backup/CELLRANGER_OUT/660727_17/660727_17_S12_L003_R2_001.fastq.gz /project/cncb/shared/proj002/backup/CELLRANGER_OUT/660728_17/660728_17_S40_L004_R1_001.fastq.gz /project/cncb/shared/proj002/backup/CELLRANGER_OUT/660728_17/660728_17_S40_L004_R2_001.fastq.gz /project/cncb/shared/proj002/backup/CELLRANGER_OUT/660729_17/660729_17_S48_L005_R1_001.fastq.gz /project/cncb/shared/proj002/backup/CELLRANGER_OUT/660729_17/660729_17_S48_L005_R2_001.fastq.gz /project/cncb/shared/proj002/backup/CELLRANGER_OUT/660730_17/660730_17_S4_L006_R1_001.fastq.gz /project/cncb/shared/proj002/backup/CELLRANGER_OUT/660730_17/660730_17_S4_L006_R2_001.fastq.gz /project/cncb/shared/proj002/backup/CELLRANGER_OUT/660731_17/660731_17_S20_L007_R1_001.fastq.gz /project/cncb/shared/proj002/backup/CELLRANGER_OUT/660731_17/660731_17_S20_L007_R2_001.fastq.gz /project/cncb/shared/proj002/backup/CELLRANGER_OUT/660732_17/660732_17_S30_L008_R1_001.fastq.gz /project/cncb/shared/proj002/backup/CELLRANGER_OUT/660732_17/660732_17_S30_L008_R2_001.fastq.gz  -o /project/sims-lab/lmorrill/data/lightning/alignment/cellrangerOUT/dmel649ChrimsonV2/G4_rep1 -i ~/projects/general/genomes_kallisto/dmel-all-r6.49_CORRECTED_Chrimson_KallistoINDEX -g ~/projects/general/genomes_kallisto/dmel-all-r6.49_CORRECTED_Chrimson_KallistoT2G -x 10XV3
/usr/bin/bash: kb: command not found
[Thu Mar  2 13:17:52 2023]
Error in rule kallisto_alignment:
    jobid: 0
    input: ../data/lightning/about_files/about-condition-G4_rep1.txt
    output: /project/sims-lab/lmorrill/data/lightning/alignment/cellrangerOUT/dmel649ChrimsonV2/G4_rep1/counts_unfiltered/cells_x_genes.mtx
    log: logs/kallisto_count_G4_rep1 (check log file(s) for error details)
    shell:
        kb count /project/cncb/shared/proj002/backup/CELLRANGER_OUT/636200_17/636200_17_S23_L001_R1_001.fastq.gz /project/cncb/shared/proj002/backup/CELLRANGER_OUT/636200_17/636200_17_S23_L001_R2_001.fastq.gz /project/cncb/shared/proj002/backup/CELLRANGER_OUT/654654_17/654654_17_S11_L007_R1_001.fastq.gz /project/cncb/shared/proj002/backup/CELLRANGER_OUT/654654_17/654654_17_S11_L007_R2_001.fastq.gz /project/cncb/shared/proj002/backup/CELLRANGER_OUT/660727_17/660727_17_S12_L003_R1_001.fastq.gz /project/cncb/shared/proj002/backup/CELLRANGER_OUT/660727_17/660727_17_S12_L003_R2_001.fastq.gz /project/cncb/shared/proj002/backup/CELLRANGER_OUT/660728_17/660728_17_S40_L004_R1_001.fastq.gz /project/cncb/shared/proj002/backup/CELLRANGER_OUT/660728_17/660728_17_S40_L004_R2_001.fastq.gz /project/cncb/shared/proj002/backup/CELLRANGER_OUT/660729_17/660729_17_S48_L005_R1_001.fastq.gz /project/cncb/shared/proj002/backup/CELLRANGER_OUT/660729_17/660729_17_S48_L005_R2_001.fastq.gz /project/cncb/shared/proj002/backup/CELLRANGER_OUT/660730_17/660730_17_S4_L006_R1_001.fastq.gz /project/cncb/shared/proj002/backup/CELLRANGER_OUT/660730_17/660730_17_S4_L006_R2_001.fastq.gz /project/cncb/shared/proj002/backup/CELLRANGER_OUT/660731_17/660731_17_S20_L007_R1_001.fastq.gz /project/cncb/shared/proj002/backup/CELLRANGER_OUT/660731_17/660731_17_S20_L007_R2_001.fastq.gz /project/cncb/shared/proj002/backup/CELLRANGER_OUT/660732_17/660732_17_S30_L008_R1_001.fastq.gz /project/cncb/shared/proj002/backup/CELLRANGER_OUT/660732_17/660732_17_S30_L008_R2_001.fastq.gz  -o /project/sims-lab/lmorrill/data/lightning/alignment/cellrangerOUT/dmel649ChrimsonV2/G4_rep1 -i ~/projects/general/genomes_kallisto/dmel-all-r6.49_CORRECTED_Chrimson_KallistoINDEX -g ~/projects/general/genomes_kallisto/dmel-all-r6.49_CORRECTED_Chrimson_KallistoT2G -x 10XV3
        (one of the commands exited with non-zero exit code; note that snakemake uses bash strict mode!)

Shutting down, this might take some time.
Exiting because a job execution failed. Look above for error message
Using cellranger
    sample                                              cells
0  G1_rep1  636200_14,654654_14,660727_14,660728_14,660729...
1  G1_rep2  636200_18,654654_18,660727_18,660728_18,660729...
2  G2_rep1  636200_15,654654_15,660727_15,660728_15,660729...
3  G2_rep2  636200_19,654654_19,660727_19,660728_19,660729...
4  G3_rep1  636200_16,654654_16,660727_16,660728_16,660729...
5  G3_rep2  636200_20,654654_20,660727_20,660728_20,660729...
6  G4_rep1  636200_17,654654_17,660727_17,660728_17,660729...
7  G4_rep2  636200_21,654654_21,660727_21,660728_21,660729...
CBB Profiling started Thu Mar  2 13:17:50 2023
SLURM_JOB_ID		5017759
REQ_CPU_CORES		1
REQ_MEMORY_GB		10.000000
Starting profiling...

                                                                                
                                                                                
                                    CPU (cores)                                 
    1 +---------------------------------------------------------------------+   
      |                 +                +                 +                |   
      |                                                                     |   
      |                                                                     |   
      |                                                                     |   
  0.8 |-+                                                                 +-|   
      |                                                                     |   
      |                                                                     |   
      |                                                                     |   
  0.6 |-+                                                                 +-|   
      |                                                                     |   
      |                                 ###                                 |   
      |                              ###   ###                              |   
      |                           ###         ###                           |   
  0.4 |-+                      ###               ###                      +-|   
      |                     ###                     ###                     |   
      |                  ###                           ###                  |   
      |                ##                                 ##                |   
  0.2 |-+           ###                                     ###           +-|   
      |          ###                                           ###          |   
      |       ###                                                 ###       |   
      |    ###                                                       ###    |   
      | ###             +                +                 +            ### |   
    0 +---------------------------------------------------------------------+   
      0                0.5               1                1.5               2   
                                Job profiling step                              
                                                                                

                                                                                
                                                                                
                                   Memory (GB)                                  
  10 +----------------------------------------------------------------------+   
     |                 +                 +                +                 |   
   9 |-+                                                                  +-|   
     |                                                                      |   
     |                                                                      |   
   8 |-+                                                                  +-|   
     |                                                                      |   
   7 |-+                                                                  +-|   
     |                                                                      |   
   6 |-+                                                                  +-|   
     |                                                                      |   
   5 |-+                                                                  +-|   
     |                                                                      |   
     |                                                                      |   
   4 |-+                                                                  +-|   
     |                                                                      |   
   3 |-+                                                                  +-|   
     |                                                                      |   
   2 |-+                                                                  +-|   
     |                                                                      |   
     |                                                                      |   
   1 |-+                                                                  +-|   
     |                 +                 +                +                 |   
   0 +----------------------------------------------------------------------+   
     0                0.5                1               1.5                2   
                               Job profiling step                               
                                                                                

                                                                                
                                                                                
                                  Data read (GB)                                
    1 +---------------------------------------------------------------------+   
      |                 +                +                 +                |   
      |                                                                     |   
      |                                                                     |   
      |                                                                     |   
      |                                                                     |   
  0.5 |-+                                                                 +-|   
      |                                                                     |   
      |                                                                     |   
      |                                                                     |   
      |                                                                     |   
    0 |#####################################################################|   
      |                                                                     |   
      |                                                                     |   
      |                                                                     |   
      |                                                                     |   
      |                                                                     |   
 -0.5 |-+                                                                 +-|   
      |                                                                     |   
      |                                                                     |   
      |                                                                     |   
      |                                                                     |   
      |                 +                +                 +                |   
   -1 +---------------------------------------------------------------------+   
      0                0.5               1                1.5               2   
                                Job profiling step                              
                                                                                

                                                                                
                                                                                
                                   Data written (GB)                            
  3.5e-05 +-----------------------------------------------------------------+   
          |                +               +                +           ### |   
          |                                                         ####    |   
    3e-05 |-+                                                    ###      +-|   
          |                                                   ###           |   
          |                                               ####              |   
          |                                            ###                  |   
  2.5e-05 |-+                                       ###                   +-|   
          |                                     ####                        |   
          |                                  ###                            |   
    2e-05 |-+                             ###                             +-|   
          |                             ##                                  |   
          |                          ###                                    |   
  1.5e-05 |-+                      ##                                     +-|   
          |                     ###                                         |   
          |                   ##                                            |   
    1e-05 |-+              ###                                            +-|   
          |             ###                                                 |   
          |           ##                                                    |   
          |        ###                                                      |   
    5e-06 |-+    ##                                                       +-|   
          |   ###                                                           |   
          | ##             +               +                +               |   
        0 +-----------------------------------------------------------------+   
          0               0.5              1               1.5              2   
                                  Job profiling step                            
                                                                                
