Building DAG of jobs...
Using shell: /usr/bin/bash
Provided cores: 1 (use --cores to define parallelism)
Rules claiming more threads will be scaled down.
Provided resources: mem_mb=1000, mem_mib=954, disk_mb=1000, disk_mib=954
Select jobs to execute...

[Mon Feb 27 14:09:16 2023]
rule kallisto_alignment:
    input: ../data/lightning/about_files/about-condition-G1_rep1.txt
    output: /project/sims-lab/lmorrill/data/lightning/alignment/KallistoOUT/dmel649Chrimson/G1_rep1
    log: logs/kallisto_count_G1_rep1
    jobid: 0
    reason: Missing output files: /project/sims-lab/lmorrill/data/lightning/alignment/KallistoOUT/dmel649Chrimson/G1_rep1
    wildcards: sample=G1_rep1
    resources: mem_mb=1000, mem_mib=954, disk_mb=1000, disk_mib=954, tmpdir=/Filers/scratch/lmorrill/5009210

kb count -fastqs /project/cncb/shared/proj002/backup/CELLRANGER_OUT/636200_14 /project/cncb/shared/proj002/backup/CELLRANGER_OUT/654654_14 /project/cncb/shared/proj002/backup/CELLRANGER_OUT/660727_14 /project/cncb/shared/proj002/backup/CELLRANGER_OUT/660728_14 /project/cncb/shared/proj002/backup/CELLRANGER_OUT/660729_14 /project/cncb/shared/proj002/backup/CELLRANGER_OUT/660730_14 /project/cncb/shared/proj002/backup/CELLRANGER_OUT/660731_14 /project/cncb/shared/proj002/backup/CELLRANGER_OUT/660732_14  -o /project/sims-lab/lmorrill/data/lightning/alignment/KallistoOUT/dmel649Chrimson/G1_rep1 -i ~/projects/general/genomes_kallisto/dmel-all-r6.49_CORRECTED_Chrimson_KallistoINDEX -g ~/projects/general/genomes_kallisto/dmel-all-r6.49_CORRECTED_Chrimson_KallistoT2G
usage: kb count [-h] [--tmp TMP] [--keep-tmp] [--verbose] -i INDEX -g T2G -x
                TECHNOLOGY [-o OUT] [-w WHITELIST] [-t THREADS] [-m MEMORY]
                [--strand {unstranded,forward,reverse}]
                [--workflow {standard,lamanno,nucleus,kite,kite:10xFB}] [--em]
                [--umi-gene] [--mm | --tcc] [--filter [{bustools}]]
                [--filter-threshold THRESH] [-c1 T2C] [-c2 T2C] [--overwrite]
                [--dry-run] [--loom | --h5ad] [--cellranger] [--gene-names]
                [--report] [--kallisto KALLISTO] [--bustools BUSTOOLS]
                [--parity {single,paired}] [--fragment-l L] [--fragment-s S]
                fastqs [fastqs ...]
kb count: error: the following arguments are required: -x
[Mon Feb 27 14:09:17 2023]
Error in rule kallisto_alignment:
    jobid: 0
    input: ../data/lightning/about_files/about-condition-G1_rep1.txt
    output: /project/sims-lab/lmorrill/data/lightning/alignment/KallistoOUT/dmel649Chrimson/G1_rep1
    log: logs/kallisto_count_G1_rep1 (check log file(s) for error details)
    shell:
        kb count -fastqs /project/cncb/shared/proj002/backup/CELLRANGER_OUT/636200_14 /project/cncb/shared/proj002/backup/CELLRANGER_OUT/654654_14 /project/cncb/shared/proj002/backup/CELLRANGER_OUT/660727_14 /project/cncb/shared/proj002/backup/CELLRANGER_OUT/660728_14 /project/cncb/shared/proj002/backup/CELLRANGER_OUT/660729_14 /project/cncb/shared/proj002/backup/CELLRANGER_OUT/660730_14 /project/cncb/shared/proj002/backup/CELLRANGER_OUT/660731_14 /project/cncb/shared/proj002/backup/CELLRANGER_OUT/660732_14  -o /project/sims-lab/lmorrill/data/lightning/alignment/KallistoOUT/dmel649Chrimson/G1_rep1 -i ~/projects/general/genomes_kallisto/dmel-all-r6.49_CORRECTED_Chrimson_KallistoINDEX -g ~/projects/general/genomes_kallisto/dmel-all-r6.49_CORRECTED_Chrimson_KallistoT2G
        (one of the commands exited with non-zero exit code; note that snakemake uses bash strict mode!)

Shutting down, this might take some time.
Exiting because a job execution failed. Look above for error message
Using Kallisto
    sample                                              cells
0  G1_rep1  636200_14,654654_14,660727_14,660728_14,660729...
1  G1_rep2  636200_18,654654_18,660727_18,660728_18,660729...
2  G2_rep1  636200_15,654654_15,660727_15,660728_15,660729...
3  G2_rep2  636200_19,654654_19,660727_19,660728_19,660729...
4  G3_rep1  636200_16,654654_16,660727_16,660728_16,660729...
5  G3_rep2  636200_20,654654_20,660727_20,660728_20,660729...
6  G4_rep1  636200_17,654654_17,660727_17,660728_17,660729...
7  G4_rep2  636200_21,654654_21,660727_21,660728_21,660729...
CBB Profiling started Mon Feb 27 14:09:14 2023
SLURM_JOB_ID		5009210
REQ_CPU_CORES		1
REQ_MEMORY_GB		10.000000
Starting profiling...

                                                                                
                                                                                
                                    CPU (cores)                                 
  1.2 +---------------------------------------------------------------------+   
      |           +          +           +           +          +           |   
      |                                                                     |   
      |                                             ##                      |   
    1 |******************************************###**##********************|   
      |                                        ##       ##                  |   
      |                                     ###           #                 |   
      |                                  ###               ##               |   
  0.8 |-+                              ##                    ##           +-|   
      |                             ###                        #            |   
      |                          ###                            ##          |   
  0.6 |-+                      ##                                 #       +-|   
      |                     ###                                    ##       |   
      |                   ##                                         ##     |   
      |                 ##                                             #    |   
  0.4 |-+             ##                                                ##+-|   
      |             ##                                                    ##|   
      |           ##                                                        |   
      |         ##                                                          |   
  0.2 |-+     ##                                                          +-|   
      |     ##                                                              |   
      |   ##                                                                |   
      | ##        +          +           +           +          +           |   
    0 +---------------------------------------------------------------------+   
      0          0.5         1          1.5          2         2.5          3   
                                Job profiling step                              
                                                                                

                                                                                
                                                                                
                                   Memory (GB)                                  
  10 +----------------------------------------------------------------------+   
     |           +           +           +          +           +           |   
   9 |-+                                                                  +-|   
     |                                                                      |   
     |                                                                      |   
   8 |-+                                                                  +-|   
     |                                                                      |   
   7 |-+                                                                  +-|   
     |                                                                      |   
   6 |-+                                                                  +-|   
     |                                                                      |   
   5 |-+                                                                  +-|   
     |                                                                      |   
     |                                                                      |   
   4 |-+                                                                  +-|   
     |                                                                      |   
   3 |-+                                                                  +-|   
     |                                                                      |   
   2 |-+                                                                  +-|   
     |                                                                      |   
     |                                                                      |   
   1 |-+                                                                  +-|   
     |           +           +           +          +           +           |   
   0 +----------------------------------------------------------------------+   
     0          0.5          1          1.5         2          2.5          3   
                               Job profiling step                               
                                                                                

                                                                                
                                                                                
                                    Data read (GB)                              
    4e-06 +-----------------------------------------------------------------+   
          |          +          ############################################|   
          |                    #                                            |   
  3.5e-06 |-+                 #                                           +-|   
          |                  #                                              |   
          |                 #                                               |   
    3e-06 |-+              #                                              +-|   
          |               #                                                 |   
          |              #                                                  |   
  2.5e-06 |-+           #                                                 +-|   
          |            #                                                    |   
    2e-06 |-+         #                                                   +-|   
          |          #                                                      |   
          |         #                                                       |   
  1.5e-06 |-+      #                                                      +-|   
          |       #                                                         |   
          |      #                                                          |   
    1e-06 |-+   #                                                         +-|   
          |    #                                                            |   
          |   #                                                             |   
    5e-07 |-+#                                                            +-|   
          | #                                                               |   
          |#         +          +          +          +          +          |   
        0 +-----------------------------------------------------------------+   
          0         0.5         1         1.5         2         2.5         3   
                                  Job profiling step                            
                                                                                

                                                                                
                                                                                
                                  Data written (GB)                             
  7e-05 +-------------------------------------------------------------------+   
        |          +           +          +          +           +          |   
        |                                                                 ##|   
  6e-05 |-+                                                           ####+-|   
        |                                                        #####      |   
        |                                                   #####           |   
        |                                               ####                |   
  5e-05 |-+                                         ####                  +-|   
        |                                        ###                        |   
        |                                     ###                           |   
  4e-05 |-+                               ####                            +-|   
        |                              ###                                  |   
        |                           ###                                     |   
  3e-05 |-+                      ###                                      +-|   
        |                     ###                                           |   
        |                   ##                                              |   
  2e-05 |-+              ###                                              +-|   
        |              ##                                                   |   
        |           ###                                                     |   
        |        ###                                                        |   
  1e-05 |-+    ##                                                         +-|   
        |   ###                                                             |   
        | ##       +           +          +          +           +          |   
      0 +-------------------------------------------------------------------+   
        0         0.5          1         1.5         2          2.5         3   
                                 Job profiling step                             
                                                                                
