Building DAG of jobs...
Using shell: /usr/bin/bash
Provided cores: 8
Rules claiming more threads will be scaled down.
Provided resources: mem_mb=4443, mem_mib=4238, disk_mb=4443, disk_mib=4238
Select jobs to execute...

[Thu May  4 17:19:18 2023]
rule fastqscreen:
    input: /project/cncb/imorgan/1_fastq/FASTQ/973017_TY38_S12_L002_R2_001.fastq.gz
    output: /project/sims-lab/lmorrill/data/lightning/fastQCScreen/973017_TY38_S12_L002_R2_001_screen.html
    jobid: 0
    reason: Missing output files: /project/sims-lab/lmorrill/data/lightning/fastQCScreen/973017_TY38_S12_L002_R2_001_screen.html
    wildcards: fastq_file=973017_TY38_S12_L002_R2_001
    resources: mem_mb=4443, mem_mib=4238, disk_mb=4443, disk_mib=4238, tmpdir=/var/scratch/lmorrill/5146888

module add bowtie2; /home/l/lmorrill/t1data/conda/rufus_env/envs/bioinformatics_software/bin/fastq_screen  --force --aligner 'bowtie2' --conf fastq_screen.conf /project/cncb/imorgan/1_fastq/FASTQ/973017_TY38_S12_L002_R2_001.fastq.gz --filter 333------------ --tag --outdir /project/sims-lab/lmorrill/data/lightning/fastQCScreen/
Using fastq_screen v0.15.3
Reading configuration from 'fastq_screen.conf'
Using 'bowtie2' as Bowtie 2 path
Adding database Human
Adding database Mouse
Adding database Rat
Adding database Drosophila
Adding database Worm
Adding database Yeast
Adding database Arabidopsis
Adding database Ecoli
Adding database rRNA
Adding database MT
Adding database PhiX
Adding database Lambda
Adding database Vectors
Adding database Adapters
Adding database Salmonella
Using 7 threads for searches
Option --subset set to 0: processing all reads in FASTQ files
Processing 973017_TY38_S12_L002_R2_001.fastq.gz
Not making data subset
Searching 973017_TY38_S12_L002_R2_001.fastq.gz_temp_subset.fastq against Human
Searching 973017_TY38_S12_L002_R2_001.fastq.gz_temp_subset.fastq against Mouse
Searching 973017_TY38_S12_L002_R2_001.fastq.gz_temp_subset.fastq against Rat
Searching 973017_TY38_S12_L002_R2_001.fastq.gz_temp_subset.fastq against Drosophila
Searching 973017_TY38_S12_L002_R2_001.fastq.gz_temp_subset.fastq against Worm
Searching 973017_TY38_S12_L002_R2_001.fastq.gz_temp_subset.fastq against Yeast
slurmstepd: error: *** JOB 5146888 ON cbrgbigmem01p CANCELLED AT 2023-05-04T18:49:05 DUE TO TIME LIMIT ***
CBB Profiling started Thu May  4 17:18:47 2023
SLURM_JOB_ID		5146888
REQ_CPU_CORES		8
REQ_MEMORY_GB		80.000000
Starting profiling...

                                                                                
                                                                                
                                   CPU (cores)                                  
  8 +-----------------------------------------------------------------------+   
    |           +           +           +           +           +           |   
    |                                             ##                        |   
  7 |-+  ##############  ############  #################     ######       +-|   
    |   ##            # ##          # ##        #      #######              |   
    |  ##             ###           ###         #      ##    #              |   
  6 |-+#              ##            ##          #      ##    #            +-|   
    |  #              ##            ##          #      #     #              |   
    |  #              ##            ##          #      #     #              |   
  5 |-+#              ##            #           #      #     #            +-|   
    |  #              ##            #           #      #     #              |   
  4 |-+#              ##            #           #      #     #            +-|   
    |  #              ##            #           #      #     #              |   
    |  #              ##            #           #      #     #              |   
  3 |-+#              ##            #           #      #     #            +-|   
    |  #              ##            #           #      #     #              |   
    |  #              ##            #           #      #     #              |   
  2 |-+#              ##            #           #      #     #            +-|   
    |  #              ##            #           #      #     #              |   
    |###              ##            #           #      #     #              |   
  1 |###              ##            #           #      #     #            +-|   
    |###              ##            #           #            #              |   
    |##         +     ##    +       #   +       #   +        #  +           |   
  0 +-----------------------------------------------------------------------+   
    0          500         1000        1500        2000        2500        3000 
                               Job profiling step                               
                                                                                

                                                                                
                                                                                
                                   Memory (GB)                                  
  80 +----------------------------------------------------------------------+   
     |           +           +           +          +           +           |   
     |                                                                      |   
  70 |-+                                                                  +-|   
     |                                                                      |   
     |                                                                      |   
  60 |-+                                                                  +-|   
     |                                                                      |   
     |                                                                      |   
  50 |-+                                                                  +-|   
     |                                                                      |   
  40 |-+                                                                  +-|   
     |                                                                      |   
     |                                                                      |   
  30 |-+                                                                  +-|   
     |                                                                      |   
     |                                                                      |   
  20 |-+                                                                  +-|   
     |                                                                      |   
     |                                                                      |   
  10 |-+                                                                  +-|   
     |                                                                      |   
     | ##########################################   +           +           |   
   0 +----------------------------------------------------------------------+   
     0          500         1000        1500       2000        2500        3000 
                               Job profiling step                               
                                                                                

                                                                                
                                                                                
                                 Data read (GB)                                 
  12 +----------------------------------------------------------------------+   
     |           +           +       ############   +           +           |   
     |                               #                                      |   
     |                               #                                      |   
  10 |-+                             #                                    +-|   
     |                               #                                      |   
     |                 ###############                                      |   
     |                 #            ##                                      |   
   8 |-+               #            ##                                    +-|   
     |                 #            ##                                      |   
     |                 #            #                                       |   
   6 |-+               #            #                                     +-|   
     |  ################            #                                       |   
     |  #                                                                   |   
     |  #                                                                   |   
   4 |-##                                                                 +-|   
     | #                                                                    |   
     | #                                                                    |   
     | #                                                                    |   
   2 |##                                                                  +-|   
     |#                                                                     |   
     |#                                                                     |   
     |#          +           +           +          +           +           |   
   0 +----------------------------------------------------------------------+   
     0          500         1000        1500       2000        2500        3000 
                               Job profiling step                               
                                                                                

                                                                                
                                                                                
                                Data written (GB)                               
  16 +----------------------------------------------------------------------+   
     |           +           +           +          +           +           |   
     |         #####################################################        |   
  14 |-#########                                                          +-|   
     | #                                                                    |   
     | #                                                                    |   
  12 |-#                                                                  +-|   
     | #                                                                    |   
     | #                                                                    |   
  10 |-#                                                                  +-|   
     | #                                                                    |   
   8 |-#                                                                  +-|   
     | #                                                                    |   
     | #                                                                    |   
   6 |-#                                                                  +-|   
     | #                                                                    |   
     | #                                                                    |   
   4 |-#                                                                  +-|   
     | #                                                                    |   
     | #                                                                    |   
   2 |##                                                                  +-|   
     |#                                                                     |   
     |#          +           +           +          +           +           |   
   0 +----------------------------------------------------------------------+   
     0          500         1000        1500       2000        2500        3000 
                               Job profiling step                               
                                                                                
