Building DAG of jobs...
Using shell: /usr/bin/bash
Provided cores: 7
Rules claiming more threads will be scaled down.
Provided resources: mem_mb=5119, mem_mib=4882, disk_mb=5119, disk_mib=4882
Select jobs to execute...

[Fri May  5 21:57:13 2023]
rule fastqscreen:
    input: /project/cncb/imorgan/1_fastq/FASTQ/973017_TY37_S11_L002_R2_001.fastq.gz
    output: /project/sims-lab/lmorrill/data/lightning/fastQCScreen/973017_TY37_S11_L002_R2_001_screen.html
    jobid: 0
    reason: Missing output files: /project/sims-lab/lmorrill/data/lightning/fastQCScreen/973017_TY37_S11_L002_R2_001_screen.html
    wildcards: fastq_file=973017_TY37_S11_L002_R2_001
    resources: mem_mb=5119, mem_mib=4882, disk_mb=5119, disk_mib=4882, tmpdir=/var/scratch/lmorrill/5147761

module add bowtie2; /home/l/lmorrill/t1data/conda/rufus_env/envs/bioinformatics_software/bin/fastq_screen  --force --aligner 'bowtie2' --conf fastq_screen.conf /project/cncb/imorgan/1_fastq/FASTQ/973017_TY37_S11_L002_R2_001.fastq.gz --filter 333------------ --tag --outdir /project/sims-lab/lmorrill/data/lightning/fastQCScreen/
Using fastq_screen v0.15.3
Reading configuration from 'fastq_screen.conf'
Using 'bowtie2' as Bowtie 2 path
Adding database Human
Adding database Mouse
Adding database Rat
Adding database Drosophila
Adding database Worm
Adding database Yeast
Adding database Arabidopsis
Adding database Ecoli
Adding database rRNA
Adding database MT
Adding database PhiX
Adding database Lambda
Adding database Vectors
Adding database Adapters
Adding database Salmonella
Using 7 threads for searches
Option --subset set to 0: processing all reads in FASTQ files
Processing 973017_TY37_S11_L002_R2_001.fastq.gz
Not making data subset
Searching 973017_TY37_S11_L002_R2_001.fastq.gz_temp_subset.fastq against Human
Searching 973017_TY37_S11_L002_R2_001.fastq.gz_temp_subset.fastq against Mouse
Searching 973017_TY37_S11_L002_R2_001.fastq.gz_temp_subset.fastq against Rat
Searching 973017_TY37_S11_L002_R2_001.fastq.gz_temp_subset.fastq against Drosophila
Searching 973017_TY37_S11_L002_R2_001.fastq.gz_temp_subset.fastq against Worm
Searching 973017_TY37_S11_L002_R2_001.fastq.gz_temp_subset.fastq against Yeast
Searching 973017_TY37_S11_L002_R2_001.fastq.gz_temp_subset.fastq against Arabidopsis
Searching 973017_TY37_S11_L002_R2_001.fastq.gz_temp_subset.fastq against Ecoli
Searching 973017_TY37_S11_L002_R2_001.fastq.gz_temp_subset.fastq against rRNA
Searching 973017_TY37_S11_L002_R2_001.fastq.gz_temp_subset.fastq against MT
Searching 973017_TY37_S11_L002_R2_001.fastq.gz_temp_subset.fastq against PhiX
Searching 973017_TY37_S11_L002_R2_001.fastq.gz_temp_subset.fastq against Lambda
Searching 973017_TY37_S11_L002_R2_001.fastq.gz_temp_subset.fastq against Vectors
Searching 973017_TY37_S11_L002_R2_001.fastq.gz_temp_subset.fastq against Adapters
Searching 973017_TY37_S11_L002_R2_001.fastq.gz_temp_subset.fastq against Salmonella
Filtering 973017_TY37_S11_L002_R2_001.tagged.fastq.gz
Filtering files with filter '333------------'
Filtering 973017_TY37_S11_L002_R2_001.tagged.fastq.gz
Processing complete
[Sat May  6 00:50:24 2023]
Finished job 0.
1 of 1 steps (100%) done
Using cellranger
    sample                                              cells
0  G1_rep1  636200_14,654654_14,660727_14,660728_14,660729...
1  G1_rep2  636200_18,654654_18,660727_18,660728_18,660729...
2  G2_rep1  636200_15,654654_15,660727_15,660728_15,660729...
3  G2_rep2  636200_19,654654_19,660727_19,660728_19,660729...
4  G3_rep1  636200_16,654654_16,660727_16,660728_16,660729...
5  G3_rep2  636200_20,654654_20,660727_20,660728_20,660729...
6  G4_rep1  636200_17,654654_17,660727_17,660728_17,660729...
7  G4_rep2  636200_21,654654_21,660727_21,660728_21,660729...
['973017_TY33_S7_L002_I1_001', '973017_TY33_S7_L002_R2_001', '973017_TY40_S14_L002_R2_001', '973017_TY38_S12_L002_R2_001', '973017_TY34_S8_L002_R2_001', '973017_TY39_S13_L002_R1_001', '973017_TY39_S13_L002_I1_001', '973017_TY33_S7_L002_I2_001', '973017_TY36_S10_L002_R1_001', '973017_TY36_S10_L002_I1_001', '973017_TY40_S14_L002_I2_001', '973017_TY39_S13_L002_R2_001', '973017_TY33_S7_L002_R1_001', '973017_TY34_S8_L002_I1_001', '973017_TY38_S12_L002_I2_001', '973017_TY35_S9_L002_I1_001', '973017_TY35_S9_L002_R2_001', '973017_TY35_S9_L002_R1_001', '973017_TY39_S13_L002_I2_001', '973017_TY34_S8_L002_I2_001', '973017_TY40_S14_L002_R1_001', '973017_TY37_S11_L002_R2_001', '973017_TY35_S9_L002_I2_001', '973017_TY38_S12_L002_R1_001', '973017_TY40_S14_L002_I1_001', '973017_TY38_S12_L002_I1_001', '973017_TY37_S11_L002_I1_001', '973017_TY36_S10_L002_R2_001', '973017_TY37_S11_L002_R1_001', '973017_TY36_S10_L002_I2_001', '973017_TY37_S11_L002_I2_001', '973017_TY34_S8_L002_R1_001']
CBB Profiling started Fri May  5 21:56:43 2023
SLURM_JOB_ID		5147761
REQ_CPU_CORES		7
REQ_MEMORY_GB		70.000000
Starting profiling...

                                                                                
                                                                                
                                   CPU (cores)                                  
  7 +-----------------------------------------------------------------------+   
    | ###     # ##    # ####+########   ###############         +           |   
    | #       ##      ###    #   # #    ##  ###########                     |   
  6 |-#       ##      ##     #   # #    ##  ###########                   +-|   
    | #       ##      ##     #   # #    ##  # # #######                     |   
    | #       ##      ##     #   # #    ##  # # ##### #                     |   
    | #       ##      ##     #   # #    ##  #   ##### #                     |   
  5 |-#       ##      #      #   #       #  #   ##### #                   +-|   
    | #       ##      #      #   #       #  #    # ## #                     |   
    | #       ##      #      #   #       #  #    #  # #                     |   
  4 |-#       ##      #          #       #  #    #  # #                   +-|   
    | #        #      #          #       #  #    #    #                     |   
    | #        #      #          #       #  #    #    #                     |   
  3 |-#        #      #          #       #  #    #    #                   +-|   
    |#         #      #          #       #  #    #    #                     |   
    |#         #      #          #               #    #                     |   
  2 |#+        #      #          #               #    #                   +-|   
    |#         #      #          #               #    #                     |   
    |#         #      #          #               #    #        ###          |   
    |#         #      #          #               #    #  ####### #          |   
  1 |#+        #      #          #                    #  #       #        +-|   
    |#         #      #          #                    #  #       #          |   
    |          #+     #     +    #      +           + # ##      +#          |   
  0 +-----------------------------------------------------------------------+   
    0          500         1000        1500        2000        2500        3000 
                               Job profiling step                               
                                                                                

                                                                                
                                                                                
                                   Memory (GB)                                  
  70 +----------------------------------------------------------------------+   
     |           +           +           +          +           +           |   
     |                                                                      |   
  60 |-+                                                                  +-|   
     |                                                                      |   
     |                                                                      |   
     |                                                                      |   
  50 |-+                                                                  +-|   
     |                                                                      |   
     |                                                                      |   
  40 |-+                                                                  +-|   
     |                                                                      |   
     |                                                                      |   
  30 |-+                                                                  +-|   
     |                                                                      |   
     |                                                                      |   
  20 |-+                                                                  +-|   
     |                                                                      |   
     |                                                                      |   
     |                                                                      |   
  10 |-+                                                                  +-|   
     |                                                                      |   
     |#########################          +          +  ###########          |   
   0 +----------------------------------------------------------------------+   
     0          500         1000        1500       2000        2500        3000 
                               Job profiling step                               
                                                                                

                                                                                
                                                                                
                                 Data read (GB)                                 
  18 +----------------------------------------------------------------------+   
     |           +           +           +          +           +           |   
     |                                                           #          |   
  16 |-+                                 #########################        +-|   
     |                 ###################                                  |   
  14 |-+               #                                                  +-|   
     |                 #                                                    |   
     |                 #                                                    |   
  12 |-+       #########                                                  +-|   
     |         #                                                            |   
  10 |-+       #                                                          +-|   
     |         #                                                            |   
     |      ####                                                            |   
   8 |-+  ###                                                             +-|   
     | ####                                                                 |   
   6 |##                                                                  +-|   
     |#                                                                     |   
     |#                                                                     |   
   4 |#+                                                                  +-|   
     |#                                                                     |   
   2 |#+                                                                  +-|   
     |#                                                                     |   
     |           +           +           +          +           +           |   
   0 +----------------------------------------------------------------------+   
     0          500         1000        1500       2000        2500        3000 
                               Job profiling step                               
                                                                                

                                                                                
                                                                                
                                Data written (GB)                               
  20 +----------------------------------------------------------------------+   
     |           +           +           +          +           +           |   
  18 |-+                                                       ###        +-|   
     |                                                       ###            |   
     |                                                    ####              |   
  16 |#####################################################               +-|   
     |#                                                                     |   
  14 |#+                                                                  +-|   
     |#                                                                     |   
  12 |#+                                                                  +-|   
     |#                                                                     |   
  10 |#+                                                                  +-|   
     |#                                                                     |   
     |#                                                                     |   
   8 |#+                                                                  +-|   
     |#                                                                     |   
   6 |#+                                                                  +-|   
     |#                                                                     |   
   4 |#+                                                                  +-|   
     |#                                                                     |   
     |#                                                                     |   
   2 |#+                                                                  +-|   
     |#          +           +           +          +           +           |   
   0 +----------------------------------------------------------------------+   
     0          500         1000        1500       2000        2500        3000 
                               Job profiling step                               
                                                                                
