Building DAG of jobs...
Using shell: /usr/bin/bash
Provided cores: 1 (use --cores to define parallelism)
Rules claiming more threads will be scaled down.
Provided resources: mem_mb=1000, mem_mib=954, disk_mb=1000, disk_mib=954
Select jobs to execute...

[Thu Mar  2 13:45:45 2023]
rule cellranger_count:
    input: ../data/lightning/about_files/about-condition-G3_rep2.txt
    output: /project/sims-lab/lmorrill/data/lightning/alignment/cellrangerOUT/dmel649ChrimsonV2/G3_rep2/G3_rep2/outs/filtered_feature_bc_matrix/features.tsv.gz
    log: logs/cellranger_count_G3_rep2
    jobid: 0
    reason: Missing output files: /project/sims-lab/lmorrill/data/lightning/alignment/cellrangerOUT/dmel649ChrimsonV2/G3_rep2/G3_rep2/outs/filtered_feature_bc_matrix/features.tsv.gz
    wildcards: sample=G3_rep2
    resources: mem_mb=1000, mem_mib=954, disk_mb=1000, disk_mib=954, tmpdir=/Filers/scratch/lmorrill/5017764

cd /project/sims-lab/lmorrill/data/lightning/alignment/cellrangerOUT/dmel649ChrimsonV2//G3_rep2; rm -r /project/sims-lab/lmorrill/data/lightning/alignment/cellrangerOUT/dmel649ChrimsonV2/G3_rep2/G3_rep2; /project/sims-lab/lmorrill/cellranger/cellranger-7.1.0/bin/cellranger count --id=G3_rep2 --fastqs=/project/cncb/shared/proj002/backup/CELLRANGER_OUT/ --sample=636200_20,654654_20,660727_20,660728_20,660729_20,660730_20,660731_20,660732_20 --transcriptome=/project/sims-lab/lmorrill/data/genomes/dmel649ChrimsonV2 --chemistry=SC3Pv3 --force-cells=10000 --nosecondary
error: Invalid value "/project/sims-lab/lmorrill/data/genomes/dmel649ChrimsonV2" for '--transcriptome <PATH>': No such file or directory

For more information try --help
[Thu Mar  2 13:45:45 2023]
Error in rule cellranger_count:
    jobid: 0
    input: ../data/lightning/about_files/about-condition-G3_rep2.txt
    output: /project/sims-lab/lmorrill/data/lightning/alignment/cellrangerOUT/dmel649ChrimsonV2/G3_rep2/G3_rep2/outs/filtered_feature_bc_matrix/features.tsv.gz
    log: logs/cellranger_count_G3_rep2 (check log file(s) for error details)
    shell:
        cd /project/sims-lab/lmorrill/data/lightning/alignment/cellrangerOUT/dmel649ChrimsonV2//G3_rep2; rm -r /project/sims-lab/lmorrill/data/lightning/alignment/cellrangerOUT/dmel649ChrimsonV2/G3_rep2/G3_rep2; /project/sims-lab/lmorrill/cellranger/cellranger-7.1.0/bin/cellranger count --id=G3_rep2 --fastqs=/project/cncb/shared/proj002/backup/CELLRANGER_OUT/ --sample=636200_20,654654_20,660727_20,660728_20,660729_20,660730_20,660731_20,660732_20 --transcriptome=/project/sims-lab/lmorrill/data/genomes/dmel649ChrimsonV2 --chemistry=SC3Pv3 --force-cells=10000 --nosecondary
        (one of the commands exited with non-zero exit code; note that snakemake uses bash strict mode!)

Shutting down, this might take some time.
Exiting because a job execution failed. Look above for error message
Using cellranger
    sample                                              cells
0  G1_rep1  636200_14,654654_14,660727_14,660728_14,660729...
1  G1_rep2  636200_18,654654_18,660727_18,660728_18,660729...
2  G2_rep1  636200_15,654654_15,660727_15,660728_15,660729...
3  G2_rep2  636200_19,654654_19,660727_19,660728_19,660729...
4  G3_rep1  636200_16,654654_16,660727_16,660728_16,660729...
5  G3_rep2  636200_20,654654_20,660727_20,660728_20,660729...
6  G4_rep1  636200_17,654654_17,660727_17,660728_17,660729...
7  G4_rep2  636200_21,654654_21,660727_21,660728_21,660729...
CBB Profiling started Thu Mar  2 13:44:21 2023
SLURM_JOB_ID		5017764
REQ_CPU_CORES		1
REQ_MEMORY_GB		10.000000
Starting profiling...

                                                                                
                                                                                
                                    CPU (cores)                                 
    1 +---------------------------------------------------------------------+   
      |       +       +      +       +       +       +      +       +       |   
      |                                                                     |   
      |                                                                     |   
      |                                                                     |   
  0.8 |-+                                                                 +-|   
      |                                                                     |   
      |                                                                     |   
      |                                                                     |   
  0.6 |-+                                                                 +-|   
      |                                                                     |   
      |                                                                     |   
      |                                                                     |   
      |                                                                     |   
  0.4 |-+                                                                 +-|   
      |                                                                     |   
      |                                                                     |   
      |                                                                     |   
  0.2 |-+                                                                 +-|   
      |                                                                     |   
      |                                                                     |   
      |                                                                     |   
      |       ##########################################################    |   
    0 +---------------------------------------------------------------------+   
      0       10      20     30      40      50      60     70      80      90  
                                Job profiling step                              
                                                                                

                                                                                
                                                                                
                                   Memory (GB)                                  
  10 +----------------------------------------------------------------------+   
     |       +       +       +       +      +       +       +       +       |   
   9 |-+                                                                  +-|   
     |                                                                      |   
     |                                                                      |   
   8 |-+                                                                  +-|   
     |                                                                      |   
   7 |-+                                                                  +-|   
     |                                                                      |   
   6 |-+                                                                  +-|   
     |                                                                      |   
   5 |-+                                                                  +-|   
     |                                                                      |   
     |                                                                      |   
   4 |-+                                                                  +-|   
     |                                                                      |   
   3 |-+                                                                  +-|   
     |                                                                      |   
   2 |-+                                                                  +-|   
     |                                                                      |   
     |                                                                      |   
   1 |-+                                                                  +-|   
     |       +       +       +       +      +       +       +       +       |   
   0 +----------------------------------------------------------------------+   
     0       10      20      30      40     50      60      70      80      90  
                               Job profiling step                               
                                                                                

                                                                                
                                                                                
                                  Data read (GB)                                
  0.14 +--------------------------------------------------------------------+   
       |       +      +       +       +      +       +       +     ###      |   
       |                                                        ###         |   
  0.12 |-+                                                     #          +-|   
       |                                                    ###             |   
       |                                                    #               |   
       |                                                    #               |   
   0.1 |-+                                                 #              +-|   
       |                                                   #                |   
       |                                                   #                |   
  0.08 |-+                                                #               +-|   
       |                                           ########                 |   
       |                                       #####                        |   
  0.06 |-+                                   ##                           +-|   
       |                                     #                              |   
       |                                     #                              |   
  0.04 |-+                                   #                            +-|   
       |                   ##################                               |   
       |           ########                                                 |   
       |        ####                                                        |   
  0.02 |-+     #                                                          +-|   
       |#######                                                             |   
       |#      +      +       +       +      +       +       +      +       |   
     0 +--------------------------------------------------------------------+   
       0       10     20      30      40     50      60      70     80      90  
                                Job profiling step                              
                                                                                

                                                                                
                                                                                
                                  Data written (GB)                             
  0.0014 +------------------------------------------------------------------+   
         |      +       +      +       +      +       +      +       +      |   
         |                                                           ###    |   
  0.0012 |-+                                                      ####    +-|   
         |                                                     ####         |   
         |                                                  ####            |   
         |                                                ###               |   
   0.001 |-+                                           ###                +-|   
         |                                          ###                     |   
         |                                       ###                        |   
  0.0008 |-+                                  ###                         +-|   
         |                                 ###                              |   
         |                              ####                                |   
  0.0006 |-+                         ####                                 +-|   
         |                        ####                                      |   
         |                     ####                                         |   
  0.0004 |-+                ####                                          +-|   
         |               ####                                               |   
         |            ####                                                  |   
         |         ####                                                     |   
  0.0002 |-+    ####                                                      +-|   
         |   ####                                                           |   
         |####  +       +      +       +      +       +      +       +      |   
       0 +------------------------------------------------------------------+   
         0      10      20     30      40     50      60     70      80     90  
                                 Job profiling step                             
                                                                                
