Building DAG of jobs...
Using shell: /usr/bin/bash
Provided cores: 2
Rules claiming more threads will be scaled down.
Provided resources: mem_mb=1000, mem_mib=954, disk_mb=1000, disk_mib=954
Select jobs to execute...

[Wed Mar  1 18:20:42 2023]
rule kallisto_alignment:
    input: ../data/lightning/about_files/about-condition-G3_rep2.txt
    output: /project/sims-lab/lmorrill/data/lightning/alignment/KallistoOUT/dmel649ChrimsonV2/G3_rep2/counts_unfiltered/cells_x_genes.mtx
    log: logs/kallisto_count_G3_rep2
    jobid: 0
    reason: Missing output files: /project/sims-lab/lmorrill/data/lightning/alignment/KallistoOUT/dmel649ChrimsonV2/G3_rep2/counts_unfiltered/cells_x_genes.mtx
    wildcards: sample=G3_rep2
    resources: mem_mb=1000, mem_mib=954, disk_mb=1000, disk_mib=954, tmpdir=/Filers/scratch/lmorrill/5013840

kb count /project/cncb/shared/proj002/backup/CELLRANGER_OUT/636200_20/636200_20_S26_L001_R1_001.fastq.gz /project/cncb/shared/proj002/backup/CELLRANGER_OUT/636200_20/636200_20_S26_L001_R2_001.fastq.gz /project/cncb/shared/proj002/backup/CELLRANGER_OUT/654654_20/654654_20_S14_L007_R1_001.fastq.gz /project/cncb/shared/proj002/backup/CELLRANGER_OUT/654654_20/654654_20_S14_L007_R2_001.fastq.gz /project/cncb/shared/proj002/backup/CELLRANGER_OUT/660727_20/660727_20_S15_L003_R1_001.fastq.gz /project/cncb/shared/proj002/backup/CELLRANGER_OUT/660727_20/660727_20_S15_L003_R2_001.fastq.gz /project/cncb/shared/proj002/backup/CELLRANGER_OUT/660728_20/660728_20_S43_L004_R1_001.fastq.gz /project/cncb/shared/proj002/backup/CELLRANGER_OUT/660728_20/660728_20_S43_L004_R2_001.fastq.gz /project/cncb/shared/proj002/backup/CELLRANGER_OUT/660729_20/660729_20_S51_L005_R1_001.fastq.gz /project/cncb/shared/proj002/backup/CELLRANGER_OUT/660729_20/660729_20_S51_L005_R2_001.fastq.gz /project/cncb/shared/proj002/backup/CELLRANGER_OUT/660730_20/660730_20_S7_L006_R1_001.fastq.gz /project/cncb/shared/proj002/backup/CELLRANGER_OUT/660730_20/660730_20_S7_L006_R2_001.fastq.gz /project/cncb/shared/proj002/backup/CELLRANGER_OUT/660731_20/660731_20_S23_L007_R1_001.fastq.gz /project/cncb/shared/proj002/backup/CELLRANGER_OUT/660731_20/660731_20_S23_L007_R2_001.fastq.gz /project/cncb/shared/proj002/backup/CELLRANGER_OUT/660732_20/660732_20_S33_L008_R1_001.fastq.gz /project/cncb/shared/proj002/backup/CELLRANGER_OUT/660732_20/660732_20_S33_L008_R2_001.fastq.gz  -o /project/sims-lab/lmorrill/data/lightning/alignment/KallistoOUT/dmel649ChrimsonV2/G3_rep2 -i ~/projects/general/genomes_kallisto/dmel-all-r6.49_CORRECTED_Chrimson_KallistoINDEX -g ~/projects/general/genomes_kallisto/dmel-all-r6.49_CORRECTED_Chrimson_KallistoT2G -x 10XV3
[2023-03-01 18:21:07,753]    INFO [count] Using index /home/l/lmorrill/projects/general/genomes_kallisto/dmel-all-r6.49_CORRECTED_Chrimson_KallistoINDEX to generate BUS file to /project/sims-lab/lmorrill/data/lightning/alignment/KallistoOUT/dmel649ChrimsonV2/G3_rep2 from
[2023-03-01 18:21:07,754]    INFO [count]         /project/cncb/shared/proj002/backup/CELLRANGER_OUT/636200_20/636200_20_S26_L001_R1_001.fastq.gz
[2023-03-01 18:21:07,754]    INFO [count]         /project/cncb/shared/proj002/backup/CELLRANGER_OUT/636200_20/636200_20_S26_L001_R2_001.fastq.gz
[2023-03-01 18:21:07,754]    INFO [count]         /project/cncb/shared/proj002/backup/CELLRANGER_OUT/654654_20/654654_20_S14_L007_R1_001.fastq.gz
[2023-03-01 18:21:07,754]    INFO [count]         /project/cncb/shared/proj002/backup/CELLRANGER_OUT/654654_20/654654_20_S14_L007_R2_001.fastq.gz
[2023-03-01 18:21:07,754]    INFO [count]         /project/cncb/shared/proj002/backup/CELLRANGER_OUT/660727_20/660727_20_S15_L003_R1_001.fastq.gz
[2023-03-01 18:21:07,754]    INFO [count]         /project/cncb/shared/proj002/backup/CELLRANGER_OUT/660727_20/660727_20_S15_L003_R2_001.fastq.gz
[2023-03-01 18:21:07,754]    INFO [count]         /project/cncb/shared/proj002/backup/CELLRANGER_OUT/660728_20/660728_20_S43_L004_R1_001.fastq.gz
[2023-03-01 18:21:07,754]    INFO [count]         /project/cncb/shared/proj002/backup/CELLRANGER_OUT/660728_20/660728_20_S43_L004_R2_001.fastq.gz
[2023-03-01 18:21:07,754]    INFO [count]         /project/cncb/shared/proj002/backup/CELLRANGER_OUT/660729_20/660729_20_S51_L005_R1_001.fastq.gz
[2023-03-01 18:21:07,754]    INFO [count]         /project/cncb/shared/proj002/backup/CELLRANGER_OUT/660729_20/660729_20_S51_L005_R2_001.fastq.gz
[2023-03-01 18:21:07,754]    INFO [count]         /project/cncb/shared/proj002/backup/CELLRANGER_OUT/660730_20/660730_20_S7_L006_R1_001.fastq.gz
[2023-03-01 18:21:07,754]    INFO [count]         /project/cncb/shared/proj002/backup/CELLRANGER_OUT/660730_20/660730_20_S7_L006_R2_001.fastq.gz
[2023-03-01 18:21:07,755]    INFO [count]         /project/cncb/shared/proj002/backup/CELLRANGER_OUT/660731_20/660731_20_S23_L007_R1_001.fastq.gz
[2023-03-01 18:21:07,755]    INFO [count]         /project/cncb/shared/proj002/backup/CELLRANGER_OUT/660731_20/660731_20_S23_L007_R2_001.fastq.gz
[2023-03-01 18:21:07,755]    INFO [count]         /project/cncb/shared/proj002/backup/CELLRANGER_OUT/660732_20/660732_20_S33_L008_R1_001.fastq.gz
[2023-03-01 18:21:07,755]    INFO [count]         /project/cncb/shared/proj002/backup/CELLRANGER_OUT/660732_20/660732_20_S33_L008_R2_001.fastq.gz
[2023-03-01 18:57:38,337]    INFO [count] Sorting BUS file /project/sims-lab/lmorrill/data/lightning/alignment/KallistoOUT/dmel649ChrimsonV2/G3_rep2/output.bus to /project/sims-lab/lmorrill/data/lightning/alignment/KallistoOUT/dmel649ChrimsonV2/G3_rep2/tmp/output.s.bus
[2023-03-01 18:59:17,608]    INFO [count] Whitelist not provided
[2023-03-01 18:59:17,609]    INFO [count] Copying pre-packaged 10XV3 whitelist to /project/sims-lab/lmorrill/data/lightning/alignment/KallistoOUT/dmel649ChrimsonV2/G3_rep2
[2023-03-01 18:59:18,769]    INFO [count] Inspecting BUS file /project/sims-lab/lmorrill/data/lightning/alignment/KallistoOUT/dmel649ChrimsonV2/G3_rep2/tmp/output.s.bus
[2023-03-01 18:59:50,924]    INFO [count] Correcting BUS records in /project/sims-lab/lmorrill/data/lightning/alignment/KallistoOUT/dmel649ChrimsonV2/G3_rep2/tmp/output.s.bus to /project/sims-lab/lmorrill/data/lightning/alignment/KallistoOUT/dmel649ChrimsonV2/G3_rep2/tmp/output.s.c.bus with whitelist /project/sims-lab/lmorrill/data/lightning/alignment/KallistoOUT/dmel649ChrimsonV2/G3_rep2/10x_version3_whitelist.txt
[2023-03-01 19:00:33,403]    INFO [count] Sorting BUS file /project/sims-lab/lmorrill/data/lightning/alignment/KallistoOUT/dmel649ChrimsonV2/G3_rep2/tmp/output.s.c.bus to /project/sims-lab/lmorrill/data/lightning/alignment/KallistoOUT/dmel649ChrimsonV2/G3_rep2/output.unfiltered.bus
[2023-03-01 19:01:32,218]    INFO [count] Generating count matrix /project/sims-lab/lmorrill/data/lightning/alignment/KallistoOUT/dmel649ChrimsonV2/G3_rep2/counts_unfiltered/cells_x_genes from BUS file /project/sims-lab/lmorrill/data/lightning/alignment/KallistoOUT/dmel649ChrimsonV2/G3_rep2/output.unfiltered.bus
[Wed Mar  1 19:02:26 2023]
Finished job 0.
1 of 1 steps (100%) done
Using Kallisto
The OUT folder is: /project/sims-lab/lmorrill/data/lightning/alignment/KallistoOUT/
    sample                                              cells
0  G1_rep1  636200_14,654654_14,660727_14,660728_14,660729...
1  G1_rep2  636200_18,654654_18,660727_18,660728_18,660729...
2  G2_rep1  636200_15,654654_15,660727_15,660728_15,660729...
3  G2_rep2  636200_19,654654_19,660727_19,660728_19,660729...
4  G3_rep1  636200_16,654654_16,660727_16,660728_16,660729...
5  G3_rep2  636200_20,654654_20,660727_20,660728_20,660729...
6  G4_rep1  636200_17,654654_17,660727_17,660728_17,660729...
7  G4_rep2  636200_21,654654_21,660727_21,660728_21,660729...
CBB Profiling started Wed Mar  1 18:20:17 2023
SLURM_JOB_ID		5013840
REQ_CPU_CORES		2
REQ_MEMORY_GB		20.000000
Starting profiling...

                                                                                
                                                                                
                                    CPU (cores)                                 
    2 +---------------------------------------------------------------------+   
      | ###         +             +             +             +   #         |   
      | #                                                         #         |   
      | #                                                         #         |   
      | #                                                         #         |   
      | #                                                         #         |   
  1.5 |-#                                                         #       +-|   
      | #                                                         #         |   
      | #                                                         #         |   
      | #                                                         #         |   
      |##                                                         #         |   
    1 |##                                                         #   ####+#|   
      |##                                                         # ########|   
      |#                                                          # # ######|   
      |#                                                          ### ######|   
      |#                                                          ### ######|   
      |#                                                          # # ######|   
  0.5 |#+                                                         # # ######|   
      |#                                                          # # ######|   
      |#                                                          # # ######|   
      |#                                                          # # ######|   
      |#                                                          # # ######|   
      |#            +             +             +             +   # # ######|   
    0 +---------------------------------------------------------------------+   
      0            500           1000          1500          2000          2500 
                                Job profiling step                              
                                                                                

                                                                                
                                                                                
                                   Memory (GB)                                  
  20 +----------------------------------------------------------------------+   
     |             +             +              +             +             |   
  18 |-+                                                                  +-|   
     |                                                                      |   
     |                                                                      |   
  16 |-+                                                                  +-|   
     |                                                                      |   
  14 |-+                                                                  +-|   
     |                                                                      |   
  12 |-+                                                                  +-|   
     |                                                                      |   
  10 |-+                                                                  +-|   
     |                                                                      |   
     |                                                                      |   
   8 |-+                                                                  +-|   
     |                                                                      |   
   6 |-+                                                                  +-|   
     |                                                                      |   
   4 |-+                                                            ##   #+-|   
     |                                                              ##   #  |   
     |                                                             ###   #  |   
   2 |############################################################ ###   #+-|   
     |#            +             +              +             +   # ########|   
   0 +----------------------------------------------------------------------+   
     0            500           1000           1500          2000          2500 
                               Job profiling step                               
                                                                                

                                                                                
                                                                                
                                 Data read (GB)                                 
  40 +----------------------------------------------------------------------+   
     |             +             +              +             +             |   
     |                                                                      |   
  35 |-+                                                          ##########|   
     |                                                          ###         |   
     |                                                       ####           |   
  30 |-+                                                 #####            +-|   
     |                                                ####                  |   
     |                                             ####                     |   
  25 |-+                                       ####                       +-|   
     |                                      ####                            |   
  20 |-+                                 ####                             +-|   
     |                                ####                                  |   
     |                            #####                                     |   
  15 |-+                       ####                                       +-|   
     |                      ####                                            |   
     |                   ####                                               |   
  10 |-+              ####                                                +-|   
     |            #####                                                     |   
     |         ####                                                         |   
   5 |-+    ####                                                          +-|   
     |   ####                                                               |   
     | ###         +             +              +             +             |   
   0 +----------------------------------------------------------------------+   
     0            500           1000           1500          2000          2500 
                               Job profiling step                               
                                                                                

                                                                                
                                                                                
                                Data written (GB)                               
  18 +----------------------------------------------------------------------+   
     |             +             +              +             +           # |   
     |                                                                    # |   
  16 |-+                                                                 ##-|   
     |                                                                   #  |   
  14 |-+                                                                 #+-|   
     |                                                                  ##  |   
     |                                                                  #   |   
  12 |-+                                                                # +-|   
     |                                                                ###   |   
  10 |-+                                                              #   +-|   
     |                                                               ##     |   
     |                                                               #      |   
   8 |-+                                                             #    +-|   
     |                                                               #      |   
   6 |-+                                                             #    +-|   
     |                                                       #########      |   
     |                                              ##########              |   
   4 |-+                                   ##########                     +-|   
     |                             #########                                |   
   2 |-+                   #########                                      +-|   
     |             #########                                                |   
     |     #########             +              +             +             |   
   0 +----------------------------------------------------------------------+   
     0            500           1000           1500          2000          2500 
                               Job profiling step                               
                                                                                
