Building DAG of jobs...
Using shell: /usr/bin/bash
Provided cluster nodes: 8
Job stats:
job                   count    min threads    max threads
------------------  -------  -------------  -------------
all                       1              1              1
kallisto_alignment        8              1              1
total                     9              1              1

Select jobs to execute...

[Mon Feb 27 14:14:45 2023]
rule kallisto_alignment:
    input: ../data/lightning/about_files/about-condition-G1_rep1.txt
    output: /project/sims-lab/lmorrill/data/lightning/alignment/KallistoOUT/dmel649Chrimson/G1_rep1
    log: logs/kallisto_count_G1_rep1
    jobid: 1
    reason: Missing output files: /project/sims-lab/lmorrill/data/lightning/alignment/KallistoOUT/dmel649Chrimson/G1_rep1
    wildcards: sample=G1_rep1
    resources: mem_mb=1000, mem_mib=954, disk_mb=1000, disk_mib=954, tmpdir=<TBD>

kb count -fastqs /project/cncb/shared/proj002/backup/CELLRANGER_OUT/636200_14 /project/cncb/shared/proj002/backup/CELLRANGER_OUT/654654_14 /project/cncb/shared/proj002/backup/CELLRANGER_OUT/660727_14 /project/cncb/shared/proj002/backup/CELLRANGER_OUT/660728_14 /project/cncb/shared/proj002/backup/CELLRANGER_OUT/660729_14 /project/cncb/shared/proj002/backup/CELLRANGER_OUT/660730_14 /project/cncb/shared/proj002/backup/CELLRANGER_OUT/660731_14 /project/cncb/shared/proj002/backup/CELLRANGER_OUT/660732_14  -o /project/sims-lab/lmorrill/data/lightning/alignment/KallistoOUT/dmel649Chrimson/G1_rep1 -i ~/projects/general/genomes_kallisto/dmel-all-r6.49_CORRECTED_Chrimson_KallistoINDEX -g ~/projects/general/genomes_kallisto/dmel-all-r6.49_CORRECTED_Chrimson_KallistoT2G - x 10XV3
Submitted job 1 with external jobid 'Submitted batch job 5009214'.

[Mon Feb 27 14:14:45 2023]
rule kallisto_alignment:
    input: ../data/lightning/about_files/about-condition-G2_rep2.txt
    output: /project/sims-lab/lmorrill/data/lightning/alignment/KallistoOUT/dmel649Chrimson/G2_rep2
    log: logs/kallisto_count_G2_rep2
    jobid: 4
    reason: Missing output files: /project/sims-lab/lmorrill/data/lightning/alignment/KallistoOUT/dmel649Chrimson/G2_rep2
    wildcards: sample=G2_rep2
    resources: mem_mb=1000, mem_mib=954, disk_mb=1000, disk_mib=954, tmpdir=<TBD>

kb count -fastqs /project/cncb/shared/proj002/backup/CELLRANGER_OUT/636200_19 /project/cncb/shared/proj002/backup/CELLRANGER_OUT/654654_19 /project/cncb/shared/proj002/backup/CELLRANGER_OUT/660727_19 /project/cncb/shared/proj002/backup/CELLRANGER_OUT/660728_19 /project/cncb/shared/proj002/backup/CELLRANGER_OUT/660729_19 /project/cncb/shared/proj002/backup/CELLRANGER_OUT/660730_19 /project/cncb/shared/proj002/backup/CELLRANGER_OUT/660731_19 /project/cncb/shared/proj002/backup/CELLRANGER_OUT/660732_19  -o /project/sims-lab/lmorrill/data/lightning/alignment/KallistoOUT/dmel649Chrimson/G2_rep2 -i ~/projects/general/genomes_kallisto/dmel-all-r6.49_CORRECTED_Chrimson_KallistoINDEX -g ~/projects/general/genomes_kallisto/dmel-all-r6.49_CORRECTED_Chrimson_KallistoT2G - x 10XV3
Submitted job 4 with external jobid 'Submitted batch job 5009215'.

[Mon Feb 27 14:14:45 2023]
rule kallisto_alignment:
    input: ../data/lightning/about_files/about-condition-G3_rep2.txt
    output: /project/sims-lab/lmorrill/data/lightning/alignment/KallistoOUT/dmel649Chrimson/G3_rep2
    log: logs/kallisto_count_G3_rep2
    jobid: 6
    reason: Missing output files: /project/sims-lab/lmorrill/data/lightning/alignment/KallistoOUT/dmel649Chrimson/G3_rep2
    wildcards: sample=G3_rep2
    resources: mem_mb=1000, mem_mib=954, disk_mb=1000, disk_mib=954, tmpdir=<TBD>

kb count -fastqs /project/cncb/shared/proj002/backup/CELLRANGER_OUT/636200_20 /project/cncb/shared/proj002/backup/CELLRANGER_OUT/654654_20 /project/cncb/shared/proj002/backup/CELLRANGER_OUT/660727_20 /project/cncb/shared/proj002/backup/CELLRANGER_OUT/660728_20 /project/cncb/shared/proj002/backup/CELLRANGER_OUT/660729_20 /project/cncb/shared/proj002/backup/CELLRANGER_OUT/660730_20 /project/cncb/shared/proj002/backup/CELLRANGER_OUT/660731_20 /project/cncb/shared/proj002/backup/CELLRANGER_OUT/660732_20  -o /project/sims-lab/lmorrill/data/lightning/alignment/KallistoOUT/dmel649Chrimson/G3_rep2 -i ~/projects/general/genomes_kallisto/dmel-all-r6.49_CORRECTED_Chrimson_KallistoINDEX -g ~/projects/general/genomes_kallisto/dmel-all-r6.49_CORRECTED_Chrimson_KallistoT2G - x 10XV3
Submitted job 6 with external jobid 'Submitted batch job 5009216'.

[Mon Feb 27 14:14:45 2023]
rule kallisto_alignment:
    input: ../data/lightning/about_files/about-condition-G4_rep2.txt
    output: /project/sims-lab/lmorrill/data/lightning/alignment/KallistoOUT/dmel649Chrimson/G4_rep2
    log: logs/kallisto_count_G4_rep2
    jobid: 8
    reason: Missing output files: /project/sims-lab/lmorrill/data/lightning/alignment/KallistoOUT/dmel649Chrimson/G4_rep2
    wildcards: sample=G4_rep2
    resources: mem_mb=1000, mem_mib=954, disk_mb=1000, disk_mib=954, tmpdir=<TBD>

kb count -fastqs /project/cncb/shared/proj002/backup/CELLRANGER_OUT/636200_21 /project/cncb/shared/proj002/backup/CELLRANGER_OUT/654654_21 /project/cncb/shared/proj002/backup/CELLRANGER_OUT/660727_21 /project/cncb/shared/proj002/backup/CELLRANGER_OUT/660728_21 /project/cncb/shared/proj002/backup/CELLRANGER_OUT/660729_21 /project/cncb/shared/proj002/backup/CELLRANGER_OUT/660730_21 /project/cncb/shared/proj002/backup/CELLRANGER_OUT/660731_21 /project/cncb/shared/proj002/backup/CELLRANGER_OUT/660732_21  -o /project/sims-lab/lmorrill/data/lightning/alignment/KallistoOUT/dmel649Chrimson/G4_rep2 -i ~/projects/general/genomes_kallisto/dmel-all-r6.49_CORRECTED_Chrimson_KallistoINDEX -g ~/projects/general/genomes_kallisto/dmel-all-r6.49_CORRECTED_Chrimson_KallistoT2G - x 10XV3
Submitted job 8 with external jobid 'Submitted batch job 5009217'.

[Mon Feb 27 14:14:45 2023]
rule kallisto_alignment:
    input: ../data/lightning/about_files/about-condition-G1_rep2.txt
    output: /project/sims-lab/lmorrill/data/lightning/alignment/KallistoOUT/dmel649Chrimson/G1_rep2
    log: logs/kallisto_count_G1_rep2
    jobid: 2
    reason: Missing output files: /project/sims-lab/lmorrill/data/lightning/alignment/KallistoOUT/dmel649Chrimson/G1_rep2
    wildcards: sample=G1_rep2
    resources: mem_mb=1000, mem_mib=954, disk_mb=1000, disk_mib=954, tmpdir=<TBD>

kb count -fastqs /project/cncb/shared/proj002/backup/CELLRANGER_OUT/636200_18 /project/cncb/shared/proj002/backup/CELLRANGER_OUT/654654_18 /project/cncb/shared/proj002/backup/CELLRANGER_OUT/660727_18 /project/cncb/shared/proj002/backup/CELLRANGER_OUT/660728_18 /project/cncb/shared/proj002/backup/CELLRANGER_OUT/660729_18 /project/cncb/shared/proj002/backup/CELLRANGER_OUT/660730_18 /project/cncb/shared/proj002/backup/CELLRANGER_OUT/660731_18 /project/cncb/shared/proj002/backup/CELLRANGER_OUT/660732_18  -o /project/sims-lab/lmorrill/data/lightning/alignment/KallistoOUT/dmel649Chrimson/G1_rep2 -i ~/projects/general/genomes_kallisto/dmel-all-r6.49_CORRECTED_Chrimson_KallistoINDEX -g ~/projects/general/genomes_kallisto/dmel-all-r6.49_CORRECTED_Chrimson_KallistoT2G - x 10XV3
Submitted job 2 with external jobid 'Submitted batch job 5009218'.

[Mon Feb 27 14:14:45 2023]
rule kallisto_alignment:
    input: ../data/lightning/about_files/about-condition-G2_rep1.txt
    output: /project/sims-lab/lmorrill/data/lightning/alignment/KallistoOUT/dmel649Chrimson/G2_rep1
    log: logs/kallisto_count_G2_rep1
    jobid: 3
    reason: Missing output files: /project/sims-lab/lmorrill/data/lightning/alignment/KallistoOUT/dmel649Chrimson/G2_rep1
    wildcards: sample=G2_rep1
    resources: mem_mb=1000, mem_mib=954, disk_mb=1000, disk_mib=954, tmpdir=<TBD>

kb count -fastqs /project/cncb/shared/proj002/backup/CELLRANGER_OUT/636200_15 /project/cncb/shared/proj002/backup/CELLRANGER_OUT/654654_15 /project/cncb/shared/proj002/backup/CELLRANGER_OUT/660727_15 /project/cncb/shared/proj002/backup/CELLRANGER_OUT/660728_15 /project/cncb/shared/proj002/backup/CELLRANGER_OUT/660729_15 /project/cncb/shared/proj002/backup/CELLRANGER_OUT/660730_15 /project/cncb/shared/proj002/backup/CELLRANGER_OUT/660731_15 /project/cncb/shared/proj002/backup/CELLRANGER_OUT/660732_15   -o /project/sims-lab/lmorrill/data/lightning/alignment/KallistoOUT/dmel649Chrimson/G2_rep1 -i ~/projects/general/genomes_kallisto/dmel-all-r6.49_CORRECTED_Chrimson_KallistoINDEX -g ~/projects/general/genomes_kallisto/dmel-all-r6.49_CORRECTED_Chrimson_KallistoT2G - x 10XV3
Submitted job 3 with external jobid 'Submitted batch job 5009219'.

[Mon Feb 27 14:14:45 2023]
rule kallisto_alignment:
    input: ../data/lightning/about_files/about-condition-G3_rep1.txt
    output: /project/sims-lab/lmorrill/data/lightning/alignment/KallistoOUT/dmel649Chrimson/G3_rep1
    log: logs/kallisto_count_G3_rep1
    jobid: 5
    reason: Missing output files: /project/sims-lab/lmorrill/data/lightning/alignment/KallistoOUT/dmel649Chrimson/G3_rep1
    wildcards: sample=G3_rep1
    resources: mem_mb=1000, mem_mib=954, disk_mb=1000, disk_mib=954, tmpdir=<TBD>

kb count -fastqs /project/cncb/shared/proj002/backup/CELLRANGER_OUT/636200_16 /project/cncb/shared/proj002/backup/CELLRANGER_OUT/654654_16 /project/cncb/shared/proj002/backup/CELLRANGER_OUT/660727_16 /project/cncb/shared/proj002/backup/CELLRANGER_OUT/660728_16 /project/cncb/shared/proj002/backup/CELLRANGER_OUT/660729_16 /project/cncb/shared/proj002/backup/CELLRANGER_OUT/660730_16 /project/cncb/shared/proj002/backup/CELLRANGER_OUT/660731_16 /project/cncb/shared/proj002/backup/CELLRANGER_OUT/660732_16  -o /project/sims-lab/lmorrill/data/lightning/alignment/KallistoOUT/dmel649Chrimson/G3_rep1 -i ~/projects/general/genomes_kallisto/dmel-all-r6.49_CORRECTED_Chrimson_KallistoINDEX -g ~/projects/general/genomes_kallisto/dmel-all-r6.49_CORRECTED_Chrimson_KallistoT2G - x 10XV3
Submitted job 5 with external jobid 'Submitted batch job 5009220'.

[Mon Feb 27 14:14:45 2023]
rule kallisto_alignment:
    input: ../data/lightning/about_files/about-condition-G4_rep1.txt
    output: /project/sims-lab/lmorrill/data/lightning/alignment/KallistoOUT/dmel649Chrimson/G4_rep1
    log: logs/kallisto_count_G4_rep1
    jobid: 7
    reason: Missing output files: /project/sims-lab/lmorrill/data/lightning/alignment/KallistoOUT/dmel649Chrimson/G4_rep1
    wildcards: sample=G4_rep1
    resources: mem_mb=1000, mem_mib=954, disk_mb=1000, disk_mib=954, tmpdir=<TBD>

kb count -fastqs /project/cncb/shared/proj002/backup/CELLRANGER_OUT/636200_17 /project/cncb/shared/proj002/backup/CELLRANGER_OUT/654654_17 /project/cncb/shared/proj002/backup/CELLRANGER_OUT/660727_17 /project/cncb/shared/proj002/backup/CELLRANGER_OUT/660728_17 /project/cncb/shared/proj002/backup/CELLRANGER_OUT/660729_17 /project/cncb/shared/proj002/backup/CELLRANGER_OUT/660730_17 /project/cncb/shared/proj002/backup/CELLRANGER_OUT/660731_17 /project/cncb/shared/proj002/backup/CELLRANGER_OUT/660732_17  -o /project/sims-lab/lmorrill/data/lightning/alignment/KallistoOUT/dmel649Chrimson/G4_rep1 -i ~/projects/general/genomes_kallisto/dmel-all-r6.49_CORRECTED_Chrimson_KallistoINDEX -g ~/projects/general/genomes_kallisto/dmel-all-r6.49_CORRECTED_Chrimson_KallistoT2G - x 10XV3
Submitted job 7 with external jobid 'Submitted batch job 5009221'.
Terminating processes on user request, this might take some time.
No --cluster-cancel given. Will exit after finishing currently running jobs.
Cancelling snakemake on user request.
