Building DAG of jobs...
Using shell: /usr/bin/bash
Provided cluster nodes: 6
Job stats:
job                 count    min threads    max threads
----------------  -------  -------------  -------------
all                     1              1              1
cellranger_count        1              1              1
total                   2              1              1

Select jobs to execute...

[Fri Feb  3 09:42:49 2023]
rule cellranger_count:
    input: ../data/lightning/about_files/about-condition-G4_rep1.txt
    output: /project/sims-lab/lmorrill/data/lightning/alignment/cellrangerOUT/G4_rep1/G4_rep1/outs/filtered_feature_bc_matrix/features.tsv.gz
    log: logs/cellranger_count_G4_rep1
    jobid: 7
    reason: Missing output files: /project/sims-lab/lmorrill/data/lightning/alignment/cellrangerOUT/G4_rep1/G4_rep1/outs/filtered_feature_bc_matrix/features.tsv.gz
    wildcards: sample=G4_rep1
    resources: mem_mb=1000, mem_mib=954, disk_mb=1000, disk_mib=954, tmpdir=<TBD>

cd /project/sims-lab/lmorrill/data/lightning/alignment/cellrangerOUT//G4_rep1; /project/sims-lab/lmorrill/cellranger/cellranger-7.1.0/bin/cellranger count --id=G4_rep1 --fastqs=/project/cncb/shared/proj002/backup/CELLRANGER_OUT/ --sample=636200_17,654654_17,660727_17,660728_17,660729_17,660730_17,660731_17,660732_17 --transcriptome=/project/sims-lab/lmorrill/data/genomes/dmel649CORRECTED --chemistry=SC3Pv3 --force-cells=10000 --nosecondary
Submitted job 7 with external jobid 'Submitted batch job 4944965'.
[Fri Feb  3 09:43:29 2023]
Error in rule cellranger_count:
    jobid: 7
    input: ../data/lightning/about_files/about-condition-G4_rep1.txt
    output: /project/sims-lab/lmorrill/data/lightning/alignment/cellrangerOUT/G4_rep1/G4_rep1/outs/filtered_feature_bc_matrix/features.tsv.gz
    log: logs/cellranger_count_G4_rep1 (check log file(s) for error details)
    shell:
        cd /project/sims-lab/lmorrill/data/lightning/alignment/cellrangerOUT//G4_rep1; /project/sims-lab/lmorrill/cellranger/cellranger-7.1.0/bin/cellranger count --id=G4_rep1 --fastqs=/project/cncb/shared/proj002/backup/CELLRANGER_OUT/ --sample=636200_17,654654_17,660727_17,660728_17,660729_17,660730_17,660731_17,660732_17 --transcriptome=/project/sims-lab/lmorrill/data/genomes/dmel649CORRECTED --chemistry=SC3Pv3 --force-cells=10000 --nosecondary
        (one of the commands exited with non-zero exit code; note that snakemake uses bash strict mode!)
    cluster_jobid: Submitted batch job 4944965

Error executing rule cellranger_count on cluster (jobid: 7, external: Submitted batch job 4944965, jobscript: /Filers/home/l/lmorrill/projects/lighting/1_pipeline/.snakemake/tmp._ugzvvty/snakejob.cellranger_count.7.sh). For error details see the cluster log and the log files of the involved rule(s).
Shutting down, this might take some time.
Exiting because a job execution failed. Look above for error message
Complete log: .snakemake/log/2023-02-03T094246.657471.snakemake.log
