Building DAG of jobs...
Using shell: /usr/bin/bash
Provided cluster nodes: 6
Job stats:
job                 count    min threads    max threads
----------------  -------  -------------  -------------
all                     1              1              1
cellranger_count        7              1              1
total                   8              1              1

Select jobs to execute...

[Fri Jan 27 14:32:24 2023]
rule cellranger_count:
    input: ../data/lightning/about_files/about-condition-G2_rep1.txt
    output: /project/sims-lab/lmorrill/data/lightning/alignment/cellrangerOUT/G2_rep1/outs/filtered_feature_bc_matrix/features.tsv.gz
    log: logs/cellranger_count_G2_rep1
    jobid: 3
    reason: Missing output files: /project/sims-lab/lmorrill/data/lightning/alignment/cellrangerOUT/G2_rep1/outs/filtered_feature_bc_matrix/features.tsv.gz
    wildcards: sample=G2_rep1
    resources: mem_mb=1000, mem_mib=954, disk_mb=1000, disk_mib=954, tmpdir=<TBD>

cd /project/sims-lab/lmorrill/data/lightning/alignment/cellrangerOUT/; /project/sims-lab/lmorrill/cellranger/cellranger-7.1.0/bin/cellranger count --id=G2_rep1 --fastqs=/project/cncb/shared/proj002/backup/CELLRANGER_OUT/ --sample=636200_15,654654_15,660727_15,660728_15,660729_15,660730_15,660731_15,660732_15  --transcriptome=/project/sims-lab/lmorrill/data/genomes/dmel649CORRECTED --chemistry=SC3Pv3 --force-cells=10000 --nosecondary
Submitted job 3 with external jobid 'Submitted batch job 4928362'.

[Fri Jan 27 14:32:24 2023]
rule cellranger_count:
    input: ../data/lightning/about_files/about-condition-G2_rep2.txt
    output: /project/sims-lab/lmorrill/data/lightning/alignment/cellrangerOUT/G2_rep2/outs/filtered_feature_bc_matrix/features.tsv.gz
    log: logs/cellranger_count_G2_rep2
    jobid: 4
    reason: Missing output files: /project/sims-lab/lmorrill/data/lightning/alignment/cellrangerOUT/G2_rep2/outs/filtered_feature_bc_matrix/features.tsv.gz
    wildcards: sample=G2_rep2
    resources: mem_mb=1000, mem_mib=954, disk_mb=1000, disk_mib=954, tmpdir=<TBD>

cd /project/sims-lab/lmorrill/data/lightning/alignment/cellrangerOUT/; /project/sims-lab/lmorrill/cellranger/cellranger-7.1.0/bin/cellranger count --id=G2_rep2 --fastqs=/project/cncb/shared/proj002/backup/CELLRANGER_OUT/ --sample=636200_19,654654_19,660727_19,660728_19,660729_19,660730_19,660731_19,660732_19 --transcriptome=/project/sims-lab/lmorrill/data/genomes/dmel649CORRECTED --chemistry=SC3Pv3 --force-cells=10000 --nosecondary
Submitted job 4 with external jobid 'Submitted batch job 4928363'.

[Fri Jan 27 14:32:24 2023]
rule cellranger_count:
    input: ../data/lightning/about_files/about-condition-G1_rep2.txt
    output: /project/sims-lab/lmorrill/data/lightning/alignment/cellrangerOUT/G1_rep2/outs/filtered_feature_bc_matrix/features.tsv.gz
    log: logs/cellranger_count_G1_rep2
    jobid: 2
    reason: Missing output files: /project/sims-lab/lmorrill/data/lightning/alignment/cellrangerOUT/G1_rep2/outs/filtered_feature_bc_matrix/features.tsv.gz
    wildcards: sample=G1_rep2
    resources: mem_mb=1000, mem_mib=954, disk_mb=1000, disk_mib=954, tmpdir=<TBD>

cd /project/sims-lab/lmorrill/data/lightning/alignment/cellrangerOUT/; /project/sims-lab/lmorrill/cellranger/cellranger-7.1.0/bin/cellranger count --id=G1_rep2 --fastqs=/project/cncb/shared/proj002/backup/CELLRANGER_OUT/ --sample=636200_18,654654_18,660727_18,660728_18,660729_18,660730_18,660731_18,660732_18 --transcriptome=/project/sims-lab/lmorrill/data/genomes/dmel649CORRECTED --chemistry=SC3Pv3 --force-cells=10000 --nosecondary
Submitted job 2 with external jobid 'Submitted batch job 4928364'.

[Fri Jan 27 14:32:24 2023]
rule cellranger_count:
    input: ../data/lightning/about_files/about-condition-G4_rep2.txt
    output: /project/sims-lab/lmorrill/data/lightning/alignment/cellrangerOUT/G4_rep2/outs/filtered_feature_bc_matrix/features.tsv.gz
    log: logs/cellranger_count_G4_rep2
    jobid: 8
    reason: Missing output files: /project/sims-lab/lmorrill/data/lightning/alignment/cellrangerOUT/G4_rep2/outs/filtered_feature_bc_matrix/features.tsv.gz
    wildcards: sample=G4_rep2
    resources: mem_mb=1000, mem_mib=954, disk_mb=1000, disk_mib=954, tmpdir=<TBD>

cd /project/sims-lab/lmorrill/data/lightning/alignment/cellrangerOUT/; /project/sims-lab/lmorrill/cellranger/cellranger-7.1.0/bin/cellranger count --id=G4_rep2 --fastqs=/project/cncb/shared/proj002/backup/CELLRANGER_OUT/ --sample=636200_21,654654_21,660727_21,660728_21,660729_21,660730_21,660731_21,660732_21 --transcriptome=/project/sims-lab/lmorrill/data/genomes/dmel649CORRECTED --chemistry=SC3Pv3 --force-cells=10000 --nosecondary
Submitted job 8 with external jobid 'Submitted batch job 4928365'.

[Fri Jan 27 14:32:24 2023]
rule cellranger_count:
    input: ../data/lightning/about_files/about-condition-G3_rep2.txt
    output: /project/sims-lab/lmorrill/data/lightning/alignment/cellrangerOUT/G3_rep2/outs/filtered_feature_bc_matrix/features.tsv.gz
    log: logs/cellranger_count_G3_rep2
    jobid: 6
    reason: Missing output files: /project/sims-lab/lmorrill/data/lightning/alignment/cellrangerOUT/G3_rep2/outs/filtered_feature_bc_matrix/features.tsv.gz
    wildcards: sample=G3_rep2
    resources: mem_mb=1000, mem_mib=954, disk_mb=1000, disk_mib=954, tmpdir=<TBD>

cd /project/sims-lab/lmorrill/data/lightning/alignment/cellrangerOUT/; /project/sims-lab/lmorrill/cellranger/cellranger-7.1.0/bin/cellranger count --id=G3_rep2 --fastqs=/project/cncb/shared/proj002/backup/CELLRANGER_OUT/ --sample=636200_20,654654_20,660727_20,660728_20,660729_20,660730_20,660731_20,660732_20 --transcriptome=/project/sims-lab/lmorrill/data/genomes/dmel649CORRECTED --chemistry=SC3Pv3 --force-cells=10000 --nosecondary
Submitted job 6 with external jobid 'Submitted batch job 4928366'.

[Fri Jan 27 14:32:24 2023]
rule cellranger_count:
    input: ../data/lightning/about_files/about-condition-G3_rep1.txt
    output: /project/sims-lab/lmorrill/data/lightning/alignment/cellrangerOUT/G3_rep1/outs/filtered_feature_bc_matrix/features.tsv.gz
    log: logs/cellranger_count_G3_rep1
    jobid: 5
    reason: Missing output files: /project/sims-lab/lmorrill/data/lightning/alignment/cellrangerOUT/G3_rep1/outs/filtered_feature_bc_matrix/features.tsv.gz
    wildcards: sample=G3_rep1
    resources: mem_mb=1000, mem_mib=954, disk_mb=1000, disk_mib=954, tmpdir=<TBD>

cd /project/sims-lab/lmorrill/data/lightning/alignment/cellrangerOUT/; /project/sims-lab/lmorrill/cellranger/cellranger-7.1.0/bin/cellranger count --id=G3_rep1 --fastqs=/project/cncb/shared/proj002/backup/CELLRANGER_OUT/ --sample=636200_16,654654_16,660727_16,660728_16,660729_16,660730_16,660731_16,660732_16 --transcriptome=/project/sims-lab/lmorrill/data/genomes/dmel649CORRECTED --chemistry=SC3Pv3 --force-cells=10000 --nosecondary
Submitted job 5 with external jobid 'Submitted batch job 4928367'.
[Fri Jan 27 14:33:03 2023]
Error in rule cellranger_count:
    jobid: 3
    input: ../data/lightning/about_files/about-condition-G2_rep1.txt
    output: /project/sims-lab/lmorrill/data/lightning/alignment/cellrangerOUT/G2_rep1/outs/filtered_feature_bc_matrix/features.tsv.gz
    log: logs/cellranger_count_G2_rep1 (check log file(s) for error details)
    shell:
        cd /project/sims-lab/lmorrill/data/lightning/alignment/cellrangerOUT/; /project/sims-lab/lmorrill/cellranger/cellranger-7.1.0/bin/cellranger count --id=G2_rep1 --fastqs=/project/cncb/shared/proj002/backup/CELLRANGER_OUT/ --sample=636200_15,654654_15,660727_15,660728_15,660729_15,660730_15,660731_15,660732_15  --transcriptome=/project/sims-lab/lmorrill/data/genomes/dmel649CORRECTED --chemistry=SC3Pv3 --force-cells=10000 --nosecondary
        (one of the commands exited with non-zero exit code; note that snakemake uses bash strict mode!)
    cluster_jobid: Submitted batch job 4928362

Error executing rule cellranger_count on cluster (jobid: 3, external: Submitted batch job 4928362, jobscript: /Filers/home/l/lmorrill/projects/lighting/1_pipeline/.snakemake/tmp.lo1jvakg/snakejob.cellranger_count.3.sh). For error details see the cluster log and the log files of the involved rule(s).
[Fri Jan 27 14:33:03 2023]
Error in rule cellranger_count:
    jobid: 4
    input: ../data/lightning/about_files/about-condition-G2_rep2.txt
    output: /project/sims-lab/lmorrill/data/lightning/alignment/cellrangerOUT/G2_rep2/outs/filtered_feature_bc_matrix/features.tsv.gz
    log: logs/cellranger_count_G2_rep2 (check log file(s) for error details)
    shell:
        cd /project/sims-lab/lmorrill/data/lightning/alignment/cellrangerOUT/; /project/sims-lab/lmorrill/cellranger/cellranger-7.1.0/bin/cellranger count --id=G2_rep2 --fastqs=/project/cncb/shared/proj002/backup/CELLRANGER_OUT/ --sample=636200_19,654654_19,660727_19,660728_19,660729_19,660730_19,660731_19,660732_19 --transcriptome=/project/sims-lab/lmorrill/data/genomes/dmel649CORRECTED --chemistry=SC3Pv3 --force-cells=10000 --nosecondary
        (one of the commands exited with non-zero exit code; note that snakemake uses bash strict mode!)
    cluster_jobid: Submitted batch job 4928363

Error executing rule cellranger_count on cluster (jobid: 4, external: Submitted batch job 4928363, jobscript: /Filers/home/l/lmorrill/projects/lighting/1_pipeline/.snakemake/tmp.lo1jvakg/snakejob.cellranger_count.4.sh). For error details see the cluster log and the log files of the involved rule(s).
[Fri Jan 27 14:33:03 2023]
Error in rule cellranger_count:
    jobid: 2
    input: ../data/lightning/about_files/about-condition-G1_rep2.txt
    output: /project/sims-lab/lmorrill/data/lightning/alignment/cellrangerOUT/G1_rep2/outs/filtered_feature_bc_matrix/features.tsv.gz
    log: logs/cellranger_count_G1_rep2 (check log file(s) for error details)
    shell:
        cd /project/sims-lab/lmorrill/data/lightning/alignment/cellrangerOUT/; /project/sims-lab/lmorrill/cellranger/cellranger-7.1.0/bin/cellranger count --id=G1_rep2 --fastqs=/project/cncb/shared/proj002/backup/CELLRANGER_OUT/ --sample=636200_18,654654_18,660727_18,660728_18,660729_18,660730_18,660731_18,660732_18 --transcriptome=/project/sims-lab/lmorrill/data/genomes/dmel649CORRECTED --chemistry=SC3Pv3 --force-cells=10000 --nosecondary
        (one of the commands exited with non-zero exit code; note that snakemake uses bash strict mode!)
    cluster_jobid: Submitted batch job 4928364

Error executing rule cellranger_count on cluster (jobid: 2, external: Submitted batch job 4928364, jobscript: /Filers/home/l/lmorrill/projects/lighting/1_pipeline/.snakemake/tmp.lo1jvakg/snakejob.cellranger_count.2.sh). For error details see the cluster log and the log files of the involved rule(s).
[Fri Jan 27 14:33:03 2023]
Error in rule cellranger_count:
    jobid: 8
    input: ../data/lightning/about_files/about-condition-G4_rep2.txt
    output: /project/sims-lab/lmorrill/data/lightning/alignment/cellrangerOUT/G4_rep2/outs/filtered_feature_bc_matrix/features.tsv.gz
    log: logs/cellranger_count_G4_rep2 (check log file(s) for error details)
    shell:
        cd /project/sims-lab/lmorrill/data/lightning/alignment/cellrangerOUT/; /project/sims-lab/lmorrill/cellranger/cellranger-7.1.0/bin/cellranger count --id=G4_rep2 --fastqs=/project/cncb/shared/proj002/backup/CELLRANGER_OUT/ --sample=636200_21,654654_21,660727_21,660728_21,660729_21,660730_21,660731_21,660732_21 --transcriptome=/project/sims-lab/lmorrill/data/genomes/dmel649CORRECTED --chemistry=SC3Pv3 --force-cells=10000 --nosecondary
        (one of the commands exited with non-zero exit code; note that snakemake uses bash strict mode!)
    cluster_jobid: Submitted batch job 4928365

Error executing rule cellranger_count on cluster (jobid: 8, external: Submitted batch job 4928365, jobscript: /Filers/home/l/lmorrill/projects/lighting/1_pipeline/.snakemake/tmp.lo1jvakg/snakejob.cellranger_count.8.sh). For error details see the cluster log and the log files of the involved rule(s).
[Fri Jan 27 14:33:03 2023]
Error in rule cellranger_count:
    jobid: 6
    input: ../data/lightning/about_files/about-condition-G3_rep2.txt
    output: /project/sims-lab/lmorrill/data/lightning/alignment/cellrangerOUT/G3_rep2/outs/filtered_feature_bc_matrix/features.tsv.gz
    log: logs/cellranger_count_G3_rep2 (check log file(s) for error details)
    shell:
        cd /project/sims-lab/lmorrill/data/lightning/alignment/cellrangerOUT/; /project/sims-lab/lmorrill/cellranger/cellranger-7.1.0/bin/cellranger count --id=G3_rep2 --fastqs=/project/cncb/shared/proj002/backup/CELLRANGER_OUT/ --sample=636200_20,654654_20,660727_20,660728_20,660729_20,660730_20,660731_20,660732_20 --transcriptome=/project/sims-lab/lmorrill/data/genomes/dmel649CORRECTED --chemistry=SC3Pv3 --force-cells=10000 --nosecondary
        (one of the commands exited with non-zero exit code; note that snakemake uses bash strict mode!)
    cluster_jobid: Submitted batch job 4928366

Error executing rule cellranger_count on cluster (jobid: 6, external: Submitted batch job 4928366, jobscript: /Filers/home/l/lmorrill/projects/lighting/1_pipeline/.snakemake/tmp.lo1jvakg/snakejob.cellranger_count.6.sh). For error details see the cluster log and the log files of the involved rule(s).
[Fri Jan 27 14:33:03 2023]
Error in rule cellranger_count:
    jobid: 5
    input: ../data/lightning/about_files/about-condition-G3_rep1.txt
    output: /project/sims-lab/lmorrill/data/lightning/alignment/cellrangerOUT/G3_rep1/outs/filtered_feature_bc_matrix/features.tsv.gz
    log: logs/cellranger_count_G3_rep1 (check log file(s) for error details)
    shell:
        cd /project/sims-lab/lmorrill/data/lightning/alignment/cellrangerOUT/; /project/sims-lab/lmorrill/cellranger/cellranger-7.1.0/bin/cellranger count --id=G3_rep1 --fastqs=/project/cncb/shared/proj002/backup/CELLRANGER_OUT/ --sample=636200_16,654654_16,660727_16,660728_16,660729_16,660730_16,660731_16,660732_16 --transcriptome=/project/sims-lab/lmorrill/data/genomes/dmel649CORRECTED --chemistry=SC3Pv3 --force-cells=10000 --nosecondary
        (one of the commands exited with non-zero exit code; note that snakemake uses bash strict mode!)
    cluster_jobid: Submitted batch job 4928367

Error executing rule cellranger_count on cluster (jobid: 5, external: Submitted batch job 4928367, jobscript: /Filers/home/l/lmorrill/projects/lighting/1_pipeline/.snakemake/tmp.lo1jvakg/snakejob.cellranger_count.5.sh). For error details see the cluster log and the log files of the involved rule(s).
Shutting down, this might take some time.
Exiting because a job execution failed. Look above for error message
Complete log: .snakemake/log/2023-01-27T143221.472276.snakemake.log
