Building DAG of jobs...
Using shell: /usr/bin/bash
Provided cluster nodes: 8
Job stats:
job                 count    min threads    max threads
----------------  -------  -------------  -------------
all                     1              1              1
cellranger_count        2              1              1
total                   3              1              1

Select jobs to execute...

[Mon Feb 20 09:21:12 2023]
rule cellranger_count:
    input: ../data/lightning/about_files/about-condition-G3_rep1.txt
    output: /project/sims-lab/lmorrill/data/lightning/alignment/cellrangerOUT/dmel649Chrimson/G3_rep1/G3_rep1/outs/filtered_feature_bc_matrix/features.tsv.gz
    log: logs/cellranger_count_G3_rep1
    jobid: 5
    reason: Missing output files: /project/sims-lab/lmorrill/data/lightning/alignment/cellrangerOUT/dmel649Chrimson/G3_rep1/G3_rep1/outs/filtered_feature_bc_matrix/features.tsv.gz
    wildcards: sample=G3_rep1
    resources: mem_mb=1000, mem_mib=954, disk_mb=1000, disk_mib=954, tmpdir=<TBD>

cd /project/sims-lab/lmorrill/data/lightning/alignment/cellrangerOUT/dmel649Chrimson//G3_rep1; rm -r /project/sims-lab/lmorrill/data/lightning/alignment/cellrangerOUT/dmel649Chrimson/G3_rep1/G3_rep1; /project/sims-lab/lmorrill/cellranger/cellranger-7.1.0/bin/cellranger count --id=G3_rep1 --fastqs=/project/cncb/shared/proj002/backup/CELLRANGER_OUT/ --sample=636200_16,654654_16,660727_16,660728_16,660729_16,660730_16,660731_16,660732_16 --transcriptome=/project/sims-lab/lmorrill/data/genomes/dmel649Chrimson --chemistry=SC3Pv3 --force-cells=10000 --nosecondary
Submitted job 5 with external jobid 'Submitted batch job 4994589'.

[Mon Feb 20 09:21:12 2023]
rule cellranger_count:
    input: ../data/lightning/about_files/about-condition-G4_rep1.txt
    output: /project/sims-lab/lmorrill/data/lightning/alignment/cellrangerOUT/dmel649Chrimson/G4_rep1/G4_rep1/outs/filtered_feature_bc_matrix/features.tsv.gz
    log: logs/cellranger_count_G4_rep1
    jobid: 7
    reason: Missing output files: /project/sims-lab/lmorrill/data/lightning/alignment/cellrangerOUT/dmel649Chrimson/G4_rep1/G4_rep1/outs/filtered_feature_bc_matrix/features.tsv.gz
    wildcards: sample=G4_rep1
    resources: mem_mb=1000, mem_mib=954, disk_mb=1000, disk_mib=954, tmpdir=<TBD>

cd /project/sims-lab/lmorrill/data/lightning/alignment/cellrangerOUT/dmel649Chrimson//G4_rep1; rm -r /project/sims-lab/lmorrill/data/lightning/alignment/cellrangerOUT/dmel649Chrimson/G4_rep1/G4_rep1; /project/sims-lab/lmorrill/cellranger/cellranger-7.1.0/bin/cellranger count --id=G4_rep1 --fastqs=/project/cncb/shared/proj002/backup/CELLRANGER_OUT/ --sample=636200_17,654654_17,660727_17,660728_17,660729_17,660730_17,660731_17,660732_17 --transcriptome=/project/sims-lab/lmorrill/data/genomes/dmel649Chrimson --chemistry=SC3Pv3 --force-cells=10000 --nosecondary
Submitted job 7 with external jobid 'Submitted batch job 4994590'.
[Tue Feb 21 18:25:54 2023]
Finished job 7.
1 of 3 steps (33%) done
[Tue Feb 21 19:00:26 2023]
Finished job 5.
2 of 3 steps (67%) done
Select jobs to execute...

[Tue Feb 21 19:00:26 2023]
localrule all:
    input: /project/sims-lab/lmorrill/data/lightning/alignment/cellrangerOUT/dmel649Chrimson/G1_rep1/G1_rep1/outs/filtered_feature_bc_matrix/features.tsv.gz, /project/sims-lab/lmorrill/data/lightning/alignment/cellrangerOUT/dmel649Chrimson/G1_rep2/G1_rep2/outs/filtered_feature_bc_matrix/features.tsv.gz, /project/sims-lab/lmorrill/data/lightning/alignment/cellrangerOUT/dmel649Chrimson/G2_rep1/G2_rep1/outs/filtered_feature_bc_matrix/features.tsv.gz, /project/sims-lab/lmorrill/data/lightning/alignment/cellrangerOUT/dmel649Chrimson/G2_rep2/G2_rep2/outs/filtered_feature_bc_matrix/features.tsv.gz, /project/sims-lab/lmorrill/data/lightning/alignment/cellrangerOUT/dmel649Chrimson/G3_rep1/G3_rep1/outs/filtered_feature_bc_matrix/features.tsv.gz, /project/sims-lab/lmorrill/data/lightning/alignment/cellrangerOUT/dmel649Chrimson/G3_rep2/G3_rep2/outs/filtered_feature_bc_matrix/features.tsv.gz, /project/sims-lab/lmorrill/data/lightning/alignment/cellrangerOUT/dmel649Chrimson/G4_rep1/G4_rep1/outs/filtered_feature_bc_matrix/features.tsv.gz, /project/sims-lab/lmorrill/data/lightning/alignment/cellrangerOUT/dmel649Chrimson/G4_rep2/G4_rep2/outs/filtered_feature_bc_matrix/features.tsv.gz
    jobid: 0
    reason: Input files updated by another job: /project/sims-lab/lmorrill/data/lightning/alignment/cellrangerOUT/dmel649Chrimson/G4_rep1/G4_rep1/outs/filtered_feature_bc_matrix/features.tsv.gz, /project/sims-lab/lmorrill/data/lightning/alignment/cellrangerOUT/dmel649Chrimson/G3_rep1/G3_rep1/outs/filtered_feature_bc_matrix/features.tsv.gz
    resources: mem_mb=1000, mem_mib=954, disk_mb=1000, disk_mib=954, tmpdir=/tmp

[Tue Feb 21 19:00:26 2023]
Finished job 0.
3 of 3 steps (100%) done
Complete log: .snakemake/log/2023-02-20T092110.060069.snakemake.log
