Building DAG of jobs...
Using shell: /usr/bin/bash
Provided cluster nodes: 6
Job stats:
job                 count    min threads    max threads
----------------  -------  -------------  -------------
all                     1              1              1
cellranger_count        1              1              1
total                   2              1              1

Select jobs to execute...

[Mon Jan 16 09:49:50 2023]
rule cellranger_count:
    input: ../data/lightning/about_files/about-condition-G1_rep1.txt
    output: /home/l/lmorrill/t1data/data/lightning/alignment/cellrangerOUT/G1_rep1/filtered_feature_bc_matrix/features.tsv.gz
    log: logs/cellranger_count_G1_rep1
    jobid: 1
    reason: Missing output files: /home/l/lmorrill/t1data/data/lightning/alignment/cellrangerOUT/G1_rep1/filtered_feature_bc_matrix/features.tsv.gz
    wildcards: sample=G1_rep1
    resources: mem_mb=1000, mem_mib=954, disk_mb=1000, disk_mib=954, tmpdir=<TBD>

cd /home/l/lmorrill/t1data/data/lightning/alignment/cellrangerOUT/G1_rep1/; /home/l/lmorrill/t1data/cellranger/cellranger-7.1.0/bin/cellranger count --id=G1_rep1 --fastqs=/t1-data/project/cncb/shared/proj002/backup/CELLRANGER_OUT/ --sample=636200_14,654654_14,660727_14,660728_14,660729_14,660730_14,660731_14,660732_14 --transcriptome=/home/l/lmorrill/t1data/data/genomes/dmel649CORRECTED --chemistry=SC3Pv3 --localcores=24 --localmem=1GB --force-cells=10000 --nosecondary
Submitted job 1 with external jobid 'Submitted batch job 4920391'.
[Mon Jan 16 09:50:29 2023]
Error in rule cellranger_count:
    jobid: 1
    input: ../data/lightning/about_files/about-condition-G1_rep1.txt
    output: /home/l/lmorrill/t1data/data/lightning/alignment/cellrangerOUT/G1_rep1/filtered_feature_bc_matrix/features.tsv.gz
    log: logs/cellranger_count_G1_rep1 (check log file(s) for error details)
    shell:
        cd /home/l/lmorrill/t1data/data/lightning/alignment/cellrangerOUT/G1_rep1/; /home/l/lmorrill/t1data/cellranger/cellranger-7.1.0/bin/cellranger count --id=G1_rep1 --fastqs=/t1-data/project/cncb/shared/proj002/backup/CELLRANGER_OUT/ --sample=636200_14,654654_14,660727_14,660728_14,660729_14,660730_14,660731_14,660732_14 --transcriptome=/home/l/lmorrill/t1data/data/genomes/dmel649CORRECTED --chemistry=SC3Pv3 --localcores=24 --localmem=1GB --force-cells=10000 --nosecondary
        (one of the commands exited with non-zero exit code; note that snakemake uses bash strict mode!)
    cluster_jobid: Submitted batch job 4920391

Error executing rule cellranger_count on cluster (jobid: 1, external: Submitted batch job 4920391, jobscript: /Filers/home/l/lmorrill/projects/lighting/1_pipeline/.snakemake/tmp.41msf4ux/snakejob.cellranger_count.1.sh). For error details see the cluster log and the log files of the involved rule(s).
Shutting down, this might take some time.
Exiting because a job execution failed. Look above for error message
Complete log: .snakemake/log/2023-01-16T094947.949410.snakemake.log
