Building DAG of jobs...
Using shell: /usr/bin/bash
Provided cluster nodes: 6
Job stats:
job                 count    min threads    max threads
----------------  -------  -------------  -------------
all                     1              1              1
cellranger_count        8              1              1
total                   9              1              1

Select jobs to execute...

[Tue Feb  7 16:34:19 2023]
rule cellranger_count:
    input: ../data/lightning/about_files/about-condition-G2_rep1.txt
    output: /project/sims-lab/lmorrill/data/lightning/alignment/cellrangerOUT/dmel649Chrimson/G2_rep1/G2_rep1/outs/filtered_feature_bc_matrix/features.tsv.gz
    log: logs/cellranger_count_G2_rep1
    jobid: 3
    reason: Missing output files: /project/sims-lab/lmorrill/data/lightning/alignment/cellrangerOUT/dmel649Chrimson/G2_rep1/G2_rep1/outs/filtered_feature_bc_matrix/features.tsv.gz
    wildcards: sample=G2_rep1
    resources: mem_mb=1000, mem_mib=954, disk_mb=1000, disk_mib=954, tmpdir=<TBD>

cd /project/sims-lab/lmorrill/data/lightning/alignment/cellrangerOUT/dmel649Chrimson//G2_rep1; rm -r /project/sims-lab/lmorrill/data/lightning/alignment/cellrangerOUT/dmel649Chrimson/G2_rep1/G2_rep1; /project/sims-lab/lmorrill/cellranger/cellranger-7.1.0/bin/cellranger count --id=G2_rep1 --fastqs=/project/cncb/shared/proj002/backup/CELLRANGER_OUT/ --sample=636200_15,654654_15,660727_15,660728_15,660729_15,660730_15,660731_15,660732_15  --transcriptome=/project/sims-lab/lmorrill/data/genomes/dmel649Chrimson --chemistry=SC3Pv3 --force-cells=10000 --nosecondary
Submitted job 3 with external jobid 'Submitted batch job 4960099'.

[Tue Feb  7 16:34:19 2023]
rule cellranger_count:
    input: ../data/lightning/about_files/about-condition-G2_rep2.txt
    output: /project/sims-lab/lmorrill/data/lightning/alignment/cellrangerOUT/dmel649Chrimson/G2_rep2/G2_rep2/outs/filtered_feature_bc_matrix/features.tsv.gz
    log: logs/cellranger_count_G2_rep2
    jobid: 4
    reason: Missing output files: /project/sims-lab/lmorrill/data/lightning/alignment/cellrangerOUT/dmel649Chrimson/G2_rep2/G2_rep2/outs/filtered_feature_bc_matrix/features.tsv.gz
    wildcards: sample=G2_rep2
    resources: mem_mb=1000, mem_mib=954, disk_mb=1000, disk_mib=954, tmpdir=<TBD>

cd /project/sims-lab/lmorrill/data/lightning/alignment/cellrangerOUT/dmel649Chrimson//G2_rep2; rm -r /project/sims-lab/lmorrill/data/lightning/alignment/cellrangerOUT/dmel649Chrimson/G2_rep2/G2_rep2; /project/sims-lab/lmorrill/cellranger/cellranger-7.1.0/bin/cellranger count --id=G2_rep2 --fastqs=/project/cncb/shared/proj002/backup/CELLRANGER_OUT/ --sample=636200_19,654654_19,660727_19,660728_19,660729_19,660730_19,660731_19,660732_19 --transcriptome=/project/sims-lab/lmorrill/data/genomes/dmel649Chrimson --chemistry=SC3Pv3 --force-cells=10000 --nosecondary
Submitted job 4 with external jobid 'Submitted batch job 4960100'.

[Tue Feb  7 16:34:19 2023]
rule cellranger_count:
    input: ../data/lightning/about_files/about-condition-G1_rep1.txt
    output: /project/sims-lab/lmorrill/data/lightning/alignment/cellrangerOUT/dmel649Chrimson/G1_rep1/G1_rep1/outs/filtered_feature_bc_matrix/features.tsv.gz
    log: logs/cellranger_count_G1_rep1
    jobid: 1
    reason: Missing output files: /project/sims-lab/lmorrill/data/lightning/alignment/cellrangerOUT/dmel649Chrimson/G1_rep1/G1_rep1/outs/filtered_feature_bc_matrix/features.tsv.gz
    wildcards: sample=G1_rep1
    resources: mem_mb=1000, mem_mib=954, disk_mb=1000, disk_mib=954, tmpdir=<TBD>

cd /project/sims-lab/lmorrill/data/lightning/alignment/cellrangerOUT/dmel649Chrimson//G1_rep1; rm -r /project/sims-lab/lmorrill/data/lightning/alignment/cellrangerOUT/dmel649Chrimson/G1_rep1/G1_rep1; /project/sims-lab/lmorrill/cellranger/cellranger-7.1.0/bin/cellranger count --id=G1_rep1 --fastqs=/project/cncb/shared/proj002/backup/CELLRANGER_OUT/ --sample=636200_14,654654_14,660727_14,660728_14,660729_14,660730_14,660731_14,660732_14 --transcriptome=/project/sims-lab/lmorrill/data/genomes/dmel649Chrimson --chemistry=SC3Pv3 --force-cells=10000 --nosecondary
Submitted job 1 with external jobid 'Submitted batch job 4960101'.

[Tue Feb  7 16:34:19 2023]
rule cellranger_count:
    input: ../data/lightning/about_files/about-condition-G3_rep2.txt
    output: /project/sims-lab/lmorrill/data/lightning/alignment/cellrangerOUT/dmel649Chrimson/G3_rep2/G3_rep2/outs/filtered_feature_bc_matrix/features.tsv.gz
    log: logs/cellranger_count_G3_rep2
    jobid: 6
    reason: Missing output files: /project/sims-lab/lmorrill/data/lightning/alignment/cellrangerOUT/dmel649Chrimson/G3_rep2/G3_rep2/outs/filtered_feature_bc_matrix/features.tsv.gz
    wildcards: sample=G3_rep2
    resources: mem_mb=1000, mem_mib=954, disk_mb=1000, disk_mib=954, tmpdir=<TBD>

cd /project/sims-lab/lmorrill/data/lightning/alignment/cellrangerOUT/dmel649Chrimson//G3_rep2; rm -r /project/sims-lab/lmorrill/data/lightning/alignment/cellrangerOUT/dmel649Chrimson/G3_rep2/G3_rep2; /project/sims-lab/lmorrill/cellranger/cellranger-7.1.0/bin/cellranger count --id=G3_rep2 --fastqs=/project/cncb/shared/proj002/backup/CELLRANGER_OUT/ --sample=636200_20,654654_20,660727_20,660728_20,660729_20,660730_20,660731_20,660732_20 --transcriptome=/project/sims-lab/lmorrill/data/genomes/dmel649Chrimson --chemistry=SC3Pv3 --force-cells=10000 --nosecondary
Submitted job 6 with external jobid 'Submitted batch job 4960102'.

[Tue Feb  7 16:34:19 2023]
rule cellranger_count:
    input: ../data/lightning/about_files/about-condition-G1_rep2.txt
    output: /project/sims-lab/lmorrill/data/lightning/alignment/cellrangerOUT/dmel649Chrimson/G1_rep2/G1_rep2/outs/filtered_feature_bc_matrix/features.tsv.gz
    log: logs/cellranger_count_G1_rep2
    jobid: 2
    reason: Missing output files: /project/sims-lab/lmorrill/data/lightning/alignment/cellrangerOUT/dmel649Chrimson/G1_rep2/G1_rep2/outs/filtered_feature_bc_matrix/features.tsv.gz
    wildcards: sample=G1_rep2
    resources: mem_mb=1000, mem_mib=954, disk_mb=1000, disk_mib=954, tmpdir=<TBD>

cd /project/sims-lab/lmorrill/data/lightning/alignment/cellrangerOUT/dmel649Chrimson//G1_rep2; rm -r /project/sims-lab/lmorrill/data/lightning/alignment/cellrangerOUT/dmel649Chrimson/G1_rep2/G1_rep2; /project/sims-lab/lmorrill/cellranger/cellranger-7.1.0/bin/cellranger count --id=G1_rep2 --fastqs=/project/cncb/shared/proj002/backup/CELLRANGER_OUT/ --sample=636200_18,654654_18,660727_18,660728_18,660729_18,660730_18,660731_18,660732_18 --transcriptome=/project/sims-lab/lmorrill/data/genomes/dmel649Chrimson --chemistry=SC3Pv3 --force-cells=10000 --nosecondary
Submitted job 2 with external jobid 'Submitted batch job 4960103'.

[Tue Feb  7 16:34:19 2023]
rule cellranger_count:
    input: ../data/lightning/about_files/about-condition-G4_rep2.txt
    output: /project/sims-lab/lmorrill/data/lightning/alignment/cellrangerOUT/dmel649Chrimson/G4_rep2/G4_rep2/outs/filtered_feature_bc_matrix/features.tsv.gz
    log: logs/cellranger_count_G4_rep2
    jobid: 8
    reason: Missing output files: /project/sims-lab/lmorrill/data/lightning/alignment/cellrangerOUT/dmel649Chrimson/G4_rep2/G4_rep2/outs/filtered_feature_bc_matrix/features.tsv.gz
    wildcards: sample=G4_rep2
    resources: mem_mb=1000, mem_mib=954, disk_mb=1000, disk_mib=954, tmpdir=<TBD>

cd /project/sims-lab/lmorrill/data/lightning/alignment/cellrangerOUT/dmel649Chrimson//G4_rep2; rm -r /project/sims-lab/lmorrill/data/lightning/alignment/cellrangerOUT/dmel649Chrimson/G4_rep2/G4_rep2; /project/sims-lab/lmorrill/cellranger/cellranger-7.1.0/bin/cellranger count --id=G4_rep2 --fastqs=/project/cncb/shared/proj002/backup/CELLRANGER_OUT/ --sample=636200_21,654654_21,660727_21,660728_21,660729_21,660730_21,660731_21,660732_21 --transcriptome=/project/sims-lab/lmorrill/data/genomes/dmel649Chrimson --chemistry=SC3Pv3 --force-cells=10000 --nosecondary
Submitted job 8 with external jobid 'Submitted batch job 4960104'.
[Thu Feb  9 04:00:57 2023]
Finished job 8.
1 of 9 steps (11%) done
Select jobs to execute...

[Thu Feb  9 04:00:59 2023]
rule cellranger_count:
    input: ../data/lightning/about_files/about-condition-G4_rep1.txt
    output: /project/sims-lab/lmorrill/data/lightning/alignment/cellrangerOUT/dmel649Chrimson/G4_rep1/G4_rep1/outs/filtered_feature_bc_matrix/features.tsv.gz
    log: logs/cellranger_count_G4_rep1
    jobid: 7
    reason: Missing output files: /project/sims-lab/lmorrill/data/lightning/alignment/cellrangerOUT/dmel649Chrimson/G4_rep1/G4_rep1/outs/filtered_feature_bc_matrix/features.tsv.gz
    wildcards: sample=G4_rep1
    resources: mem_mb=1000, mem_mib=954, disk_mb=1000, disk_mib=954, tmpdir=<TBD>

cd /project/sims-lab/lmorrill/data/lightning/alignment/cellrangerOUT/dmel649Chrimson//G4_rep1; rm -r /project/sims-lab/lmorrill/data/lightning/alignment/cellrangerOUT/dmel649Chrimson/G4_rep1/G4_rep1; /project/sims-lab/lmorrill/cellranger/cellranger-7.1.0/bin/cellranger count --id=G4_rep1 --fastqs=/project/cncb/shared/proj002/backup/CELLRANGER_OUT/ --sample=636200_17,654654_17,660727_17,660728_17,660729_17,660730_17,660731_17,660732_17 --transcriptome=/project/sims-lab/lmorrill/data/genomes/dmel649Chrimson --chemistry=SC3Pv3 --force-cells=10000 --nosecondary
Submitted job 7 with external jobid 'Submitted batch job 4979958'.
[Thu Feb  9 09:07:15 2023]
Finished job 1.
2 of 9 steps (22%) done
Select jobs to execute...

[Thu Feb  9 09:07:15 2023]
rule cellranger_count:
    input: ../data/lightning/about_files/about-condition-G3_rep1.txt
    output: /project/sims-lab/lmorrill/data/lightning/alignment/cellrangerOUT/dmel649Chrimson/G3_rep1/G3_rep1/outs/filtered_feature_bc_matrix/features.tsv.gz
    log: logs/cellranger_count_G3_rep1
    jobid: 5
    reason: Missing output files: /project/sims-lab/lmorrill/data/lightning/alignment/cellrangerOUT/dmel649Chrimson/G3_rep1/G3_rep1/outs/filtered_feature_bc_matrix/features.tsv.gz
    wildcards: sample=G3_rep1
    resources: mem_mb=1000, mem_mib=954, disk_mb=1000, disk_mib=954, tmpdir=<TBD>

cd /project/sims-lab/lmorrill/data/lightning/alignment/cellrangerOUT/dmel649Chrimson//G3_rep1; rm -r /project/sims-lab/lmorrill/data/lightning/alignment/cellrangerOUT/dmel649Chrimson/G3_rep1/G3_rep1; /project/sims-lab/lmorrill/cellranger/cellranger-7.1.0/bin/cellranger count --id=G3_rep1 --fastqs=/project/cncb/shared/proj002/backup/CELLRANGER_OUT/ --sample=636200_16,654654_16,660727_16,660728_16,660729_16,660730_16,660731_16,660732_16 --transcriptome=/project/sims-lab/lmorrill/data/genomes/dmel649Chrimson --chemistry=SC3Pv3 --force-cells=10000 --nosecondary
Submitted job 5 with external jobid 'Submitted batch job 4979997'.
[Thu Feb  9 13:39:55 2023]
Finished job 6.
3 of 9 steps (33%) done
[Thu Feb  9 14:24:43 2023]
Finished job 3.
4 of 9 steps (44%) done
[Thu Feb  9 19:36:24 2023]
Finished job 2.
5 of 9 steps (56%) done
[Thu Feb  9 23:46:42 2023]
Finished job 4.
6 of 9 steps (67%) done
