Building DAG of jobs...
Using shell: /usr/bin/bash
Provided cluster nodes: 6
Job stats:
job                 count    min threads    max threads
----------------  -------  -------------  -------------
all                     1              1              1
cellranger_count        8              1              1
total                   9              1              1

Select jobs to execute...

[Tue Jan 10 09:53:34 2023]
rule cellranger_count:
    input: ../data/lightning/about_files/about-condition-G2_rep1.txt
    output: /home/l/lmorrill/t1data/data/lightning/alignment/cellrangerOUT/G2_rep1/filtered_feature_bc_matrix/features.tsv.gz
    log: logs/cellranger_count_G2_rep1
    jobid: 3
    reason: Missing output files: /home/l/lmorrill/t1data/data/lightning/alignment/cellrangerOUT/G2_rep1/filtered_feature_bc_matrix/features.tsv.gz
    wildcards: sample=G2_rep1
    resources: mem_mb=1000, mem_mib=954, disk_mb=1000, disk_mib=954, tmpdir=<TBD>

/home/l/lmorrill/t1data/cellranger/cellranger-7.1.0/bin/cellranger count --id=G2_rep1 --fastqs=/t1-data/project/cncb/shared/proj002/backup/CELLRANGER_OUT/ --sample=636200_15,654654_15,660727_15,660728_15,660729_15,660730_15,660731_15,660732_15  --transcriptome=/home/l/lmorrill/t1data/data/genomes/dmel649CORRECTED --chemistry=SC3Pv3 --localcores=2 --localmem=300 --force-cells=10000 --nosecondary
Submitted job 3 with external jobid 'Submitted batch job 4905122'.

[Tue Jan 10 09:53:34 2023]
rule cellranger_count:
    input: ../data/lightning/about_files/about-condition-G2_rep2.txt
    output: /home/l/lmorrill/t1data/data/lightning/alignment/cellrangerOUT/G2_rep2/filtered_feature_bc_matrix/features.tsv.gz
    log: logs/cellranger_count_G2_rep2
    jobid: 4
    reason: Missing output files: /home/l/lmorrill/t1data/data/lightning/alignment/cellrangerOUT/G2_rep2/filtered_feature_bc_matrix/features.tsv.gz
    wildcards: sample=G2_rep2
    resources: mem_mb=1000, mem_mib=954, disk_mb=1000, disk_mib=954, tmpdir=<TBD>

/home/l/lmorrill/t1data/cellranger/cellranger-7.1.0/bin/cellranger count --id=G2_rep2 --fastqs=/t1-data/project/cncb/shared/proj002/backup/CELLRANGER_OUT/ --sample=636200_19,654654_19,660727_19,660728_19,660729_19,660730_19,660731_19,660732_19 --transcriptome=/home/l/lmorrill/t1data/data/genomes/dmel649CORRECTED --chemistry=SC3Pv3 --localcores=2 --localmem=300 --force-cells=10000 --nosecondary
Submitted job 4 with external jobid 'Submitted batch job 4905123'.

[Tue Jan 10 09:53:34 2023]
rule cellranger_count:
    input: ../data/lightning/about_files/about-condition-G1_rep1.txt
    output: /home/l/lmorrill/t1data/data/lightning/alignment/cellrangerOUT/G1_rep1/filtered_feature_bc_matrix/features.tsv.gz
    log: logs/cellranger_count_G1_rep1
    jobid: 1
    reason: Missing output files: /home/l/lmorrill/t1data/data/lightning/alignment/cellrangerOUT/G1_rep1/filtered_feature_bc_matrix/features.tsv.gz
    wildcards: sample=G1_rep1
    resources: mem_mb=1000, mem_mib=954, disk_mb=1000, disk_mib=954, tmpdir=<TBD>

/home/l/lmorrill/t1data/cellranger/cellranger-7.1.0/bin/cellranger count --id=G1_rep1 --fastqs=/t1-data/project/cncb/shared/proj002/backup/CELLRANGER_OUT/ --sample=636200_14,654654_14,660727_14,660728_14,660729_14,660730_14,660731_14,660732_14 --transcriptome=/home/l/lmorrill/t1data/data/genomes/dmel649CORRECTED --chemistry=SC3Pv3 --localcores=2 --localmem=300 --force-cells=10000 --nosecondary
Submitted job 1 with external jobid 'Submitted batch job 4905124'.

[Tue Jan 10 09:53:34 2023]
rule cellranger_count:
    input: ../data/lightning/about_files/about-condition-G3_rep2.txt
    output: /home/l/lmorrill/t1data/data/lightning/alignment/cellrangerOUT/G3_rep2/filtered_feature_bc_matrix/features.tsv.gz
    log: logs/cellranger_count_G3_rep2
    jobid: 6
    reason: Missing output files: /home/l/lmorrill/t1data/data/lightning/alignment/cellrangerOUT/G3_rep2/filtered_feature_bc_matrix/features.tsv.gz
    wildcards: sample=G3_rep2
    resources: mem_mb=1000, mem_mib=954, disk_mb=1000, disk_mib=954, tmpdir=<TBD>

/home/l/lmorrill/t1data/cellranger/cellranger-7.1.0/bin/cellranger count --id=G3_rep2 --fastqs=/t1-data/project/cncb/shared/proj002/backup/CELLRANGER_OUT/ --sample=636200_20,654654_20,660727_20,660728_20,660729_20,660730_20,660731_20,660732_20 --transcriptome=/home/l/lmorrill/t1data/data/genomes/dmel649CORRECTED --chemistry=SC3Pv3 --localcores=2 --localmem=300 --force-cells=10000 --nosecondary
Submitted job 6 with external jobid 'Submitted batch job 4905125'.

[Tue Jan 10 09:53:34 2023]
rule cellranger_count:
    input: ../data/lightning/about_files/about-condition-G1_rep2.txt
    output: /home/l/lmorrill/t1data/data/lightning/alignment/cellrangerOUT/G1_rep2/filtered_feature_bc_matrix/features.tsv.gz
    log: logs/cellranger_count_G1_rep2
    jobid: 2
    reason: Missing output files: /home/l/lmorrill/t1data/data/lightning/alignment/cellrangerOUT/G1_rep2/filtered_feature_bc_matrix/features.tsv.gz
    wildcards: sample=G1_rep2
    resources: mem_mb=1000, mem_mib=954, disk_mb=1000, disk_mib=954, tmpdir=<TBD>

/home/l/lmorrill/t1data/cellranger/cellranger-7.1.0/bin/cellranger count --id=G1_rep2 --fastqs=/t1-data/project/cncb/shared/proj002/backup/CELLRANGER_OUT/ --sample=636200_18,654654_18,660727_18,660728_18,660729_18,660730_18,660731_18,660732_18 --transcriptome=/home/l/lmorrill/t1data/data/genomes/dmel649CORRECTED --chemistry=SC3Pv3 --localcores=2 --localmem=300 --force-cells=10000 --nosecondary
Submitted job 2 with external jobid 'Submitted batch job 4905126'.

[Tue Jan 10 09:53:34 2023]
rule cellranger_count:
    input: ../data/lightning/about_files/about-condition-G4_rep2.txt
    output: /home/l/lmorrill/t1data/data/lightning/alignment/cellrangerOUT/G4_rep2/filtered_feature_bc_matrix/features.tsv.gz
    log: logs/cellranger_count_G4_rep2
    jobid: 8
    reason: Missing output files: /home/l/lmorrill/t1data/data/lightning/alignment/cellrangerOUT/G4_rep2/filtered_feature_bc_matrix/features.tsv.gz
    wildcards: sample=G4_rep2
    resources: mem_mb=1000, mem_mib=954, disk_mb=1000, disk_mib=954, tmpdir=<TBD>

/home/l/lmorrill/t1data/cellranger/cellranger-7.1.0/bin/cellranger count --id=G4_rep2 --fastqs=/t1-data/project/cncb/shared/proj002/backup/CELLRANGER_OUT/ --sample=636200_21,654654_21,660727_21,660728_21,660729_21,660730_21,660731_21,660732_21 --transcriptome=/home/l/lmorrill/t1data/data/genomes/dmel649CORRECTED --chemistry=SC3Pv3 --localcores=2 --localmem=300 --force-cells=10000 --nosecondary
Submitted job 8 with external jobid 'Submitted batch job 4905127'.
Terminating processes on user request, this might take some time.
No --cluster-cancel given. Will exit after finishing currently running jobs.
Cancelling snakemake on user request.
