Building DAG of jobs...
Using shell: /usr/bin/bash
Provided cluster nodes: 6
Job stats:
job                 count    min threads    max threads
----------------  -------  -------------  -------------
all                     1              1              1
cellranger_count        1              1              1
total                   2              1              1

Select jobs to execute...

[Fri Feb  3 10:04:08 2023]
rule cellranger_count:
    input: ../data/lightning/about_files/about-condition-G4_rep1.txt
    output: /project/sims-lab/lmorrill/data/lightning/alignment/cellrangerOUT/G4_rep1/G4_rep1/outs/filtered_feature_bc_matrix/features.tsv.gz
    log: logs/cellranger_count_G4_rep1
    jobid: 7
    reason: Missing output files: /project/sims-lab/lmorrill/data/lightning/alignment/cellrangerOUT/G4_rep1/G4_rep1/outs/filtered_feature_bc_matrix/features.tsv.gz
    wildcards: sample=G4_rep1
    resources: mem_mb=1000, mem_mib=954, disk_mb=1000, disk_mib=954, tmpdir=<TBD>

RuleException in rule cellranger_count in file /Filers/home/l/lmorrill/projects/lighting/1_pipeline/Snakefile, line 39:
NameError: The name 'sample' is unknown in this context. Did you mean 'wildcards.sample'?, when formatting the following:
cd {folder_out_cellranger}/{wildcards.sample}; rm -r /project/sims-lab/lmorrill/data/lightning/alignment/cellrangerOUT/{sample}/{sample}; /project/sims-lab/lmorrill/cellranger/cellranger-7.1.0/bin/cellranger count --id={wildcards.sample} --fastqs=/project/cncb/shared/proj002/backup/CELLRANGER_OUT/ --sample={params.cells} --transcriptome={transcriptome} --chemistry={chemistry} --force-cells=10000 --nosecondary
