Building DAG of jobs...
Using shell: /usr/bin/bash
Provided cluster nodes: 6
Job stats:
job                 count    min threads    max threads
----------------  -------  -------------  -------------
all                     1              1              1
cellranger_count        8              1              1
total                   9              1              1

Select jobs to execute...

[Tue Jan 10 09:50:02 2023]
rule cellranger_count:
    input: ../data/lightning/about_files/about-condition-G2_rep1.txt
    output: /home/l/lmorrill/t1data/data/lightning/alignment/cellrangerOUT/G2_rep1/filtered_feature_bc_matrix/features.tsv.gz
    jobid: 3
    reason: Missing output files: /home/l/lmorrill/t1data/data/lightning/alignment/cellrangerOUT/G2_rep1/filtered_feature_bc_matrix/features.tsv.gz
    wildcards: sample=G2_rep1
    resources: mem_mb=1000, mem_mib=954, disk_mb=1000, disk_mib=954, tmpdir=<TBD>

/home/l/lmorrill/t1data/cellranger/cellranger-7.1.0/bin/cellranger count --id=G2_rep1 --fastqs=/t1-data/project/cncb/shared/proj002/backup/CELLRANGER_OUT/ --sample=636200_15,654654_15,660727_15,660728_15,660729_15,660730_15,660731_15,660732_15  --transcriptome=/home/l/lmorrill/t1data/data/genomes/dmel649CORRECTED --chemistry=SC3Pv3 --localcores=24 --localmem=1GB --force-cells=10000 --nosecondary
Submitted job 3 with external jobid 'Submitted batch job 4905114'.

[Tue Jan 10 09:50:02 2023]
rule cellranger_count:
    input: ../data/lightning/about_files/about-condition-G4_rep2.txt
    output: /home/l/lmorrill/t1data/data/lightning/alignment/cellrangerOUT/G4_rep2/filtered_feature_bc_matrix/features.tsv.gz
    jobid: 8
    reason: Missing output files: /home/l/lmorrill/t1data/data/lightning/alignment/cellrangerOUT/G4_rep2/filtered_feature_bc_matrix/features.tsv.gz
    wildcards: sample=G4_rep2
    resources: mem_mb=1000, mem_mib=954, disk_mb=1000, disk_mib=954, tmpdir=<TBD>

/home/l/lmorrill/t1data/cellranger/cellranger-7.1.0/bin/cellranger count --id=G4_rep2 --fastqs=/t1-data/project/cncb/shared/proj002/backup/CELLRANGER_OUT/ --sample=636200_21,654654_21,660727_21,660728_21,660729_21,660730_21,660731_21,660732_21 --transcriptome=/home/l/lmorrill/t1data/data/genomes/dmel649CORRECTED --chemistry=SC3Pv3 --localcores=24 --localmem=1GB --force-cells=10000 --nosecondary
Submitted job 8 with external jobid 'Submitted batch job 4905115'.

[Tue Jan 10 09:50:02 2023]
rule cellranger_count:
    input: ../data/lightning/about_files/about-condition-G3_rep1.txt
    output: /home/l/lmorrill/t1data/data/lightning/alignment/cellrangerOUT/G3_rep1/filtered_feature_bc_matrix/features.tsv.gz
    jobid: 5
    reason: Missing output files: /home/l/lmorrill/t1data/data/lightning/alignment/cellrangerOUT/G3_rep1/filtered_feature_bc_matrix/features.tsv.gz
    wildcards: sample=G3_rep1
    resources: mem_mb=1000, mem_mib=954, disk_mb=1000, disk_mib=954, tmpdir=<TBD>

/home/l/lmorrill/t1data/cellranger/cellranger-7.1.0/bin/cellranger count --id=G3_rep1 --fastqs=/t1-data/project/cncb/shared/proj002/backup/CELLRANGER_OUT/ --sample=636200_16,654654_16,660727_16,660728_16,660729_16,660730_16,660731_16,660732_16 --transcriptome=/home/l/lmorrill/t1data/data/genomes/dmel649CORRECTED --chemistry=SC3Pv3 --localcores=24 --localmem=1GB --force-cells=10000 --nosecondary
Submitted job 5 with external jobid 'Submitted batch job 4905116'.

[Tue Jan 10 09:50:02 2023]
rule cellranger_count:
    input: ../data/lightning/about_files/about-condition-G1_rep1.txt
    output: /home/l/lmorrill/t1data/data/lightning/alignment/cellrangerOUT/G1_rep1/filtered_feature_bc_matrix/features.tsv.gz
    jobid: 1
    reason: Missing output files: /home/l/lmorrill/t1data/data/lightning/alignment/cellrangerOUT/G1_rep1/filtered_feature_bc_matrix/features.tsv.gz
    wildcards: sample=G1_rep1
    resources: mem_mb=1000, mem_mib=954, disk_mb=1000, disk_mib=954, tmpdir=<TBD>

/home/l/lmorrill/t1data/cellranger/cellranger-7.1.0/bin/cellranger count --id=G1_rep1 --fastqs=/t1-data/project/cncb/shared/proj002/backup/CELLRANGER_OUT/ --sample=636200_14,654654_14,660727_14,660728_14,660729_14,660730_14,660731_14,660732_14 --transcriptome=/home/l/lmorrill/t1data/data/genomes/dmel649CORRECTED --chemistry=SC3Pv3 --localcores=24 --localmem=1GB --force-cells=10000 --nosecondary
Submitted job 1 with external jobid 'Submitted batch job 4905117'.

[Tue Jan 10 09:50:02 2023]
rule cellranger_count:
    input: ../data/lightning/about_files/about-condition-G1_rep2.txt
    output: /home/l/lmorrill/t1data/data/lightning/alignment/cellrangerOUT/G1_rep2/filtered_feature_bc_matrix/features.tsv.gz
    jobid: 2
    reason: Missing output files: /home/l/lmorrill/t1data/data/lightning/alignment/cellrangerOUT/G1_rep2/filtered_feature_bc_matrix/features.tsv.gz
    wildcards: sample=G1_rep2
    resources: mem_mb=1000, mem_mib=954, disk_mb=1000, disk_mib=954, tmpdir=<TBD>

/home/l/lmorrill/t1data/cellranger/cellranger-7.1.0/bin/cellranger count --id=G1_rep2 --fastqs=/t1-data/project/cncb/shared/proj002/backup/CELLRANGER_OUT/ --sample=636200_18,654654_18,660727_18,660728_18,660729_18,660730_18,660731_18,660732_18 --transcriptome=/home/l/lmorrill/t1data/data/genomes/dmel649CORRECTED --chemistry=SC3Pv3 --localcores=24 --localmem=1GB --force-cells=10000 --nosecondary
Submitted job 2 with external jobid 'Submitted batch job 4905118'.

[Tue Jan 10 09:50:02 2023]
rule cellranger_count:
    input: ../data/lightning/about_files/about-condition-G4_rep1.txt
    output: /home/l/lmorrill/t1data/data/lightning/alignment/cellrangerOUT/G4_rep1/filtered_feature_bc_matrix/features.tsv.gz
    jobid: 7
    reason: Missing output files: /home/l/lmorrill/t1data/data/lightning/alignment/cellrangerOUT/G4_rep1/filtered_feature_bc_matrix/features.tsv.gz
    wildcards: sample=G4_rep1
    resources: mem_mb=1000, mem_mib=954, disk_mb=1000, disk_mib=954, tmpdir=<TBD>

/home/l/lmorrill/t1data/cellranger/cellranger-7.1.0/bin/cellranger count --id=G4_rep1 --fastqs=/t1-data/project/cncb/shared/proj002/backup/CELLRANGER_OUT/ --sample=636200_17,654654_17,660727_17,660728_17,660729_17,660730_17,660731_17,660732_17 --transcriptome=/home/l/lmorrill/t1data/data/genomes/dmel649CORRECTED --chemistry=SC3Pv3 --localcores=24 --localmem=1GB --force-cells=10000 --nosecondary
Submitted job 7 with external jobid 'Submitted batch job 4905119'.
[Tue Jan 10 09:50:11 2023]
Error in rule cellranger_count:
    jobid: 3
    input: ../data/lightning/about_files/about-condition-G2_rep1.txt
    output: /home/l/lmorrill/t1data/data/lightning/alignment/cellrangerOUT/G2_rep1/filtered_feature_bc_matrix/features.tsv.gz
    shell:
        /home/l/lmorrill/t1data/cellranger/cellranger-7.1.0/bin/cellranger count --id=G2_rep1 --fastqs=/t1-data/project/cncb/shared/proj002/backup/CELLRANGER_OUT/ --sample=636200_15,654654_15,660727_15,660728_15,660729_15,660730_15,660731_15,660732_15  --transcriptome=/home/l/lmorrill/t1data/data/genomes/dmel649CORRECTED --chemistry=SC3Pv3 --localcores=24 --localmem=1GB --force-cells=10000 --nosecondary
        (one of the commands exited with non-zero exit code; note that snakemake uses bash strict mode!)
    cluster_jobid: Submitted batch job 4905114

Error executing rule cellranger_count on cluster (jobid: 3, external: Submitted batch job 4905114, jobscript: /Filers/home/l/lmorrill/projects/lighting/1_pipeline/.snakemake/tmp.x7yijtbn/snakejob.cellranger_count.3.sh). For error details see the cluster log and the log files of the involved rule(s).
[Tue Jan 10 09:50:11 2023]
Error in rule cellranger_count:
    jobid: 8
    input: ../data/lightning/about_files/about-condition-G4_rep2.txt
    output: /home/l/lmorrill/t1data/data/lightning/alignment/cellrangerOUT/G4_rep2/filtered_feature_bc_matrix/features.tsv.gz
    shell:
        /home/l/lmorrill/t1data/cellranger/cellranger-7.1.0/bin/cellranger count --id=G4_rep2 --fastqs=/t1-data/project/cncb/shared/proj002/backup/CELLRANGER_OUT/ --sample=636200_21,654654_21,660727_21,660728_21,660729_21,660730_21,660731_21,660732_21 --transcriptome=/home/l/lmorrill/t1data/data/genomes/dmel649CORRECTED --chemistry=SC3Pv3 --localcores=24 --localmem=1GB --force-cells=10000 --nosecondary
        (one of the commands exited with non-zero exit code; note that snakemake uses bash strict mode!)
    cluster_jobid: Submitted batch job 4905115

Error executing rule cellranger_count on cluster (jobid: 8, external: Submitted batch job 4905115, jobscript: /Filers/home/l/lmorrill/projects/lighting/1_pipeline/.snakemake/tmp.x7yijtbn/snakejob.cellranger_count.8.sh). For error details see the cluster log and the log files of the involved rule(s).
[Tue Jan 10 09:50:11 2023]
Error in rule cellranger_count:
    jobid: 5
    input: ../data/lightning/about_files/about-condition-G3_rep1.txt
    output: /home/l/lmorrill/t1data/data/lightning/alignment/cellrangerOUT/G3_rep1/filtered_feature_bc_matrix/features.tsv.gz
    shell:
        /home/l/lmorrill/t1data/cellranger/cellranger-7.1.0/bin/cellranger count --id=G3_rep1 --fastqs=/t1-data/project/cncb/shared/proj002/backup/CELLRANGER_OUT/ --sample=636200_16,654654_16,660727_16,660728_16,660729_16,660730_16,660731_16,660732_16 --transcriptome=/home/l/lmorrill/t1data/data/genomes/dmel649CORRECTED --chemistry=SC3Pv3 --localcores=24 --localmem=1GB --force-cells=10000 --nosecondary
        (one of the commands exited with non-zero exit code; note that snakemake uses bash strict mode!)
    cluster_jobid: Submitted batch job 4905116

Error executing rule cellranger_count on cluster (jobid: 5, external: Submitted batch job 4905116, jobscript: /Filers/home/l/lmorrill/projects/lighting/1_pipeline/.snakemake/tmp.x7yijtbn/snakejob.cellranger_count.5.sh). For error details see the cluster log and the log files of the involved rule(s).
[Tue Jan 10 09:50:11 2023]
Error in rule cellranger_count:
    jobid: 1
    input: ../data/lightning/about_files/about-condition-G1_rep1.txt
    output: /home/l/lmorrill/t1data/data/lightning/alignment/cellrangerOUT/G1_rep1/filtered_feature_bc_matrix/features.tsv.gz
    shell:
        /home/l/lmorrill/t1data/cellranger/cellranger-7.1.0/bin/cellranger count --id=G1_rep1 --fastqs=/t1-data/project/cncb/shared/proj002/backup/CELLRANGER_OUT/ --sample=636200_14,654654_14,660727_14,660728_14,660729_14,660730_14,660731_14,660732_14 --transcriptome=/home/l/lmorrill/t1data/data/genomes/dmel649CORRECTED --chemistry=SC3Pv3 --localcores=24 --localmem=1GB --force-cells=10000 --nosecondary
        (one of the commands exited with non-zero exit code; note that snakemake uses bash strict mode!)
    cluster_jobid: Submitted batch job 4905117

Error executing rule cellranger_count on cluster (jobid: 1, external: Submitted batch job 4905117, jobscript: /Filers/home/l/lmorrill/projects/lighting/1_pipeline/.snakemake/tmp.x7yijtbn/snakejob.cellranger_count.1.sh). For error details see the cluster log and the log files of the involved rule(s).
[Tue Jan 10 09:50:11 2023]
Error in rule cellranger_count:
    jobid: 2
    input: ../data/lightning/about_files/about-condition-G1_rep2.txt
    output: /home/l/lmorrill/t1data/data/lightning/alignment/cellrangerOUT/G1_rep2/filtered_feature_bc_matrix/features.tsv.gz
    shell:
        /home/l/lmorrill/t1data/cellranger/cellranger-7.1.0/bin/cellranger count --id=G1_rep2 --fastqs=/t1-data/project/cncb/shared/proj002/backup/CELLRANGER_OUT/ --sample=636200_18,654654_18,660727_18,660728_18,660729_18,660730_18,660731_18,660732_18 --transcriptome=/home/l/lmorrill/t1data/data/genomes/dmel649CORRECTED --chemistry=SC3Pv3 --localcores=24 --localmem=1GB --force-cells=10000 --nosecondary
        (one of the commands exited with non-zero exit code; note that snakemake uses bash strict mode!)
    cluster_jobid: Submitted batch job 4905118

Error executing rule cellranger_count on cluster (jobid: 2, external: Submitted batch job 4905118, jobscript: /Filers/home/l/lmorrill/projects/lighting/1_pipeline/.snakemake/tmp.x7yijtbn/snakejob.cellranger_count.2.sh). For error details see the cluster log and the log files of the involved rule(s).
Terminating processes on user request, this might take some time.
No --cluster-cancel given. Will exit after finishing currently running jobs.
Cancelling snakemake on user request.
