Building DAG of jobs...
Using shell: /usr/bin/bash
Provided cluster nodes: 6
Job stats:
job                 count    min threads    max threads
----------------  -------  -------------  -------------
all                     1              1              1
cellranger_count        8              1              1
total                   9              1              1

Select jobs to execute...

[Mon Jan  9 14:33:33 2023]
rule cellranger_count:
    input: ../data/lightning/about_files/about-condition-G2_rep1.txt
    output: /home/l/lmorrill/t1data/data/lightning/alignment/cellrangerOUT/G2_rep1/filtered_feature_bc_matrix/features.tsv.gz
    jobid: 3
    reason: Missing output files: /home/l/lmorrill/t1data/data/lightning/alignment/cellrangerOUT/G2_rep1/filtered_feature_bc_matrix/features.tsv.gz
    wildcards: sample=G2_rep1
    resources: mem_mb=1000, mem_mib=954, disk_mb=1000, disk_mib=954, tmpdir=<TBD>

RuleException in rule cellranger_count in file /Filers/home/l/lmorrill/projects/lighting/1_pipeline/Snakefile, line 31:
NameError: The name 'cells' is unknown in this context. Please make sure that you defined that variable. Also note that braces not used for variable access have to be escaped by repeating them, i.e. {{print $1}}, when formatting the following:
/home/l/lmorrill/t1data/cellranger/cellranger-7.1.0/bin/cellranger count --id={wildcards.sample} --fastqs=/t1-data/project/cncb/shared/proj002/backup/CELLRANGER_OUT/ --sample={cells} --transcriptome={transcriptome} --chemistry={chemistry} --localcores={local_cores} --localmem={local_memory} --force-cells=10000 --nosecondary
