Building DAG of jobs...
Using shell: /usr/bin/bash
Provided cluster nodes: 8
Job stats:
job           count    min threads    max threads
----------  -------  -------------  -------------
all               1              1              1
run_script       30              1              1
total            31              1              1

Select jobs to execute...

[Thu Mar 23 13:14:27 2023]
rule run_script:
    input: ABOUT
    output: /home/l/lmorrill/projects/lighting/data/robjects/KB-dmel649ChrimsonV2/clustering_nPCs/15.RDS
    log: logs/log_compute_clusters_PCs_resolution_nPC15
    jobid: 6
    reason: Missing output files: /home/l/lmorrill/projects/lighting/data/robjects/KB-dmel649ChrimsonV2/clustering_nPCs/15.RDS
    wildcards: nPC=15
    resources: mem_mb=1000, mem_mib=954, disk_mb=1000, disk_mib=954, tmpdir=<TBD>

RScript compute_clusters_PCs_resolution.R --nPCs 15
Submitted job 6 with external jobid 'Submitted batch job 5047877'.

[Thu Mar 23 13:14:27 2023]
rule run_script:
    input: ABOUT
    output: /home/l/lmorrill/projects/lighting/data/robjects/KB-dmel649ChrimsonV2/clustering_nPCs/11.RDS
    log: logs/log_compute_clusters_PCs_resolution_nPC11
    jobid: 2
    reason: Missing output files: /home/l/lmorrill/projects/lighting/data/robjects/KB-dmel649ChrimsonV2/clustering_nPCs/11.RDS
    wildcards: nPC=11
    resources: mem_mb=1000, mem_mib=954, disk_mb=1000, disk_mib=954, tmpdir=<TBD>

RScript compute_clusters_PCs_resolution.R --nPCs 11
Submitted job 2 with external jobid 'Submitted batch job 5047878'.

[Thu Mar 23 13:14:27 2023]
rule run_script:
    input: ABOUT
    output: /home/l/lmorrill/projects/lighting/data/robjects/KB-dmel649ChrimsonV2/clustering_nPCs/39.RDS
    log: logs/log_compute_clusters_PCs_resolution_nPC39
    jobid: 30
    reason: Missing output files: /home/l/lmorrill/projects/lighting/data/robjects/KB-dmel649ChrimsonV2/clustering_nPCs/39.RDS
    wildcards: nPC=39
    resources: mem_mb=1000, mem_mib=954, disk_mb=1000, disk_mib=954, tmpdir=<TBD>

RScript compute_clusters_PCs_resolution.R --nPCs 39
Submitted job 30 with external jobid 'Submitted batch job 5047879'.

[Thu Mar 23 13:14:27 2023]
rule run_script:
    input: ABOUT
    output: /home/l/lmorrill/projects/lighting/data/robjects/KB-dmel649ChrimsonV2/clustering_nPCs/32.RDS
    log: logs/log_compute_clusters_PCs_resolution_nPC32
    jobid: 23
    reason: Missing output files: /home/l/lmorrill/projects/lighting/data/robjects/KB-dmel649ChrimsonV2/clustering_nPCs/32.RDS
    wildcards: nPC=32
    resources: mem_mb=1000, mem_mib=954, disk_mb=1000, disk_mib=954, tmpdir=<TBD>

RScript compute_clusters_PCs_resolution.R --nPCs 32
Submitted job 23 with external jobid 'Submitted batch job 5047880'.

[Thu Mar 23 13:14:27 2023]
rule run_script:
    input: ABOUT
    output: /home/l/lmorrill/projects/lighting/data/robjects/KB-dmel649ChrimsonV2/clustering_nPCs/25.RDS
    log: logs/log_compute_clusters_PCs_resolution_nPC25
    jobid: 16
    reason: Missing output files: /home/l/lmorrill/projects/lighting/data/robjects/KB-dmel649ChrimsonV2/clustering_nPCs/25.RDS
    wildcards: nPC=25
    resources: mem_mb=1000, mem_mib=954, disk_mb=1000, disk_mib=954, tmpdir=<TBD>

RScript compute_clusters_PCs_resolution.R --nPCs 25
Submitted job 16 with external jobid 'Submitted batch job 5047881'.

[Thu Mar 23 13:14:27 2023]
rule run_script:
    input: ABOUT
    output: /home/l/lmorrill/projects/lighting/data/robjects/KB-dmel649ChrimsonV2/clustering_nPCs/36.RDS
    log: logs/log_compute_clusters_PCs_resolution_nPC36
    jobid: 27
    reason: Missing output files: /home/l/lmorrill/projects/lighting/data/robjects/KB-dmel649ChrimsonV2/clustering_nPCs/36.RDS
    wildcards: nPC=36
    resources: mem_mb=1000, mem_mib=954, disk_mb=1000, disk_mib=954, tmpdir=<TBD>

RScript compute_clusters_PCs_resolution.R --nPCs 36
Submitted job 27 with external jobid 'Submitted batch job 5047882'.

[Thu Mar 23 13:14:27 2023]
rule run_script:
    input: ABOUT
    output: /home/l/lmorrill/projects/lighting/data/robjects/KB-dmel649ChrimsonV2/clustering_nPCs/16.RDS
    log: logs/log_compute_clusters_PCs_resolution_nPC16
    jobid: 7
    reason: Missing output files: /home/l/lmorrill/projects/lighting/data/robjects/KB-dmel649ChrimsonV2/clustering_nPCs/16.RDS
    wildcards: nPC=16
    resources: mem_mb=1000, mem_mib=954, disk_mb=1000, disk_mib=954, tmpdir=<TBD>

RScript compute_clusters_PCs_resolution.R --nPCs 16
Submitted job 7 with external jobid 'Submitted batch job 5047883'.

[Thu Mar 23 13:14:27 2023]
rule run_script:
    input: ABOUT
    output: /home/l/lmorrill/projects/lighting/data/robjects/KB-dmel649ChrimsonV2/clustering_nPCs/12.RDS
    log: logs/log_compute_clusters_PCs_resolution_nPC12
    jobid: 3
    reason: Missing output files: /home/l/lmorrill/projects/lighting/data/robjects/KB-dmel649ChrimsonV2/clustering_nPCs/12.RDS
    wildcards: nPC=12
    resources: mem_mb=1000, mem_mib=954, disk_mb=1000, disk_mib=954, tmpdir=<TBD>

RScript compute_clusters_PCs_resolution.R --nPCs 12
Submitted job 3 with external jobid 'Submitted batch job 5047884'.
[Thu Mar 23 13:16:07 2023]
Error in rule run_script:
    jobid: 6
    input: ABOUT
    output: /home/l/lmorrill/projects/lighting/data/robjects/KB-dmel649ChrimsonV2/clustering_nPCs/15.RDS
    log: logs/log_compute_clusters_PCs_resolution_nPC15 (check log file(s) for error details)
    shell:
        RScript compute_clusters_PCs_resolution.R --nPCs 15
        (one of the commands exited with non-zero exit code; note that snakemake uses bash strict mode!)
    cluster_jobid: Submitted batch job 5047877

Error executing rule run_script on cluster (jobid: 6, external: Submitted batch job 5047877, jobscript: /Filers/home/l/lmorrill/projects/lighting/2_analyses/compute_clusters/.snakemake/tmp.79w3ssbz/snakejob.run_script.6.sh). For error details see the cluster log and the log files of the involved rule(s).
[Thu Mar 23 13:16:07 2023]
Error in rule run_script:
    jobid: 2
    input: ABOUT
    output: /home/l/lmorrill/projects/lighting/data/robjects/KB-dmel649ChrimsonV2/clustering_nPCs/11.RDS
    log: logs/log_compute_clusters_PCs_resolution_nPC11 (check log file(s) for error details)
    shell:
        RScript compute_clusters_PCs_resolution.R --nPCs 11
        (one of the commands exited with non-zero exit code; note that snakemake uses bash strict mode!)
    cluster_jobid: Submitted batch job 5047878

Error executing rule run_script on cluster (jobid: 2, external: Submitted batch job 5047878, jobscript: /Filers/home/l/lmorrill/projects/lighting/2_analyses/compute_clusters/.snakemake/tmp.79w3ssbz/snakejob.run_script.2.sh). For error details see the cluster log and the log files of the involved rule(s).
[Thu Mar 23 13:16:07 2023]
Error in rule run_script:
    jobid: 30
    input: ABOUT
    output: /home/l/lmorrill/projects/lighting/data/robjects/KB-dmel649ChrimsonV2/clustering_nPCs/39.RDS
    log: logs/log_compute_clusters_PCs_resolution_nPC39 (check log file(s) for error details)
    shell:
        RScript compute_clusters_PCs_resolution.R --nPCs 39
        (one of the commands exited with non-zero exit code; note that snakemake uses bash strict mode!)
    cluster_jobid: Submitted batch job 5047879

Error executing rule run_script on cluster (jobid: 30, external: Submitted batch job 5047879, jobscript: /Filers/home/l/lmorrill/projects/lighting/2_analyses/compute_clusters/.snakemake/tmp.79w3ssbz/snakejob.run_script.30.sh). For error details see the cluster log and the log files of the involved rule(s).
[Thu Mar 23 13:16:07 2023]
Error in rule run_script:
    jobid: 23
    input: ABOUT
    output: /home/l/lmorrill/projects/lighting/data/robjects/KB-dmel649ChrimsonV2/clustering_nPCs/32.RDS
    log: logs/log_compute_clusters_PCs_resolution_nPC32 (check log file(s) for error details)
    shell:
        RScript compute_clusters_PCs_resolution.R --nPCs 32
        (one of the commands exited with non-zero exit code; note that snakemake uses bash strict mode!)
    cluster_jobid: Submitted batch job 5047880

Error executing rule run_script on cluster (jobid: 23, external: Submitted batch job 5047880, jobscript: /Filers/home/l/lmorrill/projects/lighting/2_analyses/compute_clusters/.snakemake/tmp.79w3ssbz/snakejob.run_script.23.sh). For error details see the cluster log and the log files of the involved rule(s).
[Thu Mar 23 13:16:07 2023]
Error in rule run_script:
    jobid: 16
    input: ABOUT
    output: /home/l/lmorrill/projects/lighting/data/robjects/KB-dmel649ChrimsonV2/clustering_nPCs/25.RDS
    log: logs/log_compute_clusters_PCs_resolution_nPC25 (check log file(s) for error details)
    shell:
        RScript compute_clusters_PCs_resolution.R --nPCs 25
        (one of the commands exited with non-zero exit code; note that snakemake uses bash strict mode!)
    cluster_jobid: Submitted batch job 5047881

Error executing rule run_script on cluster (jobid: 16, external: Submitted batch job 5047881, jobscript: /Filers/home/l/lmorrill/projects/lighting/2_analyses/compute_clusters/.snakemake/tmp.79w3ssbz/snakejob.run_script.16.sh). For error details see the cluster log and the log files of the involved rule(s).
[Thu Mar 23 13:16:07 2023]
Error in rule run_script:
    jobid: 27
    input: ABOUT
    output: /home/l/lmorrill/projects/lighting/data/robjects/KB-dmel649ChrimsonV2/clustering_nPCs/36.RDS
    log: logs/log_compute_clusters_PCs_resolution_nPC36 (check log file(s) for error details)
    shell:
        RScript compute_clusters_PCs_resolution.R --nPCs 36
        (one of the commands exited with non-zero exit code; note that snakemake uses bash strict mode!)
    cluster_jobid: Submitted batch job 5047882

Error executing rule run_script on cluster (jobid: 27, external: Submitted batch job 5047882, jobscript: /Filers/home/l/lmorrill/projects/lighting/2_analyses/compute_clusters/.snakemake/tmp.79w3ssbz/snakejob.run_script.27.sh). For error details see the cluster log and the log files of the involved rule(s).
[Thu Mar 23 13:16:07 2023]
Error in rule run_script:
    jobid: 7
    input: ABOUT
    output: /home/l/lmorrill/projects/lighting/data/robjects/KB-dmel649ChrimsonV2/clustering_nPCs/16.RDS
    log: logs/log_compute_clusters_PCs_resolution_nPC16 (check log file(s) for error details)
    shell:
        RScript compute_clusters_PCs_resolution.R --nPCs 16
        (one of the commands exited with non-zero exit code; note that snakemake uses bash strict mode!)
    cluster_jobid: Submitted batch job 5047883

Error executing rule run_script on cluster (jobid: 7, external: Submitted batch job 5047883, jobscript: /Filers/home/l/lmorrill/projects/lighting/2_analyses/compute_clusters/.snakemake/tmp.79w3ssbz/snakejob.run_script.7.sh). For error details see the cluster log and the log files of the involved rule(s).
[Thu Mar 23 13:16:07 2023]
Error in rule run_script:
    jobid: 3
    input: ABOUT
    output: /home/l/lmorrill/projects/lighting/data/robjects/KB-dmel649ChrimsonV2/clustering_nPCs/12.RDS
    log: logs/log_compute_clusters_PCs_resolution_nPC12 (check log file(s) for error details)
    shell:
        RScript compute_clusters_PCs_resolution.R --nPCs 12
        (one of the commands exited with non-zero exit code; note that snakemake uses bash strict mode!)
    cluster_jobid: Submitted batch job 5047884

Error executing rule run_script on cluster (jobid: 3, external: Submitted batch job 5047884, jobscript: /Filers/home/l/lmorrill/projects/lighting/2_analyses/compute_clusters/.snakemake/tmp.79w3ssbz/snakejob.run_script.3.sh). For error details see the cluster log and the log files of the involved rule(s).
Shutting down, this might take some time.
Exiting because a job execution failed. Look above for error message
Complete log: .snakemake/log/2023-03-23T131426.308716.snakemake.log
