Building DAG of jobs...
Using shell: /usr/bin/bash
Provided cluster nodes: 20
Job stats:
job           count    min threads    max threads
----------  -------  -------------  -------------
all               1              1              1
run_script       30              1              1
total            31              1              1

Select jobs to execute...

[Thu Mar 23 14:02:52 2023]
rule run_script:
    input: ABOUT
    output: /home/l/lmorrill/projects/lighting/data/robjects/KB-dmel649ChrimsonV2/clustering_nPCs/38.RDS
    log: logs/log_compute_clusters_PCs_resolution_nPC38
    jobid: 29
    reason: Missing output files: /home/l/lmorrill/projects/lighting/data/robjects/KB-dmel649ChrimsonV2/clustering_nPCs/38.RDS
    wildcards: nPC=38
    resources: mem_mb=1000, mem_mib=954, disk_mb=1000, disk_mib=954, tmpdir=<TBD>

/ceph/package/c7/R-base/4.2.0/bin/Rscript compute_clusters_PCs_resolution.R --nPCs 38
Submitted job 29 with external jobid 'Submitted batch job 5048378'.

[Thu Mar 23 14:02:52 2023]
rule run_script:
    input: ABOUT
    output: /home/l/lmorrill/projects/lighting/data/robjects/KB-dmel649ChrimsonV2/clustering_nPCs/24.RDS
    log: logs/log_compute_clusters_PCs_resolution_nPC24
    jobid: 15
    reason: Missing output files: /home/l/lmorrill/projects/lighting/data/robjects/KB-dmel649ChrimsonV2/clustering_nPCs/24.RDS
    wildcards: nPC=24
    resources: mem_mb=1000, mem_mib=954, disk_mb=1000, disk_mib=954, tmpdir=<TBD>

/ceph/package/c7/R-base/4.2.0/bin/Rscript compute_clusters_PCs_resolution.R --nPCs 24
Submitted job 15 with external jobid 'Submitted batch job 5048379'.

[Thu Mar 23 14:02:52 2023]
rule run_script:
    input: ABOUT
    output: /home/l/lmorrill/projects/lighting/data/robjects/KB-dmel649ChrimsonV2/clustering_nPCs/15.RDS
    log: logs/log_compute_clusters_PCs_resolution_nPC15
    jobid: 6
    reason: Missing output files: /home/l/lmorrill/projects/lighting/data/robjects/KB-dmel649ChrimsonV2/clustering_nPCs/15.RDS
    wildcards: nPC=15
    resources: mem_mb=1000, mem_mib=954, disk_mb=1000, disk_mib=954, tmpdir=<TBD>

/ceph/package/c7/R-base/4.2.0/bin/Rscript compute_clusters_PCs_resolution.R --nPCs 15
Submitted job 6 with external jobid 'Submitted batch job 5048380'.

[Thu Mar 23 14:02:52 2023]
rule run_script:
    input: ABOUT
    output: /home/l/lmorrill/projects/lighting/data/robjects/KB-dmel649ChrimsonV2/clustering_nPCs/11.RDS
    log: logs/log_compute_clusters_PCs_resolution_nPC11
    jobid: 2
    reason: Missing output files: /home/l/lmorrill/projects/lighting/data/robjects/KB-dmel649ChrimsonV2/clustering_nPCs/11.RDS
    wildcards: nPC=11
    resources: mem_mb=1000, mem_mib=954, disk_mb=1000, disk_mib=954, tmpdir=<TBD>

/ceph/package/c7/R-base/4.2.0/bin/Rscript compute_clusters_PCs_resolution.R --nPCs 11
Submitted job 2 with external jobid 'Submitted batch job 5048381'.

[Thu Mar 23 14:02:52 2023]
rule run_script:
    input: ABOUT
    output: /home/l/lmorrill/projects/lighting/data/robjects/KB-dmel649ChrimsonV2/clustering_nPCs/39.RDS
    log: logs/log_compute_clusters_PCs_resolution_nPC39
    jobid: 30
    reason: Missing output files: /home/l/lmorrill/projects/lighting/data/robjects/KB-dmel649ChrimsonV2/clustering_nPCs/39.RDS
    wildcards: nPC=39
    resources: mem_mb=1000, mem_mib=954, disk_mb=1000, disk_mib=954, tmpdir=<TBD>

/ceph/package/c7/R-base/4.2.0/bin/Rscript compute_clusters_PCs_resolution.R --nPCs 39
Submitted job 30 with external jobid 'Submitted batch job 5048382'.

[Thu Mar 23 14:02:52 2023]
rule run_script:
    input: ABOUT
    output: /home/l/lmorrill/projects/lighting/data/robjects/KB-dmel649ChrimsonV2/clustering_nPCs/32.RDS
    log: logs/log_compute_clusters_PCs_resolution_nPC32
    jobid: 23
    reason: Missing output files: /home/l/lmorrill/projects/lighting/data/robjects/KB-dmel649ChrimsonV2/clustering_nPCs/32.RDS
    wildcards: nPC=32
    resources: mem_mb=1000, mem_mib=954, disk_mb=1000, disk_mib=954, tmpdir=<TBD>

/ceph/package/c7/R-base/4.2.0/bin/Rscript compute_clusters_PCs_resolution.R --nPCs 32
Submitted job 23 with external jobid 'Submitted batch job 5048383'.

[Thu Mar 23 14:02:52 2023]
rule run_script:
    input: ABOUT
    output: /home/l/lmorrill/projects/lighting/data/robjects/KB-dmel649ChrimsonV2/clustering_nPCs/25.RDS
    log: logs/log_compute_clusters_PCs_resolution_nPC25
    jobid: 16
    reason: Missing output files: /home/l/lmorrill/projects/lighting/data/robjects/KB-dmel649ChrimsonV2/clustering_nPCs/25.RDS
    wildcards: nPC=25
    resources: mem_mb=1000, mem_mib=954, disk_mb=1000, disk_mib=954, tmpdir=<TBD>

/ceph/package/c7/R-base/4.2.0/bin/Rscript compute_clusters_PCs_resolution.R --nPCs 25
Submitted job 16 with external jobid 'Submitted batch job 5048384'.

[Thu Mar 23 14:02:52 2023]
rule run_script:
    input: ABOUT
    output: /home/l/lmorrill/projects/lighting/data/robjects/KB-dmel649ChrimsonV2/clustering_nPCs/16.RDS
    log: logs/log_compute_clusters_PCs_resolution_nPC16
    jobid: 7
    reason: Missing output files: /home/l/lmorrill/projects/lighting/data/robjects/KB-dmel649ChrimsonV2/clustering_nPCs/16.RDS
    wildcards: nPC=16
    resources: mem_mb=1000, mem_mib=954, disk_mb=1000, disk_mib=954, tmpdir=<TBD>

/ceph/package/c7/R-base/4.2.0/bin/Rscript compute_clusters_PCs_resolution.R --nPCs 16
Submitted job 7 with external jobid 'Submitted batch job 5048385'.

[Thu Mar 23 14:02:52 2023]
rule run_script:
    input: ABOUT
    output: /home/l/lmorrill/projects/lighting/data/robjects/KB-dmel649ChrimsonV2/clustering_nPCs/12.RDS
    log: logs/log_compute_clusters_PCs_resolution_nPC12
    jobid: 3
    reason: Missing output files: /home/l/lmorrill/projects/lighting/data/robjects/KB-dmel649ChrimsonV2/clustering_nPCs/12.RDS
    wildcards: nPC=12
    resources: mem_mb=1000, mem_mib=954, disk_mb=1000, disk_mib=954, tmpdir=<TBD>

/ceph/package/c7/R-base/4.2.0/bin/Rscript compute_clusters_PCs_resolution.R --nPCs 12
Submitted job 3 with external jobid 'Submitted batch job 5048387'.

[Thu Mar 23 14:02:52 2023]
rule run_script:
    input: ABOUT
    output: /home/l/lmorrill/projects/lighting/data/robjects/KB-dmel649ChrimsonV2/clustering_nPCs/28.RDS
    log: logs/log_compute_clusters_PCs_resolution_nPC28
    jobid: 19
    reason: Missing output files: /home/l/lmorrill/projects/lighting/data/robjects/KB-dmel649ChrimsonV2/clustering_nPCs/28.RDS
    wildcards: nPC=28
    resources: mem_mb=1000, mem_mib=954, disk_mb=1000, disk_mib=954, tmpdir=<TBD>

/ceph/package/c7/R-base/4.2.0/bin/Rscript compute_clusters_PCs_resolution.R --nPCs 28
Submitted job 19 with external jobid 'Submitted batch job 5048388'.

[Thu Mar 23 14:02:52 2023]
rule run_script:
    input: ABOUT
    output: /home/l/lmorrill/projects/lighting/data/robjects/KB-dmel649ChrimsonV2/clustering_nPCs/19.RDS
    log: logs/log_compute_clusters_PCs_resolution_nPC19
    jobid: 10
    reason: Missing output files: /home/l/lmorrill/projects/lighting/data/robjects/KB-dmel649ChrimsonV2/clustering_nPCs/19.RDS
    wildcards: nPC=19
    resources: mem_mb=1000, mem_mib=954, disk_mb=1000, disk_mib=954, tmpdir=<TBD>

/ceph/package/c7/R-base/4.2.0/bin/Rscript compute_clusters_PCs_resolution.R --nPCs 19
Submitted job 10 with external jobid 'Submitted batch job 5048389'.

[Thu Mar 23 14:02:52 2023]
rule run_script:
    input: ABOUT
    output: /home/l/lmorrill/projects/lighting/data/robjects/KB-dmel649ChrimsonV2/clustering_nPCs/14.RDS
    log: logs/log_compute_clusters_PCs_resolution_nPC14
    jobid: 5
    reason: Missing output files: /home/l/lmorrill/projects/lighting/data/robjects/KB-dmel649ChrimsonV2/clustering_nPCs/14.RDS
    wildcards: nPC=14
    resources: mem_mb=1000, mem_mib=954, disk_mb=1000, disk_mib=954, tmpdir=<TBD>

/ceph/package/c7/R-base/4.2.0/bin/Rscript compute_clusters_PCs_resolution.R --nPCs 14
Submitted job 5 with external jobid 'Submitted batch job 5048390'.

[Thu Mar 23 14:02:52 2023]
rule run_script:
    input: ABOUT
    output: /home/l/lmorrill/projects/lighting/data/robjects/KB-dmel649ChrimsonV2/clustering_nPCs/36.RDS
    log: logs/log_compute_clusters_PCs_resolution_nPC36
    jobid: 27
    reason: Missing output files: /home/l/lmorrill/projects/lighting/data/robjects/KB-dmel649ChrimsonV2/clustering_nPCs/36.RDS
    wildcards: nPC=36
    resources: mem_mb=1000, mem_mib=954, disk_mb=1000, disk_mib=954, tmpdir=<TBD>

/ceph/package/c7/R-base/4.2.0/bin/Rscript compute_clusters_PCs_resolution.R --nPCs 36
Submitted job 27 with external jobid 'Submitted batch job 5048391'.

[Thu Mar 23 14:02:52 2023]
rule run_script:
    input: ABOUT
    output: /home/l/lmorrill/projects/lighting/data/robjects/KB-dmel649ChrimsonV2/clustering_nPCs/29.RDS
    log: logs/log_compute_clusters_PCs_resolution_nPC29
    jobid: 20
    reason: Missing output files: /home/l/lmorrill/projects/lighting/data/robjects/KB-dmel649ChrimsonV2/clustering_nPCs/29.RDS
    wildcards: nPC=29
    resources: mem_mb=1000, mem_mib=954, disk_mb=1000, disk_mib=954, tmpdir=<TBD>

/ceph/package/c7/R-base/4.2.0/bin/Rscript compute_clusters_PCs_resolution.R --nPCs 29
Submitted job 20 with external jobid 'Submitted batch job 5048392'.

[Thu Mar 23 14:02:52 2023]
rule run_script:
    input: ABOUT
    output: /home/l/lmorrill/projects/lighting/data/robjects/KB-dmel649ChrimsonV2/clustering_nPCs/23.RDS
    log: logs/log_compute_clusters_PCs_resolution_nPC23
    jobid: 14
    reason: Missing output files: /home/l/lmorrill/projects/lighting/data/robjects/KB-dmel649ChrimsonV2/clustering_nPCs/23.RDS
    wildcards: nPC=23
    resources: mem_mb=1000, mem_mib=954, disk_mb=1000, disk_mib=954, tmpdir=<TBD>

/ceph/package/c7/R-base/4.2.0/bin/Rscript compute_clusters_PCs_resolution.R --nPCs 23
Submitted job 14 with external jobid 'Submitted batch job 5048393'.

[Thu Mar 23 14:02:52 2023]
rule run_script:
    input: ABOUT
    output: /home/l/lmorrill/projects/lighting/data/robjects/KB-dmel649ChrimsonV2/clustering_nPCs/22.RDS
    log: logs/log_compute_clusters_PCs_resolution_nPC22
    jobid: 13
    reason: Missing output files: /home/l/lmorrill/projects/lighting/data/robjects/KB-dmel649ChrimsonV2/clustering_nPCs/22.RDS
    wildcards: nPC=22
    resources: mem_mb=1000, mem_mib=954, disk_mb=1000, disk_mib=954, tmpdir=<TBD>

/ceph/package/c7/R-base/4.2.0/bin/Rscript compute_clusters_PCs_resolution.R --nPCs 22
Submitted job 13 with external jobid 'Submitted batch job 5048394'.

[Thu Mar 23 14:02:52 2023]
rule run_script:
    input: ABOUT
    output: /home/l/lmorrill/projects/lighting/data/robjects/KB-dmel649ChrimsonV2/clustering_nPCs/10.RDS
    log: logs/log_compute_clusters_PCs_resolution_nPC10
    jobid: 1
    reason: Missing output files: /home/l/lmorrill/projects/lighting/data/robjects/KB-dmel649ChrimsonV2/clustering_nPCs/10.RDS
    wildcards: nPC=10
    resources: mem_mb=1000, mem_mib=954, disk_mb=1000, disk_mib=954, tmpdir=<TBD>

/ceph/package/c7/R-base/4.2.0/bin/Rscript compute_clusters_PCs_resolution.R --nPCs 10
Submitted job 1 with external jobid 'Submitted batch job 5048395'.

[Thu Mar 23 14:02:52 2023]
rule run_script:
    input: ABOUT
    output: /home/l/lmorrill/projects/lighting/data/robjects/KB-dmel649ChrimsonV2/clustering_nPCs/37.RDS
    log: logs/log_compute_clusters_PCs_resolution_nPC37
    jobid: 28
    reason: Missing output files: /home/l/lmorrill/projects/lighting/data/robjects/KB-dmel649ChrimsonV2/clustering_nPCs/37.RDS
    wildcards: nPC=37
    resources: mem_mb=1000, mem_mib=954, disk_mb=1000, disk_mib=954, tmpdir=<TBD>

/ceph/package/c7/R-base/4.2.0/bin/Rscript compute_clusters_PCs_resolution.R --nPCs 37
Submitted job 28 with external jobid 'Submitted batch job 5048396'.

[Thu Mar 23 14:02:52 2023]
rule run_script:
    input: ABOUT
    output: /home/l/lmorrill/projects/lighting/data/robjects/KB-dmel649ChrimsonV2/clustering_nPCs/30.RDS
    log: logs/log_compute_clusters_PCs_resolution_nPC30
    jobid: 21
    reason: Missing output files: /home/l/lmorrill/projects/lighting/data/robjects/KB-dmel649ChrimsonV2/clustering_nPCs/30.RDS
    wildcards: nPC=30
    resources: mem_mb=1000, mem_mib=954, disk_mb=1000, disk_mib=954, tmpdir=<TBD>

/ceph/package/c7/R-base/4.2.0/bin/Rscript compute_clusters_PCs_resolution.R --nPCs 30
Submitted job 21 with external jobid 'Submitted batch job 5048397'.

[Thu Mar 23 14:02:52 2023]
rule run_script:
    input: ABOUT
    output: /home/l/lmorrill/projects/lighting/data/robjects/KB-dmel649ChrimsonV2/clustering_nPCs/20.RDS
    log: logs/log_compute_clusters_PCs_resolution_nPC20
    jobid: 11
    reason: Missing output files: /home/l/lmorrill/projects/lighting/data/robjects/KB-dmel649ChrimsonV2/clustering_nPCs/20.RDS
    wildcards: nPC=20
    resources: mem_mb=1000, mem_mib=954, disk_mb=1000, disk_mib=954, tmpdir=<TBD>

/ceph/package/c7/R-base/4.2.0/bin/Rscript compute_clusters_PCs_resolution.R --nPCs 20
Submitted job 11 with external jobid 'Submitted batch job 5048398'.
Terminating processes on user request, this might take some time.
No --cluster-cancel given. Will exit after finishing currently running jobs.
Cancelling snakemake on user request.
