Modularity Optimizer version 1.3.0 by Ludo Waltman and Nees Jan van Eck

Number of nodes: 82584
Number of edges: 2138362

Running Louvain algorithm...
Maximum modularity in 10 random starts: 0.8666
Number of communities: 27
Elapsed time: 39 seconds
Modularity Optimizer version 1.3.0 by Ludo Waltman and Nees Jan van Eck

Number of nodes: 82584
Number of edges: 2138362

Running Louvain algorithm...
Maximum modularity in 10 random starts: 0.9944
Number of communities: 4
Elapsed time: 30 seconds
Modularity Optimizer version 1.3.0 by Ludo Waltman and Nees Jan van Eck

Number of nodes: 82584
Number of edges: 2138362

Running Louvain algorithm...
Maximum modularity in 10 random starts: 0.9901
Number of communities: 6
Elapsed time: 35 seconds
Modularity Optimizer version 1.3.0 by Ludo Waltman and Nees Jan van Eck

Number of nodes: 82584
Number of edges: 2138362

Running Louvain algorithm...
Maximum modularity in 10 random starts: 0.9783
Number of communities: 8
Elapsed time: 32 seconds
Modularity Optimizer version 1.3.0 by Ludo Waltman and Nees Jan van Eck

Number of nodes: 82584
Number of edges: 2138362

Running Louvain algorithm...
Maximum modularity in 10 random starts: 0.9610
Number of communities: 12
Elapsed time: 35 seconds
Modularity Optimizer version 1.3.0 by Ludo Waltman and Nees Jan van Eck

Number of nodes: 82584
Number of edges: 2138362

Running Louvain algorithm...
Maximum modularity in 10 random starts: 0.9402
Number of communities: 14
Elapsed time: 36 seconds
Modularity Optimizer version 1.3.0 by Ludo Waltman and Nees Jan van Eck

Number of nodes: 82584
Number of edges: 2138362

Running Louvain algorithm...
Maximum modularity in 10 random starts: 0.8965
Number of communities: 21
Elapsed time: 39 seconds
Modularity Optimizer version 1.3.0 by Ludo Waltman and Nees Jan van Eck

Number of nodes: 82584
Number of edges: 2138362

Running Louvain algorithm...
Maximum modularity in 10 random starts: 0.8504
Number of communities: 30
Elapsed time: 40 seconds
Modularity Optimizer version 1.3.0 by Ludo Waltman and Nees Jan van Eck

Number of nodes: 82584
Number of edges: 2138362

Running Louvain algorithm...
Maximum modularity in 10 random starts: 0.8041
Number of communities: 46
Elapsed time: 54 seconds
Modularity Optimizer version 1.3.0 by Ludo Waltman and Nees Jan van Eck

Number of nodes: 82584
Number of edges: 2138362

Running Louvain algorithm...
Maximum modularity in 10 random starts: 0.7364
Number of communities: 83
Elapsed time: 38 seconds
CBB Profiling started Thu Mar 23 18:56:00 2023
SLURM_JOB_ID		5048911
REQ_CPU_CORES		1
REQ_MEMORY_GB		10.000000
Starting profiling...

                                                                                
                                                                                
                                    CPU (cores)                                 
  1.2 +---------------------------------------------------------------------+   
      |      +      +      +      +      +      +      +      +      +      |   
      |                                                                     |   
      |                                                                     |   
    1 |################################################################*  +-|   
      |#                                                              #     |   
      |                                                               #     |   
      |                                                               #     |   
  0.8 |-+                                                             #   +-|   
      |                                                               #     |   
      |                                                               #     |   
  0.6 |-+                                                             #   +-|   
      |                                                               #     |   
      |                                                               #     |   
      |                                                               #     |   
  0.4 |-+                                                             #   +-|   
      |                                                               #     |   
      |                                                               #     |   
      |                                                               #     |   
  0.2 |-+                                                             #   +-|   
      |                                                               #     |   
      |                                                               #     |   
      |      +      +      +      +      +      +      +      +      +#     |   
    0 +---------------------------------------------------------------------+   
      0      50    100    150    200    250    300    350    400    450    500  
                                Job profiling step                              
                                                                                

                                                                                
                                                                                
                                   Memory (GB)                                  
  10 +----------------------------------------------------------------------+   
     |      +      +      +      +       +      +      +      +      +      |   
   9 |-+                                                                  +-|   
     |                                                                      |   
     |                                                                      |   
   8 |-+                                                                  +-|   
     |                                                                      |   
   7 |-+                                                                  +-|   
     |                                                                      |   
   6 |-+                                                                  +-|   
     |                                                                      |   
   5 |-+       #                                                          +-|   
     |         ########################################################     |   
     |    ######                                                      #     |   
   4 |-+ ##                                                           #   +-|   
     |   #                                                            #     |   
   3 |-+##                                                            #   +-|   
     |  #                                                             #     |   
   2 |-##                                                             #   +-|   
     | #                                                              #     |   
     | #                                                              #     |   
   1 |##                                                              #   +-|   
     |#     +      +      +      +       +      +      +      +      +#     |   
   0 +----------------------------------------------------------------------+   
     0      50    100    150    200     250    300    350    400    450    500  
                               Job profiling step                               
                                                                                

                                                                                
                                                                                
                                    Data read (GB)                              
    4e-06 +-----------------------------------------------------------------+   
          |#############################################################    |   
          |                                                            #    |   
  3.5e-06 |-+                                                          #  +-|   
          |                                                            #    |   
          |                                                            #    |   
    3e-06 |-+                                                          #  +-|   
          |                                                            #    |   
          |                                                            #    |   
  2.5e-06 |-+                                                          #  +-|   
          |                                                            #    |   
    2e-06 |-+                                                          #  +-|   
          |                                                            #    |   
          |                                                            #    |   
  1.5e-06 |-+                                                          #  +-|   
          |                                                            #    |   
          |                                                            #    |   
    1e-06 |-+                                                          #  +-|   
          |                                                            #    |   
          |                                                            #    |   
    5e-07 |-+                                                          #  +-|   
          |                                                            #    |   
          |      +     +      +     +      +      +     +      +     + #    |   
        0 +-----------------------------------------------------------------+   
          0      50   100    150   200    250    300   350    400   450    500  
                                  Job profiling step                            
                                                                                

                                                                                
                                                                                
                                  Data written (GB)                             
  0.009 +-------------------------------------------------------------------+   
        |      +      +     +      +      +      +      +     +      +      |   
        |                                                             ##    |   
  0.008 |-+                                                           ##  +-|   
        |                                                            ###    |   
  0.007 |-+                                                       #### #  +-|   
        |                                                      ####         |   
        |                                                  #####            |   
  0.006 |-+                                             ####              +-|   
        |                                           #####                   |   
  0.005 |-+                                      ####                     +-|   
        |                                     ####                          |   
        |                                  ####                             |   
  0.004 |-+                            #####                              +-|   
        |                           ####                                    |   
  0.003 |-+                      ####                                     +-|   
        |                     ####                                          |   
        |                 ####                                              |   
  0.002 |-+            ####                                               +-|   
        |           ####                                                    |   
  0.001 |-+      ####                                                     +-|   
        |    ####                                                           |   
        | #### +      +     +      +      +      +      +     +      +      |   
      0 +-------------------------------------------------------------------+   
        0      50    100   150    200    250    300    350   400    450    500  
                                 Job profiling step                             
                                                                                
