Modularity Optimizer version 1.3.0 by Ludo Waltman and Nees Jan van Eck

Number of nodes: 82584
Number of edges: 2164812

Running Louvain algorithm...
Maximum modularity in 10 random starts: 0.8935
Number of communities: 36
Elapsed time: 31 seconds
Modularity Optimizer version 1.3.0 by Ludo Waltman and Nees Jan van Eck

Number of nodes: 82584
Number of edges: 2164812

Running Louvain algorithm...
Maximum modularity in 10 random starts: 0.9944
Number of communities: 8
Elapsed time: 31 seconds
Modularity Optimizer version 1.3.0 by Ludo Waltman and Nees Jan van Eck

Number of nodes: 82584
Number of edges: 2164812

Running Louvain algorithm...
Maximum modularity in 10 random starts: 0.9906
Number of communities: 10
Elapsed time: 28 seconds
Modularity Optimizer version 1.3.0 by Ludo Waltman and Nees Jan van Eck

Number of nodes: 82584
Number of edges: 2164812

Running Louvain algorithm...
Maximum modularity in 10 random starts: 0.9797
Number of communities: 11
Elapsed time: 26 seconds
Modularity Optimizer version 1.3.0 by Ludo Waltman and Nees Jan van Eck

Number of nodes: 82584
Number of edges: 2164812

Running Louvain algorithm...
Maximum modularity in 10 random starts: 0.9645
Number of communities: 13
Elapsed time: 27 seconds
Modularity Optimizer version 1.3.0 by Ludo Waltman and Nees Jan van Eck

Number of nodes: 82584
Number of edges: 2164812

Running Louvain algorithm...
Maximum modularity in 10 random starts: 0.9498
Number of communities: 18
Elapsed time: 28 seconds
Modularity Optimizer version 1.3.0 by Ludo Waltman and Nees Jan van Eck

Number of nodes: 82584
Number of edges: 2164812

Running Louvain algorithm...
Maximum modularity in 10 random starts: 0.9168
Number of communities: 28
Elapsed time: 35 seconds
Modularity Optimizer version 1.3.0 by Ludo Waltman and Nees Jan van Eck

Number of nodes: 82584
Number of edges: 2164812

Running Louvain algorithm...
Maximum modularity in 10 random starts: 0.8807
Number of communities: 38
Elapsed time: 32 seconds
Modularity Optimizer version 1.3.0 by Ludo Waltman and Nees Jan van Eck

Number of nodes: 82584
Number of edges: 2164812

Running Louvain algorithm...
Maximum modularity in 10 random starts: 0.8371
Number of communities: 54
Elapsed time: 32 seconds
Modularity Optimizer version 1.3.0 by Ludo Waltman and Nees Jan van Eck

Number of nodes: 82584
Number of edges: 2164812

Running Louvain algorithm...
Maximum modularity in 10 random starts: 0.7707
Number of communities: 90
Elapsed time: 39 seconds
CBB Profiling started Thu Mar 23 19:04:02 2023
SLURM_JOB_ID		5048915
REQ_CPU_CORES		1
REQ_MEMORY_GB		10.000000
Starting profiling...

                                                                                
                                                                                
                                    CPU (cores)                                 
  1.2 +---------------------------------------------------------------------+   
      |       +       +      +       +       +       +      +       +       |   
      |                                                                     |   
      |#                                                                    |   
    1 |#***#########################################################*     +-|   
      |#####                                                       #        |   
      | #                                                          #        |   
      |                                                            #        |   
  0.8 |-+                                                          #      +-|   
      |                                                            #        |   
      |                                                            #        |   
  0.6 |-+                                                          #      +-|   
      |                                                            #        |   
      |                                                            #        |   
      |                                                             #       |   
  0.4 |-+                                                           #     +-|   
      |                                                             #       |   
      |                                                             #       |   
      |                                                             #       |   
  0.2 |-+                                                           #     +-|   
      |                                                             #       |   
      |                                                             #       |   
      |       +       +      +       +       +       +      +       #       |   
    0 +---------------------------------------------------------------------+   
      0       50     100    150     200     250     300    350     400     450  
                                Job profiling step                              
                                                                                

                                                                                
                                                                                
                                   Memory (GB)                                  
  10 +----------------------------------------------------------------------+   
     |       +       +       +       +      +       +       +       +       |   
   9 |-+                                                                  +-|   
     |                                                                      |   
     |                                                                      |   
   8 |-+                                                                  +-|   
     |                                                                      |   
   7 |-+                                                                  +-|   
     |                                                                      |   
   6 |-+                                                                  +-|   
     |                                                                      |   
   5 |-+        #                                                         +-|   
     |          ####################################################        |   
     |    #######                                                  #        |   
   4 |-+  #                                                        #      +-|   
     |   ##                                                        #        |   
   3 |-+ #                                                         #      +-|   
     |  ##                                                         #        |   
   2 |-+#                                                          #      +-|   
     | ##                                                          #        |   
     | #                                                           #        |   
   1 |-#                                                           #      +-|   
     |#      +       +       +       +      +       +       +      #+       |   
   0 +----------------------------------------------------------------------+   
     0       50     100     150     200    250     300     350     400     450  
                               Job profiling step                               
                                                                                

                                                                                
                                                                                
                                    Data read (GB)                              
    4e-06 +-----------------------------------------------------------------+   
          |###########################################################      |   
          |                                                                 |   
  3.5e-06 |-+                                                             +-|   
          |                                                                 |   
          |                                                                 |   
    3e-06 |-+                                                             +-|   
          |                                                                 |   
          |                                                                 |   
  2.5e-06 |-+                                                             +-|   
          |                                                                 |   
    2e-06 |-+                                                             +-|   
          |                                                                 |   
          |                                                                 |   
  1.5e-06 |-+                                                             +-|   
          |                                                                 |   
          |                                                                 |   
    1e-06 |-+                                                             +-|   
          |                                                                 |   
          |                                                                 |   
    5e-07 |-+                                                             +-|   
          |                                                                 |   
          |      +       +      +      +       +      +      +       +      |   
        0 +-----------------------------------------------------------------+   
          0      50     100    150    200     250    300    350     400    450  
                                  Job profiling step                            
                                                                                

                                                                                
                                                                                
                                  Data written (GB)                             
  0.008 +-------------------------------------------------------------------+   
        |       +      +       +      +       +      +       +      +       |   
        |                                                           ##      |   
  0.007 |-+                                                         #     +-|   
        |                                                           #       |   
        |                                                        ####       |   
  0.006 |-+                                                   ####        +-|   
        |                                                  ####             |   
        |                                               ####                |   
  0.005 |-+                                         #####                 +-|   
        |                                        ####                       |   
  0.004 |-+                                   ####                        +-|   
        |                                  ####                             |   
        |                              #####                                |   
  0.003 |-+                         ####                                  +-|   
        |                        ####                                       |   
        |                    #####                                          |   
  0.002 |-+               ####                                            +-|   
        |              ####                                                 |   
        |           ####                                                    |   
  0.001 |-+     #####                                                     +-|   
        |    ####                                                           |   
        | ####  +      +       +      +       +      +       +      +       |   
      0 +-------------------------------------------------------------------+   
        0       50    100     150    200     250    300     350    400     450  
                                 Job profiling step                             
                                                                                
