Modularity Optimizer version 1.3.0 by Ludo Waltman and Nees Jan van Eck

Number of nodes: 82584
Number of edges: 2247898

Running Louvain algorithm...
Maximum modularity in 10 random starts: 0.9073
Number of communities: 47
Elapsed time: 27 seconds
Modularity Optimizer version 1.3.0 by Ludo Waltman and Nees Jan van Eck

Number of nodes: 82584
Number of edges: 2247898

Running Louvain algorithm...
Maximum modularity in 10 random starts: 0.9949
Number of communities: 15
Elapsed time: 23 seconds
Modularity Optimizer version 1.3.0 by Ludo Waltman and Nees Jan van Eck

Number of nodes: 82584
Number of edges: 2247898

Running Louvain algorithm...
Maximum modularity in 10 random starts: 0.9910
Number of communities: 18
Elapsed time: 22 seconds
Modularity Optimizer version 1.3.0 by Ludo Waltman and Nees Jan van Eck

Number of nodes: 82584
Number of edges: 2247898

Running Louvain algorithm...
Maximum modularity in 10 random starts: 0.9805
Number of communities: 19
Elapsed time: 27 seconds
Modularity Optimizer version 1.3.0 by Ludo Waltman and Nees Jan van Eck

Number of nodes: 82584
Number of edges: 2247898

Running Louvain algorithm...
Maximum modularity in 10 random starts: 0.9672
Number of communities: 24
Elapsed time: 26 seconds
Modularity Optimizer version 1.3.0 by Ludo Waltman and Nees Jan van Eck

Number of nodes: 82584
Number of edges: 2247898

Running Louvain algorithm...
Maximum modularity in 10 random starts: 0.9532
Number of communities: 28
Elapsed time: 29 seconds
Modularity Optimizer version 1.3.0 by Ludo Waltman and Nees Jan van Eck

Number of nodes: 82584
Number of edges: 2247898

Running Louvain algorithm...
Maximum modularity in 10 random starts: 0.9246
Number of communities: 38
Elapsed time: 28 seconds
Modularity Optimizer version 1.3.0 by Ludo Waltman and Nees Jan van Eck

Number of nodes: 82584
Number of edges: 2247898

Running Louvain algorithm...
Maximum modularity in 10 random starts: 0.8982
Number of communities: 49
Elapsed time: 43 seconds
Modularity Optimizer version 1.3.0 by Ludo Waltman and Nees Jan van Eck

Number of nodes: 82584
Number of edges: 2247898

Running Louvain algorithm...
Maximum modularity in 10 random starts: 0.8607
Number of communities: 71
Elapsed time: 23 seconds
Modularity Optimizer version 1.3.0 by Ludo Waltman and Nees Jan van Eck

Number of nodes: 82584
Number of edges: 2247898

Running Louvain algorithm...
Maximum modularity in 10 random starts: 0.8022
Number of communities: 99
Elapsed time: 26 seconds
CBB Profiling started Thu Mar 23 17:34:05 2023
SLURM_JOB_ID		5048923
REQ_CPU_CORES		1
REQ_MEMORY_GB		10.000000
Starting profiling...

                                                                                
                                                                                
                                    CPU (cores)                                 
  1.2 +---------------------------------------------------------------------+   
      |#       +        +       +        +        +        +       +        |   
      |#                                                                    |   
      |#                                                                    |   
    1 |#*#################################################################*-|   
      |####                                                              #  |   
      |##                                                                #  |   
      |#                                                                 #  |   
  0.8 |-+                                                                #+-|   
      |                                                                  #  |   
      |                                                                  #  |   
  0.6 |-+                                                                #+-|   
      |                                                                  #  |   
      |                                                                  #  |   
      |                                                                  #  |   
  0.4 |-+                                                                #+-|   
      |                                                                  #  |   
      |                                                                  #  |   
      |                                                                  #  |   
  0.2 |-+                                                                #+-|   
      |                                                                  #  |   
      |                                                                  #  |   
      |        +        +       +        +        +        +       +     #  |   
    0 +---------------------------------------------------------------------+   
      0        50      100     150      200      250      300     350      400  
                                Job profiling step                              
                                                                                

                                                                                
                                                                                
                                   Memory (GB)                                  
  10 +----------------------------------------------------------------------+   
     |        +        +        +        +       +        +        +        |   
   9 |-+                                                                  +-|   
     |                                                                      |   
     |                                                                      |   
   8 |-+                                                                  +-|   
     |                                                                      |   
   7 |-+                                                                  +-|   
     |                                                                      |   
   6 |-+                                                                  +-|   
     |           #          ####################                  ########  |   
   5 |-+         ##    ######                  ####################      #+-|   
     |           #######                                                 #  |   
     |     #######                                                       #  |   
   4 |-+  ##                                                             #+-|   
     |    #                                                              #  |   
   3 |-+ ##                                                              #+-|   
     |   #                                                               #  |   
   2 |-+#                                                                #+-|   
     | ##                                                                #  |   
     | #                                                                 #  |   
   1 |-#                                                                 #+-|   
     |#       +        +        +        +       +        +        +     #  |   
   0 +----------------------------------------------------------------------+   
     0        50      100      150      200     250      300      350      400  
                               Job profiling step                               
                                                                                

                                                                                
                                                                                
                                  Data read (GB)                                
    1 +---------------------------------------------------------------------+   
      |        +        +       +        +        +        +       +        |   
      |                                                                     |   
      |                                                                     |   
      |                                                                     |   
      |                                                                     |   
  0.5 |-+                                                                 +-|   
      |                                                                     |   
      |                                                                     |   
      |                                                                     |   
      |                                                                     |   
    0 |####################################################################-|   
      |                                                                     |   
      |                                                                     |   
      |                                                                     |   
      |                                                                     |   
      |                                                                     |   
 -0.5 |-+                                                                 +-|   
      |                                                                     |   
      |                                                                     |   
      |                                                                     |   
      |                                                                     |   
      |        +        +       +        +        +        +       +        |   
   -1 +---------------------------------------------------------------------+   
      0        50      100     150      200      250      300     350      400  
                                Job profiling step                              
                                                                                

                                                                                
                                                                                
                                  Data written (GB)                             
  0.007 +-------------------------------------------------------------------+   
        |        +       +        +       +        +       +        +    ## |   
        |                                                                ## |   
  0.006 |-+                                                             ###-|   
        |                                                            ####   |   
        |                                                         ####      |   
        |                                                     #####         |   
  0.005 |-+                                                ####           +-|   
        |                                               ####                |   
        |                                            ####                   |   
  0.004 |-+                                      ####                     +-|   
        |                                     ####                          |   
        |                                  ####                             |   
  0.003 |-+                            #####                              +-|   
        |                           ####                                    |   
        |                        ####                                       |   
  0.002 |-+                   ####                                        +-|   
        |                 ####                                              |   
        |              ####                                                 |   
        |           ####                                                    |   
  0.001 |-+     ####                                                      +-|   
        |    ####                                                           |   
        | ####   +       +        +       +        +       +        +       |   
      0 +-------------------------------------------------------------------+   
        0        50     100      150     200      250     300      350     400  
                                 Job profiling step                             
                                                                                
