Modularity Optimizer version 1.3.0 by Ludo Waltman and Nees Jan van Eck

Number of nodes: 82584
Number of edges: 2564531

Running Louvain algorithm...
Maximum modularity in 10 random starts: 0.9158
Number of communities: 147
Elapsed time: 27 seconds
Modularity Optimizer version 1.3.0 by Ludo Waltman and Nees Jan van Eck

Number of nodes: 82584
Number of edges: 2564531

Running Louvain algorithm...
Maximum modularity in 10 random starts: 0.9951
Number of communities: 109
Elapsed time: 24 seconds
Modularity Optimizer version 1.3.0 by Ludo Waltman and Nees Jan van Eck

Number of nodes: 82584
Number of edges: 2564531

Running Louvain algorithm...
Maximum modularity in 10 random starts: 0.9912
Number of communities: 111
Elapsed time: 24 seconds
Modularity Optimizer version 1.3.0 by Ludo Waltman and Nees Jan van Eck

Number of nodes: 82584
Number of edges: 2564531

Running Louvain algorithm...
Maximum modularity in 10 random starts: 0.9813
Number of communities: 115
Elapsed time: 27 seconds
Modularity Optimizer version 1.3.0 by Ludo Waltman and Nees Jan van Eck

Number of nodes: 82584
Number of edges: 2564531

Running Louvain algorithm...
Maximum modularity in 10 random starts: 0.9685
Number of communities: 120
Elapsed time: 26 seconds
Modularity Optimizer version 1.3.0 by Ludo Waltman and Nees Jan van Eck

Number of nodes: 82584
Number of edges: 2564531

Running Louvain algorithm...
Maximum modularity in 10 random starts: 0.9550
Number of communities: 127
Elapsed time: 30 seconds
Modularity Optimizer version 1.3.0 by Ludo Waltman and Nees Jan van Eck

Number of nodes: 82584
Number of edges: 2564531

Running Louvain algorithm...
Maximum modularity in 10 random starts: 0.9299
Number of communities: 141
Elapsed time: 31 seconds
Modularity Optimizer version 1.3.0 by Ludo Waltman and Nees Jan van Eck

Number of nodes: 82584
Number of edges: 2564531

Running Louvain algorithm...
Maximum modularity in 10 random starts: 0.9084
Number of communities: 150
Elapsed time: 31 seconds
Modularity Optimizer version 1.3.0 by Ludo Waltman and Nees Jan van Eck

Number of nodes: 82584
Number of edges: 2564531

Running Louvain algorithm...
Maximum modularity in 10 random starts: 0.8817
Number of communities: 175
Elapsed time: 29 seconds
Modularity Optimizer version 1.3.0 by Ludo Waltman and Nees Jan van Eck

Number of nodes: 82584
Number of edges: 2564531

Running Louvain algorithm...
Maximum modularity in 10 random starts: 0.8308
Number of communities: 219
Elapsed time: 29 seconds
CBB Profiling started Thu Mar 23 17:59:42 2023
SLURM_JOB_ID		5048925
REQ_CPU_CORES		1
REQ_MEMORY_GB		10.000000
Starting profiling...

                                                                                
                                                                                
                                    CPU (cores)                                 
    1 +---------------------------------------------------------------------+   
      | #####+      +      +      +      +      +      +      +      +   #  |   
      | #                                                                #  |   
      |##                                                                #  |   
      |##                                                                #  |   
  0.8 |##                                                                #+-|   
      |#                                                                 #  |   
      |#                                                                 #  |   
      |#                                                                 #  |   
  0.6 |#+                                                                #+-|   
      |#                                                                 #  |   
      |#                                                                 #  |   
      |#                                                                 #  |   
      |#                                                                 #  |   
  0.4 |#+                                                                #+-|   
      |#                                                                 #  |   
      |#                                                                 #  |   
      |#                                                                 #  |   
  0.2 |#+                                                                #+-|   
      |#                                                                 #  |   
      |#                                                                 #  |   
      |#                                                                 #  |   
      |      +      +      +      +      +      +      +      +      +   #  |   
    0 +---------------------------------------------------------------------+   
      0     100    200    300    400    500    600    700    800    900    1000 
                                Job profiling step                              
                                                                                

                                                                                
                                                                                
                                   Memory (GB)                                  
  10 +----------------------------------------------------------------------+   
     |      +      +      +      +       +      +      +      +      +      |   
   9 |-+                                                                  +-|   
     |                                                                      |   
     |                                                                      |   
   8 |-+                                                                  +-|   
     |                                                                      |   
   7 |-+                #################                                 +-|   
     |           ########               ##################################  |   
   6 |-+    #  ###                                                       #+-|   
     |      #  ##                                                        #  |   
   5 |-+    # #                                                          #+-|   
     |     ####                                                          #  |   
     |   ###                                                             #  |   
   4 |-+##                                                               #+-|   
     |  #                                                                #  |   
   3 |-+#                                                                #+-|   
     |  #                                                                #  |   
   2 |-##                                                                #+-|   
     | #                                                                 #  |   
     | #                                                                 #  |   
   1 |-#                                                                 #+-|   
     |##    +      +      +      +       +      +      +      +      +   #  |   
   0 +----------------------------------------------------------------------+   
     0     100    200    300    400     500    600    700    800    900    1000 
                               Job profiling step                               
                                                                                

                                                                                
                                                                                
                                  Data read (GB)                                
  2.5 +---------------------------------------------------------------------+   
      |      +      +      +      +      +      +      +      +      +      |   
      |                                                                     |   
      |   ################################################################  |   
      |   #                                                              #  |   
    2 |-+#                                                               #+-|   
      |  #                                                               #  |   
      |  #                                                               #  |   
      |  #                                                               #  |   
  1.5 |-+#                                                               #+-|   
      |  #                                                               #  |   
      |  #                                                               #  |   
      |  #                                                               #  |   
      |  #                                                               #  |   
    1 |-+#                                                               #+-|   
      |  #                                                               #  |   
      |  #                                                               #  |   
      |  #                                                               #  |   
  0.5 |-#                                                                #+-|   
      | #                                                                #  |   
      | #                                                                #  |   
      | #                                                                #  |   
      |##    +      +      +      +      +      +      +      +      +   #  |   
    0 +---------------------------------------------------------------------+   
      0     100    200    300    400    500    600    700    800    900    1000 
                                Job profiling step                              
                                                                                

                                                                                
                                                                                
                                  Data written (GB)                             
  0.016 +-------------------------------------------------------------------+   
        |      +      +     +      +      +      +      +     +      +   #  |   
        |                                                             ####  |   
  0.014 |-+                                                        ####   +-|   
        |                                                       ####        |   
        |                                                    ####           |   
  0.012 |-+                                               ####            +-|   
        |                                              ####                 |   
        |                                           ####                    |   
   0.01 |-+                                      ####                     +-|   
        |                                     ####                          |   
  0.008 |-+                               ####                            +-|   
        |                              ####                                 |   
        |                           ####                                    |   
  0.006 |-+                       ###                                     +-|   
        |                     ####                                          |   
        |                  ####                                             |   
  0.004 |-+              ###                                              +-|   
        |             ###                                                   |   
        |          ###                                                      |   
  0.002 |-+     ###                                                       +-|   
        |    ###                                                            |   
        |####  +      +     +      +      +      +      +     +      +      |   
      0 +-------------------------------------------------------------------+   
        0     100    200   300    400    500    600    700   800    900    1000 
                                 Job profiling step                             
                                                                                
