Modularity Optimizer version 1.3.0 by Ludo Waltman and Nees Jan van Eck

Number of nodes: 82584
Number of edges: 2147355

Running Louvain algorithm...
Maximum modularity in 10 random starts: 0.8597
Number of communities: 23
Elapsed time: 37 seconds
Modularity Optimizer version 1.3.0 by Ludo Waltman and Nees Jan van Eck

Number of nodes: 82584
Number of edges: 2147355

Running Louvain algorithm...
Maximum modularity in 10 random starts: 0.9941
Number of communities: 4
Elapsed time: 32 seconds
Modularity Optimizer version 1.3.0 by Ludo Waltman and Nees Jan van Eck

Number of nodes: 82584
Number of edges: 2147355

Running Louvain algorithm...
Maximum modularity in 10 random starts: 0.9900
Number of communities: 6
Elapsed time: 34 seconds
Modularity Optimizer version 1.3.0 by Ludo Waltman and Nees Jan van Eck

Number of nodes: 82584
Number of edges: 2147355

Running Louvain algorithm...
Maximum modularity in 10 random starts: 0.9778
Number of communities: 7
Elapsed time: 28 seconds
Modularity Optimizer version 1.3.0 by Ludo Waltman and Nees Jan van Eck

Number of nodes: 82584
Number of edges: 2147355

Running Louvain algorithm...
Maximum modularity in 10 random starts: 0.9602
Number of communities: 10
Elapsed time: 30 seconds
Modularity Optimizer version 1.3.0 by Ludo Waltman and Nees Jan van Eck

Number of nodes: 82584
Number of edges: 2147355

Running Louvain algorithm...
Maximum modularity in 10 random starts: 0.9393
Number of communities: 13
Elapsed time: 33 seconds
Modularity Optimizer version 1.3.0 by Ludo Waltman and Nees Jan van Eck

Number of nodes: 82584
Number of edges: 2147355

Running Louvain algorithm...
Maximum modularity in 10 random starts: 0.8918
Number of communities: 20
Elapsed time: 35 seconds
Modularity Optimizer version 1.3.0 by Ludo Waltman and Nees Jan van Eck

Number of nodes: 82584
Number of edges: 2147355

Running Louvain algorithm...
Maximum modularity in 10 random starts: 0.8461
Number of communities: 27
Elapsed time: 41 seconds
Modularity Optimizer version 1.3.0 by Ludo Waltman and Nees Jan van Eck

Number of nodes: 82584
Number of edges: 2147355

Running Louvain algorithm...
Maximum modularity in 10 random starts: 0.8000
Number of communities: 43
Elapsed time: 54 seconds
Modularity Optimizer version 1.3.0 by Ludo Waltman and Nees Jan van Eck

Number of nodes: 82584
Number of edges: 2147355

Running Louvain algorithm...
Maximum modularity in 10 random starts: 0.7314
Number of communities: 89
Elapsed time: 30 seconds
CBB Profiling started Thu Mar 23 16:05:34 2023
SLURM_JOB_ID		5048924
REQ_CPU_CORES		1
REQ_MEMORY_GB		10.000000
Starting profiling...

                                                                                
                                                                                
                                    CPU (cores)                                 
  1.2 +---------------------------------------------------------------------+   
      |       +       +      +       +       +       +      +       +       |   
      |                                                                     |   
      |                                                                     |   
    1 |*###################################################################-|   
      |##                                                                 # |   
      |#                                                                  # |   
      |                                                                   # |   
  0.8 |-+                                                                 #-|   
      |                                                                   # |   
      |                                                                   # |   
  0.6 |-+                                                                 #-|   
      |                                                                   # |   
      |                                                                   # |   
      |                                                                   # |   
  0.4 |-+                                                                 #-|   
      |                                                                   # |   
      |                                                                   # |   
      |                                                                   # |   
  0.2 |-+                                                                 #-|   
      |                                                                   # |   
      |                                                                   # |   
      |       +       +      +       +       +       +      +       +     # |   
    0 +---------------------------------------------------------------------+   
      0       50     100    150     200     250     300    350     400     450  
                                Job profiling step                              
                                                                                

                                                                                
                                                                                
                                   Memory (GB)                                  
  10 +----------------------------------------------------------------------+   
     |       +       +       +       +      +       +       +       +       |   
   9 |-+                                                                  +-|   
     |                                                                      |   
     |                                                                      |   
   8 |-+                                                                  +-|   
     |                                                                      |   
   7 |-+                                                                  +-|   
     |                                                                      |   
   6 |-+                                                                  +-|   
     |                                                                      |   
   5 |-+        #                                                         +-|   
     |          ##########################################################  |   
     |    #######                                                    #   #  |   
   4 |-+  #                                                              #+-|   
     |   ##                                                              #  |   
   3 |-+ #                                                               #+-|   
     |  #                                                                #  |   
   2 |-+#                                                                 #-|   
     | #                                                                  # |   
     | #                                                                  # |   
   1 |##                                                                  #-|   
     |#      +       +       +       +      +       +       +       +     # |   
   0 +----------------------------------------------------------------------+   
     0       50     100     150     200    250     300     350     400     450  
                               Job profiling step                               
                                                                                

                                                                                
                                                                                
                                    Data read (GB)                              
    4e-06 +-----------------------------------------------------------------+   
          |#################################################################|   
          |                                                                 |   
  3.5e-06 |-+                                                             +-|   
          |                                                                 |   
          |                                                                 |   
    3e-06 |-+                                                             +-|   
          |                                                                 |   
          |                                                                 |   
  2.5e-06 |-+                                                             +-|   
          |                                                                 |   
    2e-06 |-+                                                             +-|   
          |                                                                 |   
          |                                                                 |   
  1.5e-06 |-+                                                             +-|   
          |                                                                 |   
          |                                                                 |   
    1e-06 |-+                                                             +-|   
          |                                                                 |   
          |                                                                 |   
    5e-07 |-+                                                             +-|   
          |                                                                 |   
          |      +       +      +      +       +      +      +       +      |   
        0 +-----------------------------------------------------------------+   
          0      50     100    150    200     250    300    350     400    450  
                                  Job profiling step                            
                                                                                

                                                                                
                                                                                
                                  Data written (GB)                             
  0.008 +-------------------------------------------------------------------+   
        |       +      +       +      +       +      +       +      +     # |   
        |                                                                 # |   
  0.007 |-+                                                              ##-|   
        |                                                             ##### |   
        |                                                          ####     |   
  0.006 |-+                                                    #####      +-|   
        |                                                   ####            |   
        |                                                ####               |   
  0.005 |-+                                          #####                +-|   
        |                                         ####                      |   
  0.004 |-+                                    ####                       +-|   
        |                                  ####                             |   
        |                               ####                                |   
  0.003 |-+                          ####                                 +-|   
        |                        ####                                       |   
        |                     ####                                          |   
  0.002 |-+               #####                                           +-|   
        |              ####                                                 |   
        |           ####                                                    |   
  0.001 |-+     #####                                                     +-|   
        |    ####                                                           |   
        | ####  +      +       +      +       +      +       +      +       |   
      0 +-------------------------------------------------------------------+   
        0       50    100     150    200     250    300     350    400     450  
                                 Job profiling step                             
                                                                                
