Modularity Optimizer version 1.3.0 by Ludo Waltman and Nees Jan van Eck

Number of nodes: 82584
Number of edges: 2215703

Running Louvain algorithm...
Maximum modularity in 10 random starts: 0.9024
Number of communities: 40
Elapsed time: 27 seconds
Modularity Optimizer version 1.3.0 by Ludo Waltman and Nees Jan van Eck

Number of nodes: 82584
Number of edges: 2215703

Running Louvain algorithm...
Maximum modularity in 10 random starts: 0.9947
Number of communities: 10
Elapsed time: 24 seconds
Modularity Optimizer version 1.3.0 by Ludo Waltman and Nees Jan van Eck

Number of nodes: 82584
Number of edges: 2215703

Running Louvain algorithm...
Maximum modularity in 10 random starts: 0.9909
Number of communities: 11
Elapsed time: 28 seconds
Modularity Optimizer version 1.3.0 by Ludo Waltman and Nees Jan van Eck

Number of nodes: 82584
Number of edges: 2215703

Running Louvain algorithm...
Maximum modularity in 10 random starts: 0.9802
Number of communities: 14
Elapsed time: 24 seconds
Modularity Optimizer version 1.3.0 by Ludo Waltman and Nees Jan van Eck

Number of nodes: 82584
Number of edges: 2215703

Running Louvain algorithm...
Maximum modularity in 10 random starts: 0.9658
Number of communities: 16
Elapsed time: 22 seconds
Modularity Optimizer version 1.3.0 by Ludo Waltman and Nees Jan van Eck

Number of nodes: 82584
Number of edges: 2215703

Running Louvain algorithm...
Maximum modularity in 10 random starts: 0.9509
Number of communities: 23
Elapsed time: 28 seconds
Modularity Optimizer version 1.3.0 by Ludo Waltman and Nees Jan van Eck

Number of nodes: 82584
Number of edges: 2215703

Running Louvain algorithm...
Maximum modularity in 10 random starts: 0.9220
Number of communities: 32
Elapsed time: 27 seconds
Modularity Optimizer version 1.3.0 by Ludo Waltman and Nees Jan van Eck

Number of nodes: 82584
Number of edges: 2215703

Running Louvain algorithm...
Maximum modularity in 10 random starts: 0.8918
Number of communities: 43
Elapsed time: 24 seconds
Modularity Optimizer version 1.3.0 by Ludo Waltman and Nees Jan van Eck

Number of nodes: 82584
Number of edges: 2215703

Running Louvain algorithm...
Maximum modularity in 10 random starts: 0.8508
Number of communities: 59
Elapsed time: 27 seconds
Modularity Optimizer version 1.3.0 by Ludo Waltman and Nees Jan van Eck

Number of nodes: 82584
Number of edges: 2215703

Running Louvain algorithm...
Maximum modularity in 10 random starts: 0.7886
Number of communities: 98
Elapsed time: 31 seconds
CBB Profiling started Thu Mar 23 16:22:38 2023
SLURM_JOB_ID		5048918
REQ_CPU_CORES		1
REQ_MEMORY_GB		10.000000
Starting profiling...

                                                                                
                                                                                
                                    CPU (cores)                                 
  1.2 +---------------------------------------------------------------------+   
      |        +        +       +        +        +        +       +        |   
      |                                                             #       |   
      |                                                             #       |   
    1 |*#############################################################     +-|   
      |##                                                           #       |   
      |#                                                            #       |   
      |#                                                            #       |   
  0.8 |-+                                                           #     +-|   
      |                                                             #       |   
      |                                                             #       |   
  0.6 |-+                                                           #     +-|   
      |                                                             #       |   
      |                                                             #       |   
      |                                                             #       |   
  0.4 |-+                                                           #     +-|   
      |                                                             #       |   
      |                                                             #       |   
      |                                                             #       |   
  0.2 |-+                                                           #     +-|   
      |                                                             #       |   
      |                                                             #       |   
      |        +        +       +        +        +        +       +#       |   
    0 +---------------------------------------------------------------------+   
      0        50      100     150      200      250      300     350      400  
                                Job profiling step                              
                                                                                

                                                                                
                                                                                
                                   Memory (GB)                                  
  10 +----------------------------------------------------------------------+   
     |        +        +        +        +       +        +        +        |   
   9 |-+                                                                  +-|   
     |                                                                      |   
     |                                                                      |   
   8 |-+                                                                  +-|   
     |                                                                      |   
   7 |-+                                                                  +-|   
     |                                                                      |   
   6 |-+                                                                  +-|   
     |            #                                                         |   
   5 |-+         ##    #############################               #      +-|   
     |           #######    #                       ################        |   
     |     #######                                                 #        |   
   4 |-+  ##                                                       #      +-|   
     |    #                                                        #        |   
   3 |-+ ##                                                        #      +-|   
     |   #                                                          #       |   
   2 |-+#                                                           #     +-|   
     |  #                                                           #       |   
     | #                                                            #       |   
   1 |-#                                                            #     +-|   
     |##      +        +        +        +       +        +        +#       |   
   0 +----------------------------------------------------------------------+   
     0        50      100      150      200     250      300      350      400  
                               Job profiling step                               
                                                                                

                                                                                
                                                                                
                                  Data read (GB)                                
    1 +---------------------------------------------------------------------+   
      |        +        +       +        +        +        +       +        |   
      |                                                                     |   
      |                                                                     |   
      |                                                                     |   
      |                                                                     |   
  0.5 |-+                                                                 +-|   
      |                                                                     |   
      |                                                                     |   
      |                                                                     |   
      |                                                                     |   
    0 |##############################################################     +-|   
      |                                                                     |   
      |                                                                     |   
      |                                                                     |   
      |                                                                     |   
      |                                                                     |   
 -0.5 |-+                                                                 +-|   
      |                                                                     |   
      |                                                                     |   
      |                                                                     |   
      |                                                                     |   
      |        +        +       +        +        +        +       +        |   
   -1 +---------------------------------------------------------------------+   
      0        50      100     150      200      250      300     350      400  
                                Job profiling step                              
                                                                                

                                                                                
                                                                                
                                  Data written (GB)                             
  0.007 +-------------------------------------------------------------------+   
        |        +       +        +       +        +       +        +       |   
        |                                                           ##      |   
  0.006 |-+                                                         #     +-|   
        |                                                           #       |   
        |                                                         ###       |   
        |                                                     #####         |   
  0.005 |-+                                                ####           +-|   
        |                                               ####                |   
        |                                            ####                   |   
  0.004 |-+                                      ####                     +-|   
        |                                     ####                          |   
        |                                  ####                             |   
  0.003 |-+                            #####                              +-|   
        |                           ####                                    |   
        |                        ####                                       |   
  0.002 |-+                   ####                                        +-|   
        |                 ####                                              |   
        |              ####                                                 |   
        |           ####                                                    |   
  0.001 |-+     ####                                                      +-|   
        |    ####                                                           |   
        | ####   +       +        +       +        +       +        +       |   
      0 +-------------------------------------------------------------------+   
        0        50     100      150     200      250     300      350     400  
                                 Job profiling step                             
                                                                                
