Modularity Optimizer version 1.3.0 by Ludo Waltman and Nees Jan van Eck

Number of nodes: 82584
Number of edges: 2227105

Running Louvain algorithm...
Maximum modularity in 10 random starts: 0.9049
Number of communities: 42
Elapsed time: 27 seconds
Modularity Optimizer version 1.3.0 by Ludo Waltman and Nees Jan van Eck

Number of nodes: 82584
Number of edges: 2227105

Running Louvain algorithm...
Maximum modularity in 10 random starts: 0.9948
Number of communities: 13
Elapsed time: 22 seconds
Modularity Optimizer version 1.3.0 by Ludo Waltman and Nees Jan van Eck

Number of nodes: 82584
Number of edges: 2227105

Running Louvain algorithm...
Maximum modularity in 10 random starts: 0.9908
Number of communities: 14
Elapsed time: 24 seconds
Modularity Optimizer version 1.3.0 by Ludo Waltman and Nees Jan van Eck

Number of nodes: 82584
Number of edges: 2227105

Running Louvain algorithm...
Maximum modularity in 10 random starts: 0.9800
Number of communities: 16
Elapsed time: 23 seconds
Modularity Optimizer version 1.3.0 by Ludo Waltman and Nees Jan van Eck

Number of nodes: 82584
Number of edges: 2227105

Running Louvain algorithm...
Maximum modularity in 10 random starts: 0.9670
Number of communities: 21
Elapsed time: 27 seconds
Modularity Optimizer version 1.3.0 by Ludo Waltman and Nees Jan van Eck

Number of nodes: 82584
Number of edges: 2227105

Running Louvain algorithm...
Maximum modularity in 10 random starts: 0.9512
Number of communities: 24
Elapsed time: 23 seconds
Modularity Optimizer version 1.3.0 by Ludo Waltman and Nees Jan van Eck

Number of nodes: 82584
Number of edges: 2227105

Running Louvain algorithm...
Maximum modularity in 10 random starts: 0.9230
Number of communities: 35
Elapsed time: 26 seconds
Modularity Optimizer version 1.3.0 by Ludo Waltman and Nees Jan van Eck

Number of nodes: 82584
Number of edges: 2227105

Running Louvain algorithm...
Maximum modularity in 10 random starts: 0.8946
Number of communities: 45
Elapsed time: 24 seconds
Modularity Optimizer version 1.3.0 by Ludo Waltman and Nees Jan van Eck

Number of nodes: 82584
Number of edges: 2227105

Running Louvain algorithm...
Maximum modularity in 10 random starts: 0.8550
Number of communities: 65
Elapsed time: 27 seconds
Modularity Optimizer version 1.3.0 by Ludo Waltman and Nees Jan van Eck

Number of nodes: 82584
Number of edges: 2227105

Running Louvain algorithm...
Maximum modularity in 10 random starts: 0.7949
Number of communities: 98
Elapsed time: 34 seconds
CBB Profiling started Thu Mar 23 17:14:51 2023
SLURM_JOB_ID		5048927
REQ_CPU_CORES		1
REQ_MEMORY_GB		10.000000
Starting profiling...

                                                                                
                                                                                
                                    CPU (cores)                                 
  1.2 +---------------------------------------------------------------------+   
      |#       +        +       +        +        +        +       +        |   
      |#                                                                    |   
      |##                                                                   |   
    1 |##############################################################**   +-|   
      |                                                             #       |   
      |                                                             #       |   
      |                                                             #       |   
  0.8 |-+                                                           #     +-|   
      |                                                             #       |   
      |                                                             #       |   
  0.6 |-+                                                           #     +-|   
      |                                                             #       |   
      |                                                             #       |   
      |                                                              #      |   
  0.4 |-+                                                            #    +-|   
      |                                                              #      |   
      |                                                              #      |   
      |                                                              #      |   
  0.2 |-+                                                            #    +-|   
      |                                                              #      |   
      |                                                              #      |   
      |        +        +       +        +        +        +       + #      |   
    0 +---------------------------------------------------------------------+   
      0        50      100     150      200      250      300     350      400  
                                Job profiling step                              
                                                                                

                                                                                
                                                                                
                                   Memory (GB)                                  
  10 +----------------------------------------------------------------------+   
     |        +        +        +        +       +        +        +        |   
   9 |-+                                                                  +-|   
     |                                                                      |   
     |                                                                      |   
   8 |-+                                                                  +-|   
     |                                                                      |   
   7 |-+                                                                  +-|   
     |                                                                      |   
   6 |-+                                                                  +-|   
     |           #                                           ########       |   
   5 |-+         ##    #######################################      #     +-|   
     |           #######                                            #       |   
     |     #######                                                  #       |   
   4 |-+  ##                                                        #     +-|   
     |    #                                                         #       |   
   3 |-+ ##                                                         #     +-|   
     |   #                                                           #      |   
   2 |-+#                                                            #    +-|   
     | ##                                                            #      |   
     | #                                                             #      |   
   1 |-#                                                             #    +-|   
     |#       +        +        +        +       +        +        + #      |   
   0 +----------------------------------------------------------------------+   
     0        50      100      150      200     250      300      350      400  
                               Job profiling step                               
                                                                                

                                                                                
                                                                                
                                  Data read (GB)                                
    1 +---------------------------------------------------------------------+   
      |        +        +       +        +        +        +       +        |   
      |                                                                     |   
      |                                                                     |   
      |                                                                     |   
      |                                                                     |   
  0.5 |-+                                                                 +-|   
      |                                                                     |   
      |                                                                     |   
      |                                                                     |   
      |                                                                     |   
    0 |################################################################   +-|   
      |                                                                     |   
      |                                                                     |   
      |                                                                     |   
      |                                                                     |   
      |                                                                     |   
 -0.5 |-+                                                                 +-|   
      |                                                                     |   
      |                                                                     |   
      |                                                                     |   
      |                                                                     |   
      |        +        +       +        +        +        +       +        |   
   -1 +---------------------------------------------------------------------+   
      0        50      100     150      200      250      300     350      400  
                                Job profiling step                              
                                                                                

                                                                                
                                                                                
                                  Data written (GB)                             
  0.007 +-------------------------------------------------------------------+   
        |        +       +        +       +        +       +        +       |   
        |                                                            ##     |   
  0.006 |-+                                                          ##   +-|   
        |                                                            ##     |   
        |                                                         #####     |   
        |                                                     #####         |   
  0.005 |-+                                                ####           +-|   
        |                                               ####                |   
        |                                            ####                   |   
  0.004 |-+                                      ####                     +-|   
        |                                     ####                          |   
        |                                  ####                             |   
  0.003 |-+                            #####                              +-|   
        |                           ####                                    |   
        |                        ####                                       |   
  0.002 |-+                  #####                                        +-|   
        |                 ####                                              |   
        |              ####                                                 |   
        |           ####                                                    |   
  0.001 |-+     ####                                                      +-|   
        |    ####                                                           |   
        | ####   +       +        +       +        +       +        +       |   
      0 +-------------------------------------------------------------------+   
        0        50     100      150     200      250     300      350     400  
                                 Job profiling step                             
                                                                                
