Modularity Optimizer version 1.3.0 by Ludo Waltman and Nees Jan van Eck

Number of nodes: 82584
Number of edges: 2521944

Running Louvain algorithm...
Maximum modularity in 10 random starts: 0.9166
Number of communities: 120
Elapsed time: 27 seconds
Modularity Optimizer version 1.3.0 by Ludo Waltman and Nees Jan van Eck

Number of nodes: 82584
Number of edges: 2521944

Running Louvain algorithm...
Maximum modularity in 10 random starts: 0.9952
Number of communities: 83
Elapsed time: 31 seconds
Modularity Optimizer version 1.3.0 by Ludo Waltman and Nees Jan van Eck

Number of nodes: 82584
Number of edges: 2521944

Running Louvain algorithm...
Maximum modularity in 10 random starts: 0.9912
Number of communities: 85
Elapsed time: 28 seconds
Modularity Optimizer version 1.3.0 by Ludo Waltman and Nees Jan van Eck

Number of nodes: 82584
Number of edges: 2521944

Running Louvain algorithm...
Maximum modularity in 10 random starts: 0.9813
Number of communities: 88
Elapsed time: 33 seconds
Modularity Optimizer version 1.3.0 by Ludo Waltman and Nees Jan van Eck

Number of nodes: 82584
Number of edges: 2521944

Running Louvain algorithm...
Maximum modularity in 10 random starts: 0.9686
Number of communities: 93
Elapsed time: 32 seconds
Modularity Optimizer version 1.3.0 by Ludo Waltman and Nees Jan van Eck

Number of nodes: 82584
Number of edges: 2521944

Running Louvain algorithm...
Maximum modularity in 10 random starts: 0.9562
Number of communities: 100
Elapsed time: 35 seconds
Modularity Optimizer version 1.3.0 by Ludo Waltman and Nees Jan van Eck

Number of nodes: 82584
Number of edges: 2521944

Running Louvain algorithm...
Maximum modularity in 10 random starts: 0.9308
Number of communities: 113
Elapsed time: 30 seconds
Modularity Optimizer version 1.3.0 by Ludo Waltman and Nees Jan van Eck

Number of nodes: 82584
Number of edges: 2521944

Running Louvain algorithm...
Maximum modularity in 10 random starts: 0.9095
Number of communities: 126
Elapsed time: 25 seconds
Modularity Optimizer version 1.3.0 by Ludo Waltman and Nees Jan van Eck

Number of nodes: 82584
Number of edges: 2521944

Running Louvain algorithm...
Maximum modularity in 10 random starts: 0.8819
Number of communities: 149
Elapsed time: 30 seconds
Modularity Optimizer version 1.3.0 by Ludo Waltman and Nees Jan van Eck

Number of nodes: 82584
Number of edges: 2521944

Running Louvain algorithm...
Maximum modularity in 10 random starts: 0.8298
Number of communities: 194
Elapsed time: 25 seconds
CBB Profiling started Thu Mar 23 19:11:04 2023
SLURM_JOB_ID		5048920
REQ_CPU_CORES		1
REQ_MEMORY_GB		10.000000
Starting profiling...

                                                                                
                                                                                
                                    CPU (cores)                                 
  1.2 +---------------------------------------------------------------------+   
      |        +        +       +        +        +        +       +        |   
      |                                                                     |   
      |                                                                     |   
    1 |*################################################################* +-|   
      |#                                                               #    |   
      |#                                                               #    |   
      |                                                                #    |   
  0.8 |-+                                                              #  +-|   
      |                                                                #    |   
      |                                                                #    |   
  0.6 |-+                                                              #  +-|   
      |                                                                #    |   
      |                                                                #    |   
      |                                                                #    |   
  0.4 |-+                                                              #  +-|   
      |                                                                #    |   
      |                                                                #    |   
      |                                                                #    |   
  0.2 |-+                                                              #  +-|   
      |                                                                #    |   
      |                                                                #    |   
      |        +        +       +        +        +        +       +   #    |   
    0 +---------------------------------------------------------------------+   
      0       100      200     300      400      500      600     700      800  
                                Job profiling step                              
                                                                                

                                                                                
                                                                                
                                   Memory (GB)                                  
  10 +----------------------------------------------------------------------+   
     |        +        +        +        +       +        +        +        |   
   9 |-+                                                                  +-|   
     |                                                                      |   
     |                                                                      |   
   8 |-+                                                                  +-|   
     |                                                                      |   
   7 |-+                                                                  +-|   
     |            ######################################################    |   
   6 |-+       ####                                                    #  +-|   
     |      #  # #                                                     #    |   
   5 |-+   ##  # #                                                     #  +-|   
     |     #####                                                       #    |   
     |  ####                                                           #    |   
   4 |-+#                                                              #  +-|   
     |  #                                                              #    |   
   3 |-#                                                               #  +-|   
     | #                                                               #    |   
   2 |-#                                                               #  +-|   
     |##                                                               #    |   
     |#                                                                #    |   
   1 |#+                                                               #  +-|   
     |#       +        +        +        +       +        +        +   #    |   
   0 +----------------------------------------------------------------------+   
     0       100      200      300      400     500      600      700      800  
                               Job profiling step                               
                                                                                

                                                                                
                                                                                
                                   Data read (GB)                               
  8e-06 +-------------------------------------------------------------------+   
        |        +       +        +       +        +       +        +   #   |   
        |                                                               #   |   
  7e-06 |-+                                                             # +-|   
        |                                                               #   |   
        |                                                               #   |   
  6e-06 |-+                                                             # +-|   
        |                                                               #   |   
        |                                                               #   |   
  5e-06 |-+                                                             # +-|   
        |                                                               #   |   
  4e-06 |-+                                                             # +-|   
        |################################################################   |   
        |                                                                   |   
  3e-06 |-+                                                               +-|   
        |                                                                   |   
        |                                                                   |   
  2e-06 |-+                                                               +-|   
        |                                                                   |   
        |                                                                   |   
  1e-06 |-+                                                               +-|   
        |                                                                   |   
        |        +       +        +       +        +       +        +       |   
      0 +-------------------------------------------------------------------+   
        0       100     200      300     400      500     600      700     800  
                                 Job profiling step                             
                                                                                

                                                                                
                                                                                
                                  Data written (GB)                             
  0.014 +-------------------------------------------------------------------+   
        |        +       +        +       +        +       +        +       |   
        |                                                              ##   |   
  0.012 |-+                                                            ## +-|   
        |                                                            ####   |   
        |                                                        #####      |   
        |                                                     ####          |   
   0.01 |-+                                                ####           +-|   
        |                                              #####                |   
        |                                           ####                    |   
  0.008 |-+                                      ####                     +-|   
        |                                    #####                          |   
        |                                 ####                              |   
  0.006 |-+                            ####                               +-|   
        |                           ####                                    |   
        |                        ####                                       |   
  0.004 |-+                  ####                                         +-|   
        |                 ####                                              |   
        |              ####                                                 |   
        |           ####                                                    |   
  0.002 |-+     ####                                                      +-|   
        |    ####                                                           |   
        | ####   +       +        +       +        +       +        +       |   
      0 +-------------------------------------------------------------------+   
        0       100     200      300     400      500     600      700     800  
                                 Job profiling step                             
                                                                                
