Modularity Optimizer version 1.3.0 by Ludo Waltman and Nees Jan van Eck

Number of nodes: 82584
Number of edges: 2129700

Running Louvain algorithm...
Maximum modularity in 10 random starts: 0.8719
Number of communities: 29
Elapsed time: 34 seconds
Modularity Optimizer version 1.3.0 by Ludo Waltman and Nees Jan van Eck

Number of nodes: 82584
Number of edges: 2129700

Running Louvain algorithm...
Maximum modularity in 10 random starts: 0.9944
Number of communities: 5
Elapsed time: 29 seconds
Modularity Optimizer version 1.3.0 by Ludo Waltman and Nees Jan van Eck

Number of nodes: 82584
Number of edges: 2129700

Running Louvain algorithm...
Maximum modularity in 10 random starts: 0.9903
Number of communities: 8
Elapsed time: 30 seconds
Modularity Optimizer version 1.3.0 by Ludo Waltman and Nees Jan van Eck

Number of nodes: 82584
Number of edges: 2129700

Running Louvain algorithm...
Maximum modularity in 10 random starts: 0.9787
Number of communities: 9
Elapsed time: 24 seconds
Modularity Optimizer version 1.3.0 by Ludo Waltman and Nees Jan van Eck

Number of nodes: 82584
Number of edges: 2129700

Running Louvain algorithm...
Maximum modularity in 10 random starts: 0.9631
Number of communities: 11
Elapsed time: 28 seconds
Modularity Optimizer version 1.3.0 by Ludo Waltman and Nees Jan van Eck

Number of nodes: 82584
Number of edges: 2129700

Running Louvain algorithm...
Maximum modularity in 10 random starts: 0.9429
Number of communities: 13
Elapsed time: 33 seconds
Modularity Optimizer version 1.3.0 by Ludo Waltman and Nees Jan van Eck

Number of nodes: 82584
Number of edges: 2129700

Running Louvain algorithm...
Maximum modularity in 10 random starts: 0.9009
Number of communities: 21
Elapsed time: 34 seconds
Modularity Optimizer version 1.3.0 by Ludo Waltman and Nees Jan van Eck

Number of nodes: 82584
Number of edges: 2129700

Running Louvain algorithm...
Maximum modularity in 10 random starts: 0.8563
Number of communities: 32
Elapsed time: 38 seconds
Modularity Optimizer version 1.3.0 by Ludo Waltman and Nees Jan van Eck

Number of nodes: 82584
Number of edges: 2129700

Running Louvain algorithm...
Maximum modularity in 10 random starts: 0.8095
Number of communities: 46
Elapsed time: 39 seconds
Modularity Optimizer version 1.3.0 by Ludo Waltman and Nees Jan van Eck

Number of nodes: 82584
Number of edges: 2129700

Running Louvain algorithm...
Maximum modularity in 10 random starts: 0.7417
Number of communities: 88
Elapsed time: 39 seconds
CBB Profiling started Thu Mar 23 17:13:19 2023
SLURM_JOB_ID		5048916
REQ_CPU_CORES		1
REQ_MEMORY_GB		10.000000
Starting profiling...

                                                                                
                                                                                
                                    CPU (cores)                                 
  1.2 +---------------------------------------------------------------------+   
      |       +       +      +       +       +       +      +       +       |   
      |#                                                                    |   
      |##                                                                   |   
    1 |################################################################*  +-|   
      |                                                               #     |   
      |                                                               #     |   
      |                                                               #     |   
  0.8 |-+                                                             #   +-|   
      |                                                               #     |   
      |                                                               #     |   
  0.6 |-+                                                             #   +-|   
      |                                                               #     |   
      |                                                               #     |   
      |                                                               #     |   
  0.4 |-+                                                             #   +-|   
      |                                                               #     |   
      |                                                               #     |   
      |                                                               #     |   
  0.2 |-+                                                             #   +-|   
      |                                                               #     |   
      |                                                               #     |   
      |       +       +      +       +       +       +      +       + #     |   
    0 +---------------------------------------------------------------------+   
      0       50     100    150     200     250     300    350     400     450  
                                Job profiling step                              
                                                                                

                                                                                
                                                                                
                                   Memory (GB)                                  
  10 +----------------------------------------------------------------------+   
     |       +       +       +       +      +       +       +       +       |   
   9 |-+                                                                  +-|   
     |                                                                      |   
     |                                                                      |   
   8 |-+                                                                  +-|   
     |                                                                      |   
   7 |-+                                                                  +-|   
     |                                                                      |   
   6 |-+                                                                  +-|   
     |                                                                      |   
   5 |-+        #                                                         +-|   
     |          #######################################################     |   
     |    #######                                                     #     |   
   4 |-+  #                                                           #   +-|   
     |   ##                                                           #     |   
   3 |-+ #                                                            #   +-|   
     |  #                                                             #     |   
   2 |-+#                                                             #   +-|   
     | ##                                                             #     |   
     | #                                                              #     |   
   1 |-#                                                              #   +-|   
     |#      +       +       +       +      +       +       +       + #     |   
   0 +----------------------------------------------------------------------+   
     0       50     100     150     200    250     300     350     400     450  
                               Job profiling step                               
                                                                                

                                                                                
                                                                                
                                    Data read (GB)                              
    4e-06 +-----------------------------------------------------------------+   
          |#############################################################    |   
          |                                                                 |   
  3.5e-06 |-+                                                             +-|   
          |                                                                 |   
          |                                                                 |   
    3e-06 |-+                                                             +-|   
          |                                                                 |   
          |                                                                 |   
  2.5e-06 |-+                                                             +-|   
          |                                                                 |   
    2e-06 |-+                                                             +-|   
          |                                                                 |   
          |                                                                 |   
  1.5e-06 |-+                                                             +-|   
          |                                                                 |   
          |                                                                 |   
    1e-06 |-+                                                             +-|   
          |                                                                 |   
          |                                                                 |   
    5e-07 |-+                                                             +-|   
          |                                                                 |   
          |      +       +      +      +       +      +      +       +      |   
        0 +-----------------------------------------------------------------+   
          0      50     100    150    200     250    300    350     400    450  
                                  Job profiling step                            
                                                                                

                                                                                
                                                                                
                                  Data written (GB)                             
  0.008 +-------------------------------------------------------------------+   
        |       +      +       +      +       +      +       +      +       |   
        |                                                             ##    |   
  0.007 |-+                                                           #   +-|   
        |                                                             #     |   
        |                                                          ####     |   
  0.006 |-+                                                    ####       +-|   
        |                                                   ####            |   
        |                                                ####               |   
  0.005 |-+                                          #####                +-|   
        |                                         ####                      |   
  0.004 |-+                                    ####                       +-|   
        |                                  ####                             |   
        |                               ####                                |   
  0.003 |-+                          ####                                 +-|   
        |                        ####                                       |   
        |                     ####                                          |   
  0.002 |-+               #####                                           +-|   
        |              ####                                                 |   
        |           ####                                                    |   
  0.001 |-+     #####                                                     +-|   
        |    ####                                                           |   
        | ####  +      +       +      +       +      +       +      +       |   
      0 +-------------------------------------------------------------------+   
        0       50    100     150    200     250    300     350    400     450  
                                 Job profiling step                             
                                                                                
