Modularity Optimizer version 1.3.0 by Ludo Waltman and Nees Jan van Eck

Number of nodes: 82584
Number of edges: 2626928

Running Louvain algorithm...
Maximum modularity in 10 random starts: 0.9182
Number of communities: 145
Elapsed time: 26 seconds
Modularity Optimizer version 1.3.0 by Ludo Waltman and Nees Jan van Eck

Number of nodes: 82584
Number of edges: 2626928

Running Louvain algorithm...
Maximum modularity in 10 random starts: 0.9952
Number of communities: 108
Elapsed time: 20 seconds
Modularity Optimizer version 1.3.0 by Ludo Waltman and Nees Jan van Eck

Number of nodes: 82584
Number of edges: 2626928

Running Louvain algorithm...
Maximum modularity in 10 random starts: 0.9915
Number of communities: 109
Elapsed time: 23 seconds
Modularity Optimizer version 1.3.0 by Ludo Waltman and Nees Jan van Eck

Number of nodes: 82584
Number of edges: 2626928

Running Louvain algorithm...
Maximum modularity in 10 random starts: 0.9814
Number of communities: 112
Elapsed time: 20 seconds
Modularity Optimizer version 1.3.0 by Ludo Waltman and Nees Jan van Eck

Number of nodes: 82584
Number of edges: 2626928

Running Louvain algorithm...
Maximum modularity in 10 random starts: 0.9692
Number of communities: 118
Elapsed time: 23 seconds
Modularity Optimizer version 1.3.0 by Ludo Waltman and Nees Jan van Eck

Number of nodes: 82584
Number of edges: 2626928

Running Louvain algorithm...
Maximum modularity in 10 random starts: 0.9558
Number of communities: 123
Elapsed time: 24 seconds
Modularity Optimizer version 1.3.0 by Ludo Waltman and Nees Jan van Eck

Number of nodes: 82584
Number of edges: 2626928

Running Louvain algorithm...
Maximum modularity in 10 random starts: 0.9313
Number of communities: 138
Elapsed time: 22 seconds
Modularity Optimizer version 1.3.0 by Ludo Waltman and Nees Jan van Eck

Number of nodes: 82584
Number of edges: 2626928

Running Louvain algorithm...
Maximum modularity in 10 random starts: 0.9107
Number of communities: 152
Elapsed time: 26 seconds
Modularity Optimizer version 1.3.0 by Ludo Waltman and Nees Jan van Eck

Number of nodes: 82584
Number of edges: 2626928

Running Louvain algorithm...
Maximum modularity in 10 random starts: 0.8838
Number of communities: 178
Elapsed time: 28 seconds
Modularity Optimizer version 1.3.0 by Ludo Waltman and Nees Jan van Eck

Number of nodes: 82584
Number of edges: 2626928

Running Louvain algorithm...
Maximum modularity in 10 random starts: 0.8330
Number of communities: 221
Elapsed time: 23 seconds
CBB Profiling started Thu Mar 23 16:29:39 2023
SLURM_JOB_ID		5048912
REQ_CPU_CORES		1
REQ_MEMORY_GB		10.000000
Starting profiling...

                                                                                
                                                                                
                                    CPU (cores)                                 
  1.4 +---------------------------------------------------------------------+   
      |       +       +      +       +       +       +      +       +       |   
      |                                                                     |   
  1.2 |-+                                                                 +-|   
      |                                                                     |   
      |                                                                     |   
      |                                                                     |   
    1 |################################################################   +-|   
      |#                                                              #     |   
      |                                                               #     |   
  0.8 |-+                                                             #   +-|   
      |                                                               #     |   
      |                                                               #     |   
  0.6 |-+                                                             #   +-|   
      |                                                               #     |   
      |                                                               #     |   
  0.4 |-+                                                             #   +-|   
      |                                                               #     |   
      |                                                               #     |   
      |                                                               #     |   
  0.2 |-+                                                             #   +-|   
      |                                                               #     |   
      |       +       +      +       +       +       +      +       + #     |   
    0 +---------------------------------------------------------------------+   
      0      100     200    300     400     500     600    700     800     900  
                                Job profiling step                              
                                                                                

                                                                                
                                                                                
                                   Memory (GB)                                  
  10 +----------------------------------------------------------------------+   
     |       +       +       +       +      +       +       +       +       |   
   9 |-+                                                                  +-|   
     |                                                                      |   
     |                                                                      |   
   8 |-+                                                                  +-|   
     |                                                                      |   
   7 |-+                                                                  +-|   
     |          #######################################################     |   
   6 |-+   #  ###                                                     #   +-|   
     |     # # #                                                      #     |   
   5 |-+  ## #                                                        #   +-|   
     |    ####                                                        #     |   
     |  ###                                                           #     |   
   4 |-#                                                              #   +-|   
     | #                                                              #     |   
   3 |-#                                                              #   +-|   
     | #                                                              #     |   
   2 |#+                                                              #   +-|   
     |#                                                               #     |   
     |#                                                               #     |   
   1 |#+                                                              #   +-|   
     |#      +       +       +       +      +       +       +       + #     |   
   0 +----------------------------------------------------------------------+   
     0      100     200     300     400    500     600     700     800     900  
                               Job profiling step                               
                                                                                

                                                                                
                                                                                
                                  Data read (GB)                                
    1 +---------------------------------------------------------------------+   
      |       +       +      +       +       +       +      +       +       |   
      |                                                                     |   
      |                                                                     |   
      |                                                                     |   
      |                                                                     |   
  0.5 |-+                                                                 +-|   
      |                                                                     |   
      |                                                                     |   
      |                                                                     |   
      |                                                                     |   
    0 |################################################################   +-|   
      |                                                                     |   
      |                                                                     |   
      |                                                                     |   
      |                                                                     |   
      |                                                                     |   
 -0.5 |-+                                                                 +-|   
      |                                                                     |   
      |                                                                     |   
      |                                                                     |   
      |                                                                     |   
      |       +       +      +       +       +       +      +       +       |   
   -1 +---------------------------------------------------------------------+   
      0      100     200    300     400     500     600    700     800     900  
                                Job profiling step                              
                                                                                

                                                                                
                                                                                
                                  Data written (GB)                             
  0.014 +-------------------------------------------------------------------+   
        |       +      +       +      +       +      +       +      + #     |   
        |                                                            ##     |   
  0.012 |-+                                                       ###     +-|   
        |                                                      ###          |   
        |                                                   ###             |   
        |                                                ####               |   
   0.01 |-+                                           ####                +-|   
        |                                          ####                     |   
        |                                       ####                        |   
  0.008 |-+                                  ####                         +-|   
        |                                 ####                              |   
        |                              ####                                 |   
  0.006 |-+                         ####                                  +-|   
        |                        ####                                       |   
        |                     ####                                          |   
  0.004 |-+                ####                                           +-|   
        |               ####                                                |   
        |            ####                                                   |   
        |         ####                                                      |   
  0.002 |-+    ####                                                       +-|   
        |   ####                                                            |   
        |####   +      +       +      +       +      +       +      +       |   
      0 +-------------------------------------------------------------------+   
        0      100    200     300    400     500    600     700    800     900  
                                 Job profiling step                             
                                                                                
