Modularity Optimizer version 1.3.0 by Ludo Waltman and Nees Jan van Eck

Number of nodes: 82584
Number of edges: 2262473

Running Louvain algorithm...
Maximum modularity in 10 random starts: 0.9093
Number of communities: 44
Elapsed time: 25 seconds
Modularity Optimizer version 1.3.0 by Ludo Waltman and Nees Jan van Eck

Number of nodes: 82584
Number of edges: 2262473

Running Louvain algorithm...
Maximum modularity in 10 random starts: 0.9950
Number of communities: 12
Elapsed time: 27 seconds
Modularity Optimizer version 1.3.0 by Ludo Waltman and Nees Jan van Eck

Number of nodes: 82584
Number of edges: 2262473

Running Louvain algorithm...
Maximum modularity in 10 random starts: 0.9911
Number of communities: 13
Elapsed time: 28 seconds
Modularity Optimizer version 1.3.0 by Ludo Waltman and Nees Jan van Eck

Number of nodes: 82584
Number of edges: 2262473

Running Louvain algorithm...
Maximum modularity in 10 random starts: 0.9807
Number of communities: 14
Elapsed time: 27 seconds
Modularity Optimizer version 1.3.0 by Ludo Waltman and Nees Jan van Eck

Number of nodes: 82584
Number of edges: 2262473

Running Louvain algorithm...
Maximum modularity in 10 random starts: 0.9666
Number of communities: 20
Elapsed time: 31 seconds
Modularity Optimizer version 1.3.0 by Ludo Waltman and Nees Jan van Eck

Number of nodes: 82584
Number of edges: 2262473

Running Louvain algorithm...
Maximum modularity in 10 random starts: 0.9519
Number of communities: 25
Elapsed time: 31 seconds
Modularity Optimizer version 1.3.0 by Ludo Waltman and Nees Jan van Eck

Number of nodes: 82584
Number of edges: 2262473

Running Louvain algorithm...
Maximum modularity in 10 random starts: 0.9250
Number of communities: 35
Elapsed time: 26 seconds
Modularity Optimizer version 1.3.0 by Ludo Waltman and Nees Jan van Eck

Number of nodes: 82584
Number of edges: 2262473

Running Louvain algorithm...
Maximum modularity in 10 random starts: 0.8993
Number of communities: 45
Elapsed time: 27 seconds
Modularity Optimizer version 1.3.0 by Ludo Waltman and Nees Jan van Eck

Number of nodes: 82584
Number of edges: 2262473

Running Louvain algorithm...
Maximum modularity in 10 random starts: 0.8629
Number of communities: 66
Elapsed time: 25 seconds
Modularity Optimizer version 1.3.0 by Ludo Waltman and Nees Jan van Eck

Number of nodes: 82584
Number of edges: 2262473

Running Louvain algorithm...
Maximum modularity in 10 random starts: 0.8063
Number of communities: 101
Elapsed time: 28 seconds
CBB Profiling started Thu Mar 23 16:44:13 2023
SLURM_JOB_ID		5048922
REQ_CPU_CORES		1
REQ_MEMORY_GB		10.000000
Starting profiling...

                                                                                
                                                                                
                                    CPU (cores)                                 
  1.2 +---------------------------------------------------------------------+   
      |        +        +       +        +        +        +       +        |   
      |                                                                     |   
      |                                                                     |   
    1 |################################################################*  +-|   
      |#                                                              #     |   
      |#                                                              #     |   
      |                                                               #     |   
  0.8 |-+                                                             #   +-|   
      |                                                               #     |   
      |                                                               #     |   
  0.6 |-+                                                             #   +-|   
      |                                                               #     |   
      |                                                               #     |   
      |                                                               #     |   
  0.4 |-+                                                             #   +-|   
      |                                                               #     |   
      |                                                               #     |   
      |                                                               #     |   
  0.2 |-+                                                             #   +-|   
      |                                                               #     |   
      |                                                               #     |   
      |        +        +       +        +        +        +       +  #     |   
    0 +---------------------------------------------------------------------+   
      0        50      100     150      200      250      300     350      400  
                                Job profiling step                              
                                                                                

                                                                                
                                                                                
                                   Memory (GB)                                  
  10 +----------------------------------------------------------------------+   
     |        +        +        +        +       +        +        +        |   
   9 |-+                                                                  +-|   
     |                                                                      |   
     |                                                                      |   
   8 |-+                                                                  +-|   
     |                                                                      |   
   7 |-+                                                                  +-|   
     |                                                                      |   
   6 |-+                                                                  +-|   
     |           #                                                          |   
   5 |-+         ##    ################################    ############   +-|   
     |           #######                              ######          #     |   
     |     #######                                                    #     |   
   4 |-+  ##                                                          #   +-|   
     |    #                                                           #     |   
   3 |-+ ##                                                           #   +-|   
     |  ##                                                            #     |   
   2 |-+#                                                             #   +-|   
     | ##                                                             #     |   
     | #                                                              #     |   
   1 |-#                                                              #   +-|   
     |#       +        +        +        +       +        +        +  #     |   
   0 +----------------------------------------------------------------------+   
     0        50      100      150      200     250      300      350      400  
                               Job profiling step                               
                                                                                

                                                                                
                                                                                
                                    Data read (GB)                              
    4e-06 +-----------------------------------------------------------------+   
          |##############################################################   |   
          |                                                                 |   
  3.5e-06 |-+                                                             +-|   
          |                                                                 |   
          |                                                                 |   
    3e-06 |-+                                                             +-|   
          |                                                                 |   
          |                                                                 |   
  2.5e-06 |-+                                                             +-|   
          |                                                                 |   
    2e-06 |-+                                                             +-|   
          |                                                                 |   
          |                                                                 |   
  1.5e-06 |-+                                                             +-|   
          |                                                                 |   
          |                                                                 |   
    1e-06 |-+                                                             +-|   
          |                                                                 |   
          |                                                                 |   
    5e-07 |-+                                                             +-|   
          |                                                                 |   
          |       +        +       +       +       +        +       +       |   
        0 +-----------------------------------------------------------------+   
          0       50      100     150     200     250      300     350     400  
                                  Job profiling step                            
                                                                                

                                                                                
                                                                                
                                  Data written (GB)                             
  0.007 +-------------------------------------------------------------------+   
        |        +       +        +       +        +       +        +  #    |   
        |                                                              #    |   
  0.006 |-+                                                            #  +-|   
        |                                                            ###    |   
        |                                                         ####      |   
        |                                                     #####         |   
  0.005 |-+                                                ####           +-|   
        |                                               ####                |   
        |                                            ####                   |   
  0.004 |-+                                      ####                     +-|   
        |                                     ####                          |   
        |                                  ####                             |   
  0.003 |-+                            #####                              +-|   
        |                           ####                                    |   
        |                        ####                                       |   
  0.002 |-+                   ####                                        +-|   
        |                 ####                                              |   
        |              ####                                                 |   
        |           ####                                                    |   
  0.001 |-+     ####                                                      +-|   
        |    ####                                                           |   
        | ####   +       +        +       +        +       +        +       |   
      0 +-------------------------------------------------------------------+   
        0        50     100      150     200      250     300      350     400  
                                 Job profiling step                             
                                                                                
