Modularity Optimizer version 1.3.0 by Ludo Waltman and Nees Jan van Eck

Number of nodes: 82584
Number of edges: 2596682

Running Louvain algorithm...
Maximum modularity in 10 random starts: 0.9173
Number of communities: 126
Elapsed time: 23 seconds
Modularity Optimizer version 1.3.0 by Ludo Waltman and Nees Jan van Eck

Number of nodes: 82584
Number of edges: 2596682

Running Louvain algorithm...
Maximum modularity in 10 random starts: 0.9953
Number of communities: 88
Elapsed time: 21 seconds
Modularity Optimizer version 1.3.0 by Ludo Waltman and Nees Jan van Eck

Number of nodes: 82584
Number of edges: 2596682

Running Louvain algorithm...
Maximum modularity in 10 random starts: 0.9915
Number of communities: 89
Elapsed time: 23 seconds
Modularity Optimizer version 1.3.0 by Ludo Waltman and Nees Jan van Eck

Number of nodes: 82584
Number of edges: 2596682

Running Louvain algorithm...
Maximum modularity in 10 random starts: 0.9815
Number of communities: 93
Elapsed time: 21 seconds
Modularity Optimizer version 1.3.0 by Ludo Waltman and Nees Jan van Eck

Number of nodes: 82584
Number of edges: 2596682

Running Louvain algorithm...
Maximum modularity in 10 random starts: 0.9692
Number of communities: 98
Elapsed time: 26 seconds
Modularity Optimizer version 1.3.0 by Ludo Waltman and Nees Jan van Eck

Number of nodes: 82584
Number of edges: 2596682

Running Louvain algorithm...
Maximum modularity in 10 random starts: 0.9563
Number of communities: 103
Elapsed time: 25 seconds
Modularity Optimizer version 1.3.0 by Ludo Waltman and Nees Jan van Eck

Number of nodes: 82584
Number of edges: 2596682

Running Louvain algorithm...
Maximum modularity in 10 random starts: 0.9310
Number of communities: 117
Elapsed time: 25 seconds
Modularity Optimizer version 1.3.0 by Ludo Waltman and Nees Jan van Eck

Number of nodes: 82584
Number of edges: 2596682

Running Louvain algorithm...
Maximum modularity in 10 random starts: 0.9100
Number of communities: 132
Elapsed time: 22 seconds
Modularity Optimizer version 1.3.0 by Ludo Waltman and Nees Jan van Eck

Number of nodes: 82584
Number of edges: 2596682

Running Louvain algorithm...
Maximum modularity in 10 random starts: 0.8839
Number of communities: 155
Elapsed time: 25 seconds
Modularity Optimizer version 1.3.0 by Ludo Waltman and Nees Jan van Eck

Number of nodes: 82584
Number of edges: 2596682

Running Louvain algorithm...
Maximum modularity in 10 random starts: 0.8310
Number of communities: 198
Elapsed time: 25 seconds
CBB Profiling started Thu Mar 23 17:41:37 2023
SLURM_JOB_ID		5048908
REQ_CPU_CORES		1
REQ_MEMORY_GB		10.000000
Starting profiling...

                                                                                
                                                                                
                                    CPU (cores)                                 
  1.2 +---------------------------------------------------------------------+   
      |        +        +       +        +        +        +       +        |   
      |                                                                     |   
      |                                                                     |   
    1 |##############################################################     +-|   
      |                                                             #       |   
      |                                                             #       |   
      |                                                             #       |   
  0.8 |-+                                                           #     +-|   
      |                                                             #       |   
      |                                                             #       |   
  0.6 |-+                                                           #     +-|   
      |                                                             #       |   
      |                                                             #       |   
      |                                                             #       |   
  0.4 |-+                                                           #     +-|   
      |                                                             #       |   
      |                                                             #       |   
      |                                                             #       |   
  0.2 |-+                                                           #     +-|   
      |                                                             #       |   
      |                                                             #       |   
      |        +        +       +        +        +        +       +#       |   
    0 +---------------------------------------------------------------------+   
      0       100      200     300      400      500      600     700      800  
                                Job profiling step                              
                                                                                

                                                                                
                                                                                
                                   Memory (GB)                                  
  10 +----------------------------------------------------------------------+   
     |        +        +        +        +       +        +        +        |   
   9 |-+                                                                  +-|   
     |                                                                      |   
     |                                                                      |   
   8 |-+                                                                  +-|   
     |                                                                      |   
   7 |-+                                                                  +-|   
     |           ####################################################       |   
   6 |-+   ## ####                                                  #     +-|   
     |     ## # #                                                   #       |   
   5 |-+   ## #                                                     #     +-|   
     |     ####                                                     #       |   
     |  ####                                                        #       |   
   4 |-+#                                                           #     +-|   
     | ##                                                           #       |   
   3 |-#                                                            #     +-|   
     | #                                                            #       |   
   2 |##                                                            #     +-|   
     |#                                                             #       |   
     |#                                                             #       |   
   1 |#+                                                            #     +-|   
     |#       +        +        +        +       +        +        +#       |   
   0 +----------------------------------------------------------------------+   
     0       100      200      300      400     500      600      700      800  
                               Job profiling step                               
                                                                                

                                                                                
                                                                                
                                    Data read (GB)                              
    4e-06 +-----------------------------------------------------------------+   
          |###########################################################      |   
          |                                                                 |   
  3.5e-06 |-+                                                             +-|   
          |                                                                 |   
          |                                                                 |   
    3e-06 |-+                                                             +-|   
          |                                                                 |   
          |                                                                 |   
  2.5e-06 |-+                                                             +-|   
          |                                                                 |   
    2e-06 |-+                                                             +-|   
          |                                                                 |   
          |                                                                 |   
  1.5e-06 |-+                                                             +-|   
          |                                                                 |   
          |                                                                 |   
    1e-06 |-+                                                             +-|   
          |                                                                 |   
          |                                                                 |   
    5e-07 |-+                                                             +-|   
          |                                                                 |   
          |       +        +       +       +       +        +       +       |   
        0 +-----------------------------------------------------------------+   
          0      100      200     300     400     500      600     700     800  
                                  Job profiling step                            
                                                                                

                                                                                
                                                                                
                                  Data written (GB)                             
  0.014 +-------------------------------------------------------------------+   
        |        +       +        +       +        +       +        +       |   
        |                                                                   |   
  0.012 |-+                                                         ##    +-|   
        |                                                           #       |   
        |                                                         ###       |   
        |                                                      ####         |   
   0.01 |-+                                                ####           +-|   
        |                                               ####                |   
        |                                            ####                   |   
  0.008 |-+                                      #####                    +-|   
        |                                     ####                          |   
        |                                  ####                             |   
  0.006 |-+                            #####                              +-|   
        |                           ####                                    |   
        |                        ####                                       |   
  0.004 |-+                   ####                                        +-|   
        |                 ####                                              |   
        |              ####                                                 |   
        |           ####                                                    |   
  0.002 |-+     #####                                                     +-|   
        |    ####                                                           |   
        | ####   +       +        +       +        +       +        +       |   
      0 +-------------------------------------------------------------------+   
        0       100     200      300     400      500     600      700     800  
                                 Job profiling step                             
                                                                                
