Modularity Optimizer version 1.3.0 by Ludo Waltman and Nees Jan van Eck

Number of nodes: 82584
Number of edges: 2346801

Running Louvain algorithm...
Maximum modularity in 10 random starts: 0.9118
Number of communities: 74
Elapsed time: 25 seconds
Modularity Optimizer version 1.3.0 by Ludo Waltman and Nees Jan van Eck

Number of nodes: 82584
Number of edges: 2346801

Running Louvain algorithm...
Maximum modularity in 10 random starts: 0.9949
Number of communities: 37
Elapsed time: 26 seconds
Modularity Optimizer version 1.3.0 by Ludo Waltman and Nees Jan van Eck

Number of nodes: 82584
Number of edges: 2346801

Running Louvain algorithm...
Maximum modularity in 10 random starts: 0.9911
Number of communities: 39
Elapsed time: 24 seconds
Modularity Optimizer version 1.3.0 by Ludo Waltman and Nees Jan van Eck

Number of nodes: 82584
Number of edges: 2346801

Running Louvain algorithm...
Maximum modularity in 10 random starts: 0.9810
Number of communities: 42
Elapsed time: 26 seconds
Modularity Optimizer version 1.3.0 by Ludo Waltman and Nees Jan van Eck

Number of nodes: 82584
Number of edges: 2346801

Running Louvain algorithm...
Maximum modularity in 10 random starts: 0.9679
Number of communities: 45
Elapsed time: 29 seconds
Modularity Optimizer version 1.3.0 by Ludo Waltman and Nees Jan van Eck

Number of nodes: 82584
Number of edges: 2346801

Running Louvain algorithm...
Maximum modularity in 10 random starts: 0.9542
Number of communities: 50
Elapsed time: 29 seconds
Modularity Optimizer version 1.3.0 by Ludo Waltman and Nees Jan van Eck

Number of nodes: 82584
Number of edges: 2346801

Running Louvain algorithm...
Maximum modularity in 10 random starts: 0.9281
Number of communities: 61
Elapsed time: 29 seconds
Modularity Optimizer version 1.3.0 by Ludo Waltman and Nees Jan van Eck

Number of nodes: 82584
Number of edges: 2346801

Running Louvain algorithm...
Maximum modularity in 10 random starts: 0.9047
Number of communities: 76
Elapsed time: 30 seconds
Modularity Optimizer version 1.3.0 by Ludo Waltman and Nees Jan van Eck

Number of nodes: 82584
Number of edges: 2346801

Running Louvain algorithm...
Maximum modularity in 10 random starts: 0.8731
Number of communities: 94
Elapsed time: 21 seconds
Modularity Optimizer version 1.3.0 by Ludo Waltman and Nees Jan van Eck

Number of nodes: 82584
Number of edges: 2346801

Running Louvain algorithm...
Maximum modularity in 10 random starts: 0.8189
Number of communities: 133
Elapsed time: 25 seconds
CBB Profiling started Thu Mar 23 17:06:18 2023
SLURM_JOB_ID		5048917
REQ_CPU_CORES		1
REQ_MEMORY_GB		10.000000
Starting profiling...

                                                                                
                                                                                
                                    CPU (cores)                                 
  1.2 +---------------------------------------------------------------------+   
      |           +          +           +           +          +           |   
      |#                                                        #           |   
      |####                                                     #           |   
    1 |***#######################################################*        +-|   
      |                                                         #           |   
      |                                                         #           |   
      |                                                         #           |   
  0.8 |-+                                                       #         +-|   
      |                                                         #           |   
      |                                                         #           |   
  0.6 |-+                                                       #         +-|   
      |                                                         #           |   
      |                                                         #           |   
      |                                                         #           |   
  0.4 |-+                                                       #         +-|   
      |                                                         #           |   
      |                                                         #           |   
      |                                                         #           |   
  0.2 |-+                                                       #         +-|   
      |                                                         #           |   
      |                                                         #           |   
      |           +          +           +           +          #           |   
    0 +---------------------------------------------------------------------+   
      0          100        200         300         400        500         600  
                                Job profiling step                              
                                                                                

                                                                                
                                                                                
                                   Memory (GB)                                  
  10 +----------------------------------------------------------------------+   
     |           +           +           +          +           +           |   
   9 |-+                                                                  +-|   
     |                                                                      |   
     |                                                                      |   
   8 |-+                                                                  +-|   
     |                                                                      |   
   7 |-+                                                                  +-|   
     |                                         ##################           |   
   6 |-+              #####           ##########                #         +-|   
     |           ##  ##   #############                         #           |   
   5 |-+         ##  #                                          #         +-|   
     |           #####                                          #           |   
     |       #####                                              #           |   
   4 |-+     #                                                  #         +-|   
     |      #                                                   #           |   
   3 |-+   ##                                                   #         +-|   
     |    ##                                                    #           |   
   2 |-+ ##                                                     #         +-|   
     |   #                                                      #           |   
     |  #                                                       #           |   
   1 |-##                                                       #         +-|   
     |##         +           +           +          +           #           |   
   0 +----------------------------------------------------------------------+   
     0          100         200         300        400         500         600  
                               Job profiling step                               
                                                                                

                                                                                
                                                                                
                                    Data read (GB)                              
    4e-06 +-----------------------------------------------------------------+   
          |#######################################################          |   
          |                                                                 |   
  3.5e-06 |-+                                                             +-|   
          |                                                                 |   
          |                                                                 |   
    3e-06 |-+                                                             +-|   
          |                                                                 |   
          |                                                                 |   
  2.5e-06 |-+                                                             +-|   
          |                                                                 |   
    2e-06 |-+                                                             +-|   
          |                                                                 |   
          |                                                                 |   
  1.5e-06 |-+                                                             +-|   
          |                                                                 |   
          |                                                                 |   
    1e-06 |-+                                                             +-|   
          |                                                                 |   
          |                                                                 |   
    5e-07 |-+                                                             +-|   
          |                                                                 |   
          |          +          +          +          +          +          |   
        0 +-----------------------------------------------------------------+   
          0         100        200        300        400        500        600  
                                  Job profiling step                            
                                                                                

                                                                                
                                                                                
                                  Data written (GB)                             
  0.009 +-------------------------------------------------------------------+   
        |          +           +          +          +          ##          |   
        |                                                       #           |   
  0.008 |-+                                                    ##         +-|   
        |                                                   ####            |   
  0.007 |-+                                               ###             +-|   
        |                                              ####                 |   
        |                                           ####                    |   
  0.006 |-+                                      ####                     +-|   
        |                                     ####                          |   
  0.005 |-+                                ####                           +-|   
        |                                ###                                |   
        |                             ####                                  |   
  0.004 |-+                        ####                                   +-|   
        |                       ####                                        |   
  0.003 |-+                  ####                                         +-|   
        |                 ####                                              |   
        |               ###                                                 |   
  0.002 |-+          ####                                                 +-|   
        |         ####                                                      |   
  0.001 |-+    ####                                                       +-|   
        |   ####                                                            |   
        |####      +           +          +          +           +          |   
      0 +-------------------------------------------------------------------+   
        0         100         200        300        400         500        600  
                                 Job profiling step                             
                                                                                
