Modularity Optimizer version 1.3.0 by Ludo Waltman and Nees Jan van Eck

Number of nodes: 82584
Number of edges: 2393691

Running Louvain algorithm...
Maximum modularity in 10 random starts: 0.9142
Number of communities: 90
Elapsed time: 25 seconds
Modularity Optimizer version 1.3.0 by Ludo Waltman and Nees Jan van Eck

Number of nodes: 82584
Number of edges: 2393691

Running Louvain algorithm...
Maximum modularity in 10 random starts: 0.9951
Number of communities: 54
Elapsed time: 23 seconds
Modularity Optimizer version 1.3.0 by Ludo Waltman and Nees Jan van Eck

Number of nodes: 82584
Number of edges: 2393691

Running Louvain algorithm...
Maximum modularity in 10 random starts: 0.9913
Number of communities: 56
Elapsed time: 25 seconds
Modularity Optimizer version 1.3.0 by Ludo Waltman and Nees Jan van Eck

Number of nodes: 82584
Number of edges: 2393691

Running Louvain algorithm...
Maximum modularity in 10 random starts: 0.9812
Number of communities: 59
Elapsed time: 25 seconds
Modularity Optimizer version 1.3.0 by Ludo Waltman and Nees Jan van Eck

Number of nodes: 82584
Number of edges: 2393691

Running Louvain algorithm...
Maximum modularity in 10 random starts: 0.9682
Number of communities: 62
Elapsed time: 27 seconds
Modularity Optimizer version 1.3.0 by Ludo Waltman and Nees Jan van Eck

Number of nodes: 82584
Number of edges: 2393691

Running Louvain algorithm...
Maximum modularity in 10 random starts: 0.9534
Number of communities: 70
Elapsed time: 27 seconds
Modularity Optimizer version 1.3.0 by Ludo Waltman and Nees Jan van Eck

Number of nodes: 82584
Number of edges: 2393691

Running Louvain algorithm...
Maximum modularity in 10 random starts: 0.9290
Number of communities: 80
Elapsed time: 27 seconds
Modularity Optimizer version 1.3.0 by Ludo Waltman and Nees Jan van Eck

Number of nodes: 82584
Number of edges: 2393691

Running Louvain algorithm...
Maximum modularity in 10 random starts: 0.9067
Number of communities: 98
Elapsed time: 26 seconds
Modularity Optimizer version 1.3.0 by Ludo Waltman and Nees Jan van Eck

Number of nodes: 82584
Number of edges: 2393691

Running Louvain algorithm...
Maximum modularity in 10 random starts: 0.8767
Number of communities: 114
Elapsed time: 26 seconds
Modularity Optimizer version 1.3.0 by Ludo Waltman and Nees Jan van Eck

Number of nodes: 82584
Number of edges: 2393691

Running Louvain algorithm...
Maximum modularity in 10 random starts: 0.8221
Number of communities: 160
Elapsed time: 26 seconds
CBB Profiling started Thu Mar 23 18:00:12 2023
SLURM_JOB_ID		5048926
REQ_CPU_CORES		1
REQ_MEMORY_GB		10.000000
Starting profiling...

                                                                                
                                                                                
                                    CPU (cores)                                 
    1 +---------------------------------------------------------------------+   
      |##  ##     +          +           +           +          +    #      |   
      |#                                                             #      |   
      |                                                              #      |   
      |                                                              #      |   
  0.8 |-+                                                            #    +-|   
      |                                                              #      |   
      |                                                              #      |   
      |                                                              #      |   
  0.6 |-+                                                            #    +-|   
      |                                                              #      |   
      |                                                              #      |   
      |                                                              #      |   
      |                                                              #      |   
  0.4 |-+                                                            #    +-|   
      |                                                              #      |   
      |                                                              #      |   
      |                                                              #      |   
  0.2 |-+                                                            #    +-|   
      |                                                              #      |   
      |                                                              #      |   
      |                                                              #      |   
      |           +          +           +           +          +    #      |   
    0 +---------------------------------------------------------------------+   
      0          100        200         300         400        500         600  
                                Job profiling step                              
                                                                                

                                                                                
                                                                                
                                   Memory (GB)                                  
  10 +----------------------------------------------------------------------+   
     |           +           +           +          +           +           |   
   9 |-+                                                                  +-|   
     |                                                                      |   
     |                                                                      |   
   8 |-+                                                                  +-|   
     |                                                                      |   
   7 |-+                                                                  +-|   
     |                         #######################################      |   
   6 |-+         ###          ##                                     #    +-|   
     |       ##  # ############                                      #      |   
   5 |-+     ##  #                                                   #    +-|   
     |       #####                                                   #      |   
     |   #####                                                       #      |   
   4 |-+ #                                                           #    +-|   
     |  #                                                            #      |   
   3 |-+#                                                            #    +-|   
     | ##                                                            #      |   
   2 |-#                                                             #    +-|   
     | #                                                             #      |   
     |##                                                             #      |   
   1 |#+                                                             #    +-|   
     |#          +           +           +          +           +    #      |   
   0 +----------------------------------------------------------------------+   
     0          100         200         300        400         500         600  
                               Job profiling step                               
                                                                                

                                                                                
                                                                                
                                    Data read (GB)                              
  0.00035 +-----------------------------------------------------------------+   
          |          +          +          +          +          +    #     |   
          |                                                           #     |   
   0.0003 |-+                                                         #   +-|   
          |                                                           #     |   
          |                                                           #     |   
          |                                                           #     |   
  0.00025 |-+                                                         #   +-|   
          |                                                           #     |   
          |                                                           #     |   
   0.0002 |-+                                                         #   +-|   
          |                                                           #     |   
          |                                                           #     |   
  0.00015 |-+                                                         #   +-|   
          |                                                           #     |   
          |                                                           #     |   
   0.0001 |-+                                                         #   +-|   
          |                                                           #     |   
          |                                                           #     |   
          |                                                           #     |   
    5e-05 |-+                                                         #   +-|   
          |                                                           #     |   
          |          +          +          +          +          +    #     |   
        0 +-----------------------------------------------------------------+   
          0         100        200        300        400        500        600  
                                  Job profiling step                            
                                                                                

                                                                                
                                                                                
                                  Data written (GB)                             
   0.01 +-------------------------------------------------------------------+   
        |          +           +          +          +           +   ##     |   
  0.009 |-+                                                          #    +-|   
        |                                                            #      |   
        |                                                        #####      |   
  0.008 |-+                                                   ####        +-|   
        |                                                  ####             |   
  0.007 |-+                                             ####              +-|   
        |                                            ####                   |   
  0.006 |-+                                       ####                    +-|   
        |                                      ####                         |   
  0.005 |-+                                #####                          +-|   
        |                               ####                                |   
        |                            ####                                   |   
  0.004 |-+                       ####                                    +-|   
        |                      ####                                         |   
  0.003 |-+                 ####                                          +-|   
        |                ####                                               |   
  0.002 |-+           ####                                                +-|   
        |          ####                                                     |   
        |       ####                                                        |   
  0.001 |-+  ####                                                         +-|   
        |#####     +           +          +          +           +          |   
      0 +-------------------------------------------------------------------+   
        0         100         200        300        400         500        600  
                                 Job profiling step                             
                                                                                
