Modularity Optimizer version 1.3.0 by Ludo Waltman and Nees Jan van Eck

Number of nodes: 82584
Number of edges: 2146029

Running Louvain algorithm...
Maximum modularity in 10 random starts: 0.8822
Number of communities: 31
Elapsed time: 28 seconds
Modularity Optimizer version 1.3.0 by Ludo Waltman and Nees Jan van Eck

Number of nodes: 82584
Number of edges: 2146029

Running Louvain algorithm...
Maximum modularity in 10 random starts: 0.9944
Number of communities: 6
Elapsed time: 29 seconds
Modularity Optimizer version 1.3.0 by Ludo Waltman and Nees Jan van Eck

Number of nodes: 82584
Number of edges: 2146029

Running Louvain algorithm...
Maximum modularity in 10 random starts: 0.9904
Number of communities: 10
Elapsed time: 28 seconds
Modularity Optimizer version 1.3.0 by Ludo Waltman and Nees Jan van Eck

Number of nodes: 82584
Number of edges: 2146029

Running Louvain algorithm...
Maximum modularity in 10 random starts: 0.9789
Number of communities: 10
Elapsed time: 24 seconds
Modularity Optimizer version 1.3.0 by Ludo Waltman and Nees Jan van Eck

Number of nodes: 82584
Number of edges: 2146029

Running Louvain algorithm...
Maximum modularity in 10 random starts: 0.9638
Number of communities: 13
Elapsed time: 26 seconds
Modularity Optimizer version 1.3.0 by Ludo Waltman and Nees Jan van Eck

Number of nodes: 82584
Number of edges: 2146029

Running Louvain algorithm...
Maximum modularity in 10 random starts: 0.9466
Number of communities: 15
Elapsed time: 31 seconds
Modularity Optimizer version 1.3.0 by Ludo Waltman and Nees Jan van Eck

Number of nodes: 82584
Number of edges: 2146029

Running Louvain algorithm...
Maximum modularity in 10 random starts: 0.9086
Number of communities: 22
Elapsed time: 32 seconds
Modularity Optimizer version 1.3.0 by Ludo Waltman and Nees Jan van Eck

Number of nodes: 82584
Number of edges: 2146029

Running Louvain algorithm...
Maximum modularity in 10 random starts: 0.8684
Number of communities: 32
Elapsed time: 30 seconds
Modularity Optimizer version 1.3.0 by Ludo Waltman and Nees Jan van Eck

Number of nodes: 82584
Number of edges: 2146029

Running Louvain algorithm...
Maximum modularity in 10 random starts: 0.8206
Number of communities: 48
Elapsed time: 32 seconds
Modularity Optimizer version 1.3.0 by Ludo Waltman and Nees Jan van Eck

Number of nodes: 82584
Number of edges: 2146029

Running Louvain algorithm...
Maximum modularity in 10 random starts: 0.7544
Number of communities: 89
Elapsed time: 66 seconds
CBB Profiling started Thu Mar 23 16:58:46 2023
SLURM_JOB_ID		5048919
REQ_CPU_CORES		1
REQ_MEMORY_GB		10.000000
Starting profiling...

                                                                                
                                                                                
                                    CPU (cores)                                 
  1.2 +---------------------------------------------------------------------+   
      |       +       +      +       +       +       +      +       +       |   
      |                                                                     |   
      |                                                                     |   
    1 |###############################################################**  +-|   
      |#                                                             #      |   
      |                                                              #      |   
      |                                                              #      |   
  0.8 |-+                                                            #    +-|   
      |                                                              #      |   
      |                                                              #      |   
  0.6 |-+                                                            #    +-|   
      |                                                              #      |   
      |                                                              #      |   
      |                                                               #     |   
  0.4 |-+                                                             #   +-|   
      |                                                               #     |   
      |                                                               #     |   
      |                                                               #     |   
  0.2 |-+                                                             #   +-|   
      |                                                               #     |   
      |                                                               #     |   
      |       +       +      +       +       +       +      +       + #     |   
    0 +---------------------------------------------------------------------+   
      0       50     100    150     200     250     300    350     400     450  
                                Job profiling step                              
                                                                                

                                                                                
                                                                                
                                   Memory (GB)                                  
  10 +----------------------------------------------------------------------+   
     |       +       +       +       +      +       +       +       +       |   
   9 |-+                                                                  +-|   
     |                                                                      |   
     |                                                                      |   
   8 |-+                                                                  +-|   
     |                                                                      |   
   7 |-+                                                                  +-|   
     |                                                                      |   
   6 |-+                                                                  +-|   
     |                                                                      |   
   5 |-+        #                                                         +-|   
     |          ######################################################      |   
     |    ######                                                     #      |   
   4 |-+  #                                                          #    +-|   
     |   ##                                                          #      |   
   3 |-+ #                                                           #    +-|   
     |  #                                                            #      |   
   2 |-+#                                                             #   +-|   
     | #                                                              #     |   
     | #                                                              #     |   
   1 |##                                                              #   +-|   
     |#      +       +       +       +      +       +       +       + #     |   
   0 +----------------------------------------------------------------------+   
     0       50     100     150     200    250     300     350     400     450  
                               Job profiling step                               
                                                                                

                                                                                
                                                                                
                                  Data read (GB)                                
    1 +---------------------------------------------------------------------+   
      |       +       +      +       +       +       +      +       +       |   
      |                                                                     |   
      |                                                                     |   
      |                                                                     |   
      |                                                                     |   
  0.5 |-+                                                                 +-|   
      |                                                                     |   
      |                                                                     |   
      |                                                                     |   
      |                                                                     |   
    0 |#################################################################  +-|   
      |                                                                     |   
      |                                                                     |   
      |                                                                     |   
      |                                                                     |   
      |                                                                     |   
 -0.5 |-+                                                                 +-|   
      |                                                                     |   
      |                                                                     |   
      |                                                                     |   
      |                                                                     |   
      |       +       +      +       +       +       +      +       +       |   
   -1 +---------------------------------------------------------------------+   
      0       50     100    150     200     250     300    350     400     450  
                                Job profiling step                              
                                                                                

                                                                                
                                                                                
                                  Data written (GB)                             
  0.008 +-------------------------------------------------------------------+   
        |       +      +       +      +       +      +       +      +       |   
        |                                                             ##    |   
  0.007 |-+                                                           ##  +-|   
        |                                                             ##    |   
        |                                                          #####    |   
  0.006 |-+                                                    #####      +-|   
        |                                                   ####            |   
        |                                                ####               |   
  0.005 |-+                                          #####                +-|   
        |                                         ####                      |   
  0.004 |-+                                    ####                       +-|   
        |                                  ####                             |   
        |                               ####                                |   
  0.003 |-+                          ####                                 +-|   
        |                        ####                                       |   
        |                     ####                                          |   
  0.002 |-+                ####                                           +-|   
        |              ####                                                 |   
        |           ####                                                    |   
  0.001 |-+     #####                                                     +-|   
        |    ####                                                           |   
        | ####  +      +       +      +       +      +       +      +       |   
      0 +-------------------------------------------------------------------+   
        0       50    100     150    200     250    300     350    400     450  
                                 Job profiling step                             
                                                                                
