Building DAG of jobs...
Using shell: /usr/bin/bash
Provided cores: 1 (use --cores to define parallelism)
Rules claiming more threads will be scaled down.
Provided resources: mem_mb=1000, mem_mib=954, disk_mb=1000, disk_mib=954
Select jobs to execute...

[Thu Mar 23 18:56:02 2023]
rule run_script:
    input: ABOUT
    output: /home/l/lmorrill/projects/lighting/data/robjects/KB-dmel649ChrimsonV2/clustering_nPCs/11.RDS
    log: logs/log_compute_clusters_PCs_resolution_nPC11
    jobid: 0
    reason: Missing output files: /home/l/lmorrill/projects/lighting/data/robjects/KB-dmel649ChrimsonV2/clustering_nPCs/11.RDS
    wildcards: nPC=11
    resources: mem_mb=1000, mem_mib=954, disk_mb=1000, disk_mib=954, tmpdir=/Filers/scratch/lmorrill/5048911

/ceph/package/c7/R-base/4.2.0/bin/Rscript compute_clusters_PCs_resolution.R --nPCs 11
Attaching SeuratObject
Error in `[[<-`(`*tmp*`, , value = structure(list(orig.ident = c("SeuratProject",  : 
  argument "i" is missing, with no default
Computing nearest neighbor graph
Computing SNN
Warning: The following arguments are not used: dims
Warning: The following arguments are not used: dims
0%   10   20   30   40   50   60   70   80   90   100%
[----|----|----|----|----|----|----|----|----|----|
**************************************************|
Warning: The following arguments are not used: dims
Warning: The following arguments are not used: dims
0%   10   20   30   40   50   60   70   80   90   100%
[----|----|----|----|----|----|----|----|----|----|
**************************************************|
Warning: The following arguments are not used: dims
Warning: The following arguments are not used: dims
0%   10   20   30   40   50   60   70   80   90   100%
[----|----|----|----|----|----|----|----|----|----|
**************************************************|
Warning: The following arguments are not used: dims
Warning: The following arguments are not used: dims
0%   10   20   30   40   50   60   70   80   90   100%
[----|----|----|----|----|----|----|----|----|----|
**************************************************|
Warning: The following arguments are not used: dims
Warning: The following arguments are not used: dims
0%   10   20   30   40   50   60   70   80   90   100%
[----|----|----|----|----|----|----|----|----|----|
**************************************************|
Warning: The following arguments are not used: dims
Warning: The following arguments are not used: dims
0%   10   20   30   40   50   60   70   80   90   100%
[----|----|----|----|----|----|----|----|----|----|
**************************************************|
Warning: The following arguments are not used: dims
Warning: The following arguments are not used: dims
0%   10   20   30   40   50   60   70   80   90   100%
[----|----|----|----|----|----|----|----|----|----|
**************************************************|
Warning: The following arguments are not used: dims
Warning: The following arguments are not used: dims
0%   10   20   30   40   50   60   70   80   90   100%
[----|----|----|----|----|----|----|----|----|----|
**************************************************|
Warning: The following arguments are not used: dims
Warning: The following arguments are not used: dims
0%   10   20   30   40   50   60   70   80   90   100%
[----|----|----|----|----|----|----|----|----|----|
**************************************************|
Warning: The following arguments are not used: dims
Warning: The following arguments are not used: dims
0%   10   20   30   40   50   60   70   80   90   100%
[----|----|----|----|----|----|----|----|----|----|
**************************************************|
Waiting at most 5 seconds for missing files.
MissingOutputException in rule run_script in file /Filers/home/l/lmorrill/projects/lighting/2_analyses/compute_clusters/Snakefile, line 6:
Job 0 completed successfully, but some output files are missing. Missing files after 5 seconds. This might be due to filesystem latency. If that is the case, consider to increase the wait time with --latency-wait:
/home/l/lmorrill/projects/lighting/data/robjects/KB-dmel649ChrimsonV2/clustering_nPCs/11.RDS
Shutting down, this might take some time.
Exiting because a job execution failed. Look above for error message
