Modularity Optimizer version 1.3.0 by Ludo Waltman and Nees Jan van Eck

Number of nodes: 82584
Number of edges: 2435006

Running Louvain algorithm...
Maximum modularity in 10 random starts: 0.9159
Number of communities: 114
Elapsed time: 26 seconds
Modularity Optimizer version 1.3.0 by Ludo Waltman and Nees Jan van Eck

Number of nodes: 82584
Number of edges: 2435006

Running Louvain algorithm...
Maximum modularity in 10 random starts: 0.9951
Number of communities: 79
Elapsed time: 28 seconds
Modularity Optimizer version 1.3.0 by Ludo Waltman and Nees Jan van Eck

Number of nodes: 82584
Number of edges: 2435006

Running Louvain algorithm...
Maximum modularity in 10 random starts: 0.9913
Number of communities: 84
Elapsed time: 26 seconds
Modularity Optimizer version 1.3.0 by Ludo Waltman and Nees Jan van Eck

Number of nodes: 82584
Number of edges: 2435006

Running Louvain algorithm...
Maximum modularity in 10 random starts: 0.9812
Number of communities: 86
Elapsed time: 25 seconds
Modularity Optimizer version 1.3.0 by Ludo Waltman and Nees Jan van Eck

Number of nodes: 82584
Number of edges: 2435006

Running Louvain algorithm...
Maximum modularity in 10 random starts: 0.9686
Number of communities: 87
Elapsed time: 25 seconds
Modularity Optimizer version 1.3.0 by Ludo Waltman and Nees Jan van Eck

Number of nodes: 82584
Number of edges: 2435006

Running Louvain algorithm...
Maximum modularity in 10 random starts: 0.9551
Number of communities: 94
Elapsed time: 32 seconds
Modularity Optimizer version 1.3.0 by Ludo Waltman and Nees Jan van Eck

Number of nodes: 82584
Number of edges: 2435006

Running Louvain algorithm...
Maximum modularity in 10 random starts: 0.9303
Number of communities: 108
Elapsed time: 22 seconds
Modularity Optimizer version 1.3.0 by Ludo Waltman and Nees Jan van Eck

Number of nodes: 82584
Number of edges: 2435006

Running Louvain algorithm...
Maximum modularity in 10 random starts: 0.9086
Number of communities: 123
Elapsed time: 27 seconds
Modularity Optimizer version 1.3.0 by Ludo Waltman and Nees Jan van Eck

Number of nodes: 82584
Number of edges: 2435006

Running Louvain algorithm...
Maximum modularity in 10 random starts: 0.8796
Number of communities: 143
Elapsed time: 26 seconds
Modularity Optimizer version 1.3.0 by Ludo Waltman and Nees Jan van Eck

Number of nodes: 82584
Number of edges: 2435006

Running Louvain algorithm...
Maximum modularity in 10 random starts: 0.8273
Number of communities: 185
Elapsed time: 29 seconds
CBB Profiling started Thu Mar 23 17:22:02 2023
SLURM_JOB_ID		5048913
REQ_CPU_CORES		1
REQ_MEMORY_GB		10.000000
Starting profiling...

                                                                                
                                                                                
                                    CPU (cores)                                 
  1.2 +---------------------------------------------------------------------+   
      |         +         +         +         +         +         +         |   
      |                                                                     |   
      |#                                                                    |   
    1 |###################################################################*-|   
      |                                                                  #  |   
      |                                                                  #  |   
      |                                                                  #  |   
  0.8 |-+                                                                #+-|   
      |                                                                  #  |   
      |                                                                  #  |   
  0.6 |-+                                                                #+-|   
      |                                                                  #  |   
      |                                                                  #  |   
      |                                                                  #  |   
  0.4 |-+                                                                #+-|   
      |                                                                  #  |   
      |                                                                  #  |   
      |                                                                  #  |   
  0.2 |-+                                                                #+-|   
      |                                                                  #  |   
      |                                                                  #  |   
      |         +         +         +         +         +         +      #  |   
    0 +---------------------------------------------------------------------+   
      0        100       200       300       400       500       600       700  
                                Job profiling step                              
                                                                                

                                                                                
                                                                                
                                   Memory (GB)                                  
  10 +----------------------------------------------------------------------+   
     |         +         +         +          +         +         +         |   
   9 |-+                                                                  +-|   
     |                                                                      |   
     |                                                                      |   
   8 |-+                                                                  +-|   
     |                                                                      |   
   7 |-+                                                                  +-|   
     |             #######################################################  |   
   6 |-+    #   ###                                                      #+-|   
     |      #   ###                                                      #  |   
   5 |-+    ## ##                                                        #+-|   
     |      ####                                                         #  |   
     |  #####                                                            #  |   
   4 |-+#                                                                #+-|   
     |  #                                                                #  |   
   3 |-##                                                                #+-|   
     | #                                                                 #  |   
   2 |-#                                                                 #+-|   
     |##                                                                 #  |   
     |#                                                                  #  |   
   1 |#+                                                                 #+-|   
     |#        +         +         +          +         +         +      #  |   
   0 +----------------------------------------------------------------------+   
     0        100       200       300        400       500       600       700  
                               Job profiling step                               
                                                                                

                                                                                
                                                                                
                                    Data read (GB)                              
    4e-06 +-----------------------------------------------------------------+   
          |################################################################ |   
          |                                                                 |   
  3.5e-06 |-+                                                             +-|   
          |                                                                 |   
          |                                                                 |   
    3e-06 |-+                                                             +-|   
          |                                                                 |   
          |                                                                 |   
  2.5e-06 |-+                                                             +-|   
          |                                                                 |   
    2e-06 |-+                                                             +-|   
          |                                                                 |   
          |                                                                 |   
  1.5e-06 |-+                                                             +-|   
          |                                                                 |   
          |                                                                 |   
    1e-06 |-+                                                             +-|   
          |                                                                 |   
          |                                                                 |   
    5e-07 |-+                                                             +-|   
          |                                                                 |   
          |        +         +        +         +        +         +        |   
        0 +-----------------------------------------------------------------+   
          0       100       200      300       400      500       600      700  
                                  Job profiling step                            
                                                                                

                                                                                
                                                                                
                                  Data written (GB)                             
  0.012 +-------------------------------------------------------------------+   
        |         +        +         +         +         +        +      ## |   
        |                                                                #  |   
        |                                                              ###  |   
   0.01 |-+                                                         ####  +-|   
        |                                                        ####       |   
        |                                                    #####          |   
        |                                                 ####              |   
  0.008 |-+                                            ####               +-|   
        |                                           ####                    |   
        |                                       #####                       |   
  0.006 |-+                                  ####                         +-|   
        |                                 ####                              |   
        |                              ####                                 |   
        |                          #####                                    |   
  0.004 |-+                     ####                                      +-|   
        |                    ####                                           |   
        |                 ####                                              |   
        |              ####                                                 |   
  0.002 |-+        ####                                                   +-|   
        |       ####                                                        |   
        |    ####                                                           |   
        | ####    +        +         +         +         +        +         |   
      0 +-------------------------------------------------------------------+   
        0        100      200       300       400       500      600       700  
                                 Job profiling step                             
                                                                                
